#
# There is insufficient memory for the Java Runtime Environment to continue.
# Native memory allocation (mmap) failed to map 32505856 bytes for Failed to commit area from 0x0000000089a00000 to 0x000000008b900000 of length 32505856.
# Possible reasons:
#   The system is out of physical RAM or swap space
#   The process is running with CompressedOops enabled, and the Java Heap may be blocking the growth of the native heap
# Possible solutions:
#   Reduce memory load on the system
#   Increase physical memory or swap space
#   Check if swap backing store is full
#   Decrease Java heap size (-Xmx/-Xms)
#   Decrease number of Java threads
#   Decrease Java thread stack sizes (-Xss)
#   Set larger code cache with -XX:ReservedCodeCacheSize=
#   JVM is running with Unscaled Compressed Oops mode in which the Java heap is
#     placed in the first 4GB address space. The Java Heap base address is the
#     maximum limit for the native heap growth. Please use -XX:HeapBaseMinAddress
#     to set the Java Heap base and to place the Java Heap above 4GB virtual address.
# This output file may be truncated or incomplete.
#
#  Out of Memory Error (./open/src/hotspot/os/windows/os_windows.cpp:3287), pid=11300, tid=5448
#
# JRE version: Java(TM) SE Runtime Environment 18.9 (11.0.15+8) (build 11.0.15+8-LTS-149)
# Java VM: Java HotSpot(TM) 64-Bit Server VM 18.9 (11.0.15+8-LTS-149, mixed mode, tiered, compressed oops, g1 gc, windows-amd64)
# No core dump will be written. Minidumps are not enabled by default on client versions of Windows
#

---------------  S U M M A R Y ------------

Command Line: -javaagent:C:\Program Files\JetBrains\IntelliJ IDEA Community Edition 2022.2.1\lib\idea_rt.jar=60322:C:\Program Files\JetBrains\IntelliJ IDEA Community Edition 2022.2.1\bin -Dfile.encoding=UTF-8 com.training.Microservice1Application

Host: Intel(R) Xeon(R) Platinum 8272CL CPU @ 2.60GHz, 2 cores, 7G,  Windows 10 , 64 bit Build 19041 (10.0.19041.1889)
Time: Thu Sep  8 05:06:35 2022 Coordinated Universal Time elapsed time: 10.152147 seconds (0d 0h 0m 10s)

---------------  T H R E A D  ---------------

Current thread (0x000002bd44613800):  VMThread "VM Thread" [stack: 0x000000fdc3e00000,0x000000fdc3f00000] [id=5448]

Stack: [0x000000fdc3e00000,0x000000fdc3f00000]
[error occurred during error reporting (printing stack bounds), id 0xc0000005, EXCEPTION_ACCESS_VIOLATION (0xc0000005) at pc=0x000002bd2ea510e7]

Native frames: (J=compiled Java code, j=interpreted, Vv=VM code, C=native code)
V  [jvm.dll+0x629d8a]
V  [jvm.dll+0x7638ff]
V  [jvm.dll+0x764fa9]
V  [jvm.dll+0x765595]
V  [jvm.dll+0x76554b]
V  [jvm.dll+0x629273]
V  [jvm.dll+0x629988]
C  [ntdll.dll+0xa229f]
C  [ntdll.dll+0x51454]
C  [ntdll.dll+0xa0dce]
C  0x000002bd2ea510e7

VM_Operation (0x000000fdc38f7070): G1CollectForAllocation, mode: safepoint, requested by thread 0x000002bd273a7800


---------------  P R O C E S S  ---------------

Threads class SMR info:
_java_thread_list=0x000002bd49b7e730, length=11, elements={
0x000002bd273a7800, 0x000002bd44615000, 0x000002bd44617800, 0x000002bd44fb2800,
0x000002bd44633000, 0x000002bd44634000, 0x000002bd44638800, 0x000002bd4466e000,
0x000002bd44fe6800, 0x000002bd445b5800, 0x000002bd4543a800
}

Java Threads: ( => current thread )
  0x000002bd273a7800 JavaThread "main" [_thread_blocked, id=2208, stack(0x000000fdc3800000,0x000000fdc3900000)]
  0x000002bd44615000 JavaThread "Reference Handler" daemon [_thread_blocked, id=11132, stack(0x000000fdc3f00000,0x000000fdc4000000)]
  0x000002bd44617800 JavaThread "Finalizer" daemon [_thread_blocked, id=2752, stack(0x000000fdc4000000,0x000000fdc4100000)]
  0x000002bd44fb2800 JavaThread "Signal Dispatcher" daemon [_thread_blocked, id=13040, stack(0x000000fdc4100000,0x000000fdc4200000)]
  0x000002bd44633000 JavaThread "Attach Listener" daemon [_thread_blocked, id=10140, stack(0x000000fdc4200000,0x000000fdc4300000)]
  0x000002bd44634000 JavaThread "Service Thread" daemon [_thread_blocked, id=7108, stack(0x000000fdc4300000,0x000000fdc4400000)]
  0x000002bd44638800 JavaThread "C2 CompilerThread0" daemon [_thread_in_native, id=13016, stack(0x000000fdc4400000,0x000000fdc4500000)]
  0x000002bd4466e000 JavaThread "C1 CompilerThread0" daemon [_thread_blocked, id=11196, stack(0x000000fdc4500000,0x000000fdc4600000)]
  0x000002bd44fe6800 JavaThread "Sweeper thread" daemon [_thread_blocked, id=12360, stack(0x000000fdc4600000,0x000000fdc4700000)]
  0x000002bd445b5800 JavaThread "Common-Cleaner" daemon [_thread_blocked, id=5360, stack(0x000000fdc4700000,0x000000fdc4800000)]
  0x000002bd4543a800 JavaThread "Monitor Ctrl-Break" daemon [_thread_in_native, id=10128, stack(0x000000fdc4800000,0x000000fdc4900000)]

Other Threads:
=>0x000002bd44613800 VMThread "VM Thread" [stack: 0x000000fdc3e00000,0x000000fdc3f00000] [id=5448]
  0x000002bd4543c000 WatcherThread [stack: 0x000000fdc4900000,0x000000fdc4a00000] [id=5584]
  0x000002bd273bd000 GCTaskThread "GC Thread#0" [stack: 0x000000fdc3900000,0x000000fdc3a00000] [id=8712]
  0x000002bd455d6000 GCTaskThread "GC Thread#1" [stack: 0x000000fdc4a00000,0x000000fdc4b00000] [id=12024]
  0x000002bd273ed000 ConcurrentGCThread "G1 Main Marker" [stack: 0x000000fdc3a00000,0x000000fdc3b00000] [id=8964]
  0x000002bd273ef000 ConcurrentGCThread "G1 Conc#0" [stack: 0x000000fdc3b00000,0x000000fdc3c00000] [id=7320]
  0x000002bd27470800 ConcurrentGCThread "G1 Refine#0" [stack: 0x000000fdc3c00000,0x000000fdc3d00000] [id=1160]
  0x000002bd27471800 ConcurrentGCThread "G1 Young RemSet Sampling" [stack: 0x000000fdc3d00000,0x000000fdc3e00000] [id=11568]

Threads with active compile tasks:
C2 CompilerThread0  10162 4326       4       org.springframework.core.annotation.AnnotationUtils::getDeclaredAnnotations (39 bytes)

VM state:at safepoint (normal execution)

VM Mutex/Monitor currently owned by a thread:  ([mutex/lock_event])
[0x000002bd273a5630] Threads_lock - owner thread: 0x000002bd44613800
[0x000002bd273a4ee0] Heap_lock - owner thread: 0x000002bd273a7800

Heap address: 0x0000000080000000, size: 2048 MB, Compressed Oops mode: 32-bit
Narrow klass base: 0x0000000000000000, Narrow klass shift: 3
Compressed class space size: 1073741824 Address: 0x0000000100000000

Heap:
 garbage-first heap   total 189440K, used 17095K [0x0000000080000000, 0x0000000100000000)
  region size 1024K, 5 young (5120K), 5 survivors (5120K)
 Metaspace       used 41104K, capacity 42010K, committed 42368K, reserved 1087488K
  class space    used 4760K, capacity 5135K, committed 5248K, reserved 1048576K
Heap Regions: E=young(eden), S=young(survivor), O=old, HS=humongous(starts), HC=humongous(continues), CS=collection set, F=free, A=archive, TAMS=top-at-mark-start (previous, next)
|   0|0x0000000080000000, 0x0000000080100000, 0x0000000080100000|100%| O|  |TAMS 0x0000000080100000, 0x0000000080100000| Untracked 
|   1|0x0000000080100000, 0x0000000080200000, 0x0000000080200000|100%| O|  |TAMS 0x0000000080200000, 0x0000000080200000| Untracked 
|   2|0x0000000080200000, 0x0000000080300000, 0x0000000080300000|100%| O|  |TAMS 0x0000000080300000, 0x0000000080300000| Untracked 
|   3|0x0000000080300000, 0x0000000080400000, 0x0000000080400000|100%| O|  |TAMS 0x0000000080400000, 0x0000000080400000| Untracked 
|   4|0x0000000080400000, 0x0000000080500000, 0x0000000080500000|100%| O|  |TAMS 0x0000000080500000, 0x0000000080500000| Untracked 
|   5|0x0000000080500000, 0x0000000080600000, 0x0000000080600000|100%| O|  |TAMS 0x0000000080600000, 0x0000000080600000| Untracked 
|   6|0x0000000080600000, 0x0000000080700000, 0x0000000080700000|100%| O|  |TAMS 0x0000000080700000, 0x0000000080700000| Untracked 
|   7|0x0000000080700000, 0x0000000080800000, 0x0000000080800000|100%| O|  |TAMS 0x00000000807ef000, 0x0000000080800000| Untracked 
|   8|0x0000000080800000, 0x0000000080800000, 0x0000000080900000|  0%| F|  |TAMS 0x0000000080800000, 0x0000000080800000| Untracked 
|   9|0x0000000080900000, 0x0000000080a00000, 0x0000000080a00000|100%| O|  |TAMS 0x0000000080900000, 0x0000000080a00000| Untracked 
|  10|0x0000000080a00000, 0x0000000080b00000, 0x0000000080b00000|100%| O|  |TAMS 0x0000000080a00000, 0x0000000080b00000| Untracked 
|  11|0x0000000080b00000, 0x0000000080c00000, 0x0000000080c00000|100%| O|  |TAMS 0x0000000080b00000, 0x0000000080c00000| Untracked 
|  12|0x0000000080c00000, 0x0000000080cb1c00, 0x0000000080d00000| 69%| O|  |TAMS 0x0000000080c00000, 0x0000000080cb1c00| Untracked 
|  13|0x0000000080d00000, 0x0000000080d00000, 0x0000000080e00000|  0%| F|  |TAMS 0x0000000080d00000, 0x0000000080d00000| Untracked 
|  14|0x0000000080e00000, 0x0000000080e00000, 0x0000000080f00000|  0%| F|  |TAMS 0x0000000080e00000, 0x0000000080e00000| Untracked 
|  15|0x0000000080f00000, 0x0000000080f00000, 0x0000000081000000|  0%| F|  |TAMS 0x0000000080f00000, 0x0000000080f00000| Untracked 
|  16|0x0000000081000000, 0x0000000081000000, 0x0000000081100000|  0%| F|  |TAMS 0x0000000081000000, 0x0000000081000000| Untracked 
|  17|0x0000000081100000, 0x0000000081100000, 0x0000000081200000|  0%| F|  |TAMS 0x0000000081100000, 0x0000000081100000| Untracked 
|  18|0x0000000081200000, 0x0000000081200000, 0x0000000081300000|  0%| F|  |TAMS 0x0000000081200000, 0x0000000081200000| Untracked 
|  19|0x0000000081300000, 0x0000000081300000, 0x0000000081400000|  0%| F|  |TAMS 0x0000000081300000, 0x0000000081300000| Untracked 
|  20|0x0000000081400000, 0x0000000081400000, 0x0000000081500000|  0%| F|  |TAMS 0x0000000081400000, 0x0000000081400000| Untracked 
|  21|0x0000000081500000, 0x0000000081500000, 0x0000000081600000|  0%| F|  |TAMS 0x0000000081500000, 0x0000000081500000| Untracked 
|  22|0x0000000081600000, 0x0000000081600000, 0x0000000081700000|  0%| F|  |TAMS 0x0000000081600000, 0x0000000081600000| Untracked 
|  23|0x0000000081700000, 0x0000000081700000, 0x0000000081800000|  0%| F|  |TAMS 0x0000000081700000, 0x0000000081700000| Untracked 
|  24|0x0000000081800000, 0x0000000081800000, 0x0000000081900000|  0%| F|  |TAMS 0x0000000081800000, 0x0000000081800000| Untracked 
|  25|0x0000000081900000, 0x0000000081900000, 0x0000000081a00000|  0%| F|  |TAMS 0x0000000081900000, 0x0000000081900000| Untracked 
|  26|0x0000000081a00000, 0x0000000081a00000, 0x0000000081b00000|  0%| F|  |TAMS 0x0000000081a00000, 0x0000000081a00000| Untracked 
|  27|0x0000000081b00000, 0x0000000081b00000, 0x0000000081c00000|  0%| F|  |TAMS 0x0000000081b00000, 0x0000000081b00000| Untracked 
|  28|0x0000000081c00000, 0x0000000081c00000, 0x0000000081d00000|  0%| F|  |TAMS 0x0000000081c00000, 0x0000000081c00000| Untracked 
|  29|0x0000000081d00000, 0x0000000081d00000, 0x0000000081e00000|  0%| F|  |TAMS 0x0000000081d00000, 0x0000000081d00000| Untracked 
|  30|0x0000000081e00000, 0x0000000081e00000, 0x0000000081f00000|  0%| F|  |TAMS 0x0000000081e00000, 0x0000000081e00000| Untracked 
|  31|0x0000000081f00000, 0x0000000081f00000, 0x0000000082000000|  0%| F|  |TAMS 0x0000000081f00000, 0x0000000081f00000| Untracked 
|  32|0x0000000082000000, 0x0000000082000000, 0x0000000082100000|  0%| F|  |TAMS 0x0000000082000000, 0x0000000082000000| Untracked 
|  33|0x0000000082100000, 0x0000000082100000, 0x0000000082200000|  0%| F|  |TAMS 0x0000000082100000, 0x0000000082100000| Untracked 
|  34|0x0000000082200000, 0x0000000082200000, 0x0000000082300000|  0%| F|  |TAMS 0x0000000082200000, 0x0000000082200000| Untracked 
|  35|0x0000000082300000, 0x0000000082300000, 0x0000000082400000|  0%| F|  |TAMS 0x0000000082300000, 0x0000000082300000| Untracked 
|  36|0x0000000082400000, 0x0000000082400000, 0x0000000082500000|  0%| F|  |TAMS 0x0000000082400000, 0x0000000082400000| Untracked 
|  37|0x0000000082500000, 0x0000000082500000, 0x0000000082600000|  0%| F|  |TAMS 0x0000000082500000, 0x0000000082500000| Untracked 
|  38|0x0000000082600000, 0x0000000082600000, 0x0000000082700000|  0%| F|  |TAMS 0x0000000082600000, 0x0000000082600000| Untracked 
|  39|0x0000000082700000, 0x0000000082700000, 0x0000000082800000|  0%| F|  |TAMS 0x0000000082700000, 0x0000000082700000| Untracked 
|  40|0x0000000082800000, 0x0000000082800000, 0x0000000082900000|  0%| F|  |TAMS 0x0000000082800000, 0x0000000082800000| Untracked 
|  41|0x0000000082900000, 0x0000000082900000, 0x0000000082a00000|  0%| F|  |TAMS 0x0000000082900000, 0x0000000082900000| Untracked 
|  42|0x0000000082a00000, 0x0000000082a00000, 0x0000000082b00000|  0%| F|  |TAMS 0x0000000082a00000, 0x0000000082a00000| Untracked 
|  43|0x0000000082b00000, 0x0000000082b00000, 0x0000000082c00000|  0%| F|  |TAMS 0x0000000082b00000, 0x0000000082b00000| Untracked 
|  44|0x0000000082c00000, 0x0000000082c00000, 0x0000000082d00000|  0%| F|  |TAMS 0x0000000082c00000, 0x0000000082c00000| Untracked 
|  45|0x0000000082d00000, 0x0000000082d00000, 0x0000000082e00000|  0%| F|  |TAMS 0x0000000082d00000, 0x0000000082d00000| Untracked 
|  46|0x0000000082e00000, 0x0000000082e00000, 0x0000000082f00000|  0%| F|  |TAMS 0x0000000082e00000, 0x0000000082e00000| Untracked 
|  47|0x0000000082f00000, 0x0000000082f00000, 0x0000000083000000|  0%| F|  |TAMS 0x0000000082f00000, 0x0000000082f00000| Untracked 
|  48|0x0000000083000000, 0x0000000083000000, 0x0000000083100000|  0%| F|  |TAMS 0x0000000083000000, 0x0000000083000000| Untracked 
|  49|0x0000000083100000, 0x0000000083100000, 0x0000000083200000|  0%| F|  |TAMS 0x0000000083100000, 0x0000000083100000| Untracked 
|  50|0x0000000083200000, 0x0000000083200000, 0x0000000083300000|  0%| F|  |TAMS 0x0000000083200000, 0x0000000083200000| Untracked 
|  51|0x0000000083300000, 0x0000000083300000, 0x0000000083400000|  0%| F|  |TAMS 0x0000000083300000, 0x0000000083300000| Untracked 
|  52|0x0000000083400000, 0x0000000083400000, 0x0000000083500000|  0%| F|  |TAMS 0x0000000083400000, 0x0000000083400000| Untracked 
|  53|0x0000000083500000, 0x0000000083500000, 0x0000000083600000|  0%| F|  |TAMS 0x0000000083500000, 0x0000000083500000| Untracked 
|  54|0x0000000083600000, 0x0000000083600000, 0x0000000083700000|  0%| F|  |TAMS 0x0000000083600000, 0x0000000083600000| Untracked 
|  55|0x0000000083700000, 0x0000000083700000, 0x0000000083800000|  0%| F|  |TAMS 0x0000000083700000, 0x0000000083700000| Untracked 
|  56|0x0000000083800000, 0x0000000083800000, 0x0000000083900000|  0%| F|  |TAMS 0x0000000083800000, 0x0000000083800000| Untracked 
|  57|0x0000000083900000, 0x0000000083900000, 0x0000000083a00000|  0%| F|  |TAMS 0x0000000083900000, 0x0000000083900000| Untracked 
|  58|0x0000000083a00000, 0x0000000083a00000, 0x0000000083b00000|  0%| F|  |TAMS 0x0000000083a00000, 0x0000000083a00000| Untracked 
|  59|0x0000000083b00000, 0x0000000083b00000, 0x0000000083c00000|  0%| F|  |TAMS 0x0000000083b00000, 0x0000000083b00000| Untracked 
|  60|0x0000000083c00000, 0x0000000083c00000, 0x0000000083d00000|  0%| F|  |TAMS 0x0000000083c00000, 0x0000000083c00000| Untracked 
|  61|0x0000000083d00000, 0x0000000083d00000, 0x0000000083e00000|  0%| F|  |TAMS 0x0000000083d00000, 0x0000000083d00000| Untracked 
|  62|0x0000000083e00000, 0x0000000083e00000, 0x0000000083f00000|  0%| F|  |TAMS 0x0000000083e00000, 0x0000000083e00000| Untracked 
|  63|0x0000000083f00000, 0x0000000083f00000, 0x0000000084000000|  0%| F|  |TAMS 0x0000000083f00000, 0x0000000083f00000| Untracked 
|  64|0x0000000084000000, 0x0000000084000000, 0x0000000084100000|  0%| F|  |TAMS 0x0000000084000000, 0x0000000084000000| Untracked 
|  65|0x0000000084100000, 0x0000000084100000, 0x0000000084200000|  0%| F|  |TAMS 0x0000000084100000, 0x0000000084100000| Untracked 
|  66|0x0000000084200000, 0x0000000084200000, 0x0000000084300000|  0%| F|  |TAMS 0x0000000084200000, 0x0000000084200000| Untracked 
|  67|0x0000000084300000, 0x0000000084300000, 0x0000000084400000|  0%| F|  |TAMS 0x0000000084300000, 0x0000000084300000| Untracked 
|  68|0x0000000084400000, 0x0000000084400000, 0x0000000084500000|  0%| F|  |TAMS 0x0000000084400000, 0x0000000084400000| Untracked 
|  69|0x0000000084500000, 0x0000000084500000, 0x0000000084600000|  0%| F|  |TAMS 0x0000000084500000, 0x0000000084500000| Untracked 
|  70|0x0000000084600000, 0x0000000084600000, 0x0000000084700000|  0%| F|  |TAMS 0x0000000084600000, 0x0000000084600000| Untracked 
|  71|0x0000000084700000, 0x0000000084700000, 0x0000000084800000|  0%| F|  |TAMS 0x0000000084700000, 0x0000000084700000| Untracked 
|  72|0x0000000084800000, 0x0000000084800000, 0x0000000084900000|  0%| F|  |TAMS 0x0000000084800000, 0x0000000084800000| Untracked 
|  73|0x0000000084900000, 0x0000000084900000, 0x0000000084a00000|  0%| F|  |TAMS 0x0000000084900000, 0x0000000084900000| Untracked 
|  74|0x0000000084a00000, 0x0000000084a00000, 0x0000000084b00000|  0%| F|  |TAMS 0x0000000084a00000, 0x0000000084a00000| Untracked 
|  75|0x0000000084b00000, 0x0000000084b00000, 0x0000000084c00000|  0%| F|  |TAMS 0x0000000084b00000, 0x0000000084b00000| Untracked 
|  76|0x0000000084c00000, 0x0000000084c00000, 0x0000000084d00000|  0%| F|  |TAMS 0x0000000084c00000, 0x0000000084c00000| Untracked 
|  77|0x0000000084d00000, 0x0000000084d00000, 0x0000000084e00000|  0%| F|  |TAMS 0x0000000084d00000, 0x0000000084d00000| Untracked 
|  78|0x0000000084e00000, 0x0000000084e00000, 0x0000000084f00000|  0%| F|  |TAMS 0x0000000084e00000, 0x0000000084e00000| Untracked 
|  79|0x0000000084f00000, 0x0000000084f00000, 0x0000000085000000|  0%| F|  |TAMS 0x0000000084f00000, 0x0000000084f00000| Untracked 
|  80|0x0000000085000000, 0x0000000085000000, 0x0000000085100000|  0%| F|  |TAMS 0x0000000085000000, 0x0000000085000000| Untracked 
|  81|0x0000000085100000, 0x0000000085100000, 0x0000000085200000|  0%| F|  |TAMS 0x0000000085100000, 0x0000000085100000| Untracked 
|  82|0x0000000085200000, 0x0000000085200000, 0x0000000085300000|  0%| F|  |TAMS 0x0000000085200000, 0x0000000085200000| Untracked 
|  83|0x0000000085300000, 0x0000000085300000, 0x0000000085400000|  0%| F|  |TAMS 0x0000000085300000, 0x0000000085300000| Untracked 
|  84|0x0000000085400000, 0x0000000085500000, 0x0000000085500000|100%| S|CS|TAMS 0x0000000085400000, 0x0000000085400000| Complete 
|  85|0x0000000085500000, 0x0000000085600000, 0x0000000085600000|100%| S|CS|TAMS 0x0000000085500000, 0x0000000085500000| Complete 
|  86|0x0000000085600000, 0x0000000085700000, 0x0000000085700000|100%| S|CS|TAMS 0x0000000085600000, 0x0000000085600000| Complete 
|  87|0x0000000085700000, 0x0000000085800000, 0x0000000085800000|100%| S|CS|TAMS 0x0000000085700000, 0x0000000085700000| Complete 
|  88|0x0000000085800000, 0x0000000085900000, 0x0000000085900000|100%| S|CS|TAMS 0x0000000085800000, 0x0000000085800000| Complete 
|  89|0x0000000085900000, 0x0000000085900000, 0x0000000085a00000|  0%| F|  |TAMS 0x0000000085900000, 0x0000000085900000| Untracked 
|  90|0x0000000085a00000, 0x0000000085a00000, 0x0000000085b00000|  0%| F|  |TAMS 0x0000000085a00000, 0x0000000085a00000| Untracked 
|  91|0x0000000085b00000, 0x0000000085b00000, 0x0000000085c00000|  0%| F|  |TAMS 0x0000000085b00000, 0x0000000085b00000| Untracked 
|  92|0x0000000085c00000, 0x0000000085c00000, 0x0000000085d00000|  0%| F|  |TAMS 0x0000000085c00000, 0x0000000085c00000| Untracked 
|  93|0x0000000085d00000, 0x0000000085d00000, 0x0000000085e00000|  0%| F|  |TAMS 0x0000000085d00000, 0x0000000085d00000| Untracked 
|  94|0x0000000085e00000, 0x0000000085e00000, 0x0000000085f00000|  0%| F|  |TAMS 0x0000000085e00000, 0x0000000085e00000| Untracked 
|  95|0x0000000085f00000, 0x0000000085f00000, 0x0000000086000000|  0%| F|  |TAMS 0x0000000085f00000, 0x0000000085f00000| Untracked 
|  96|0x0000000086000000, 0x0000000086000000, 0x0000000086100000|  0%| F|  |TAMS 0x0000000086000000, 0x0000000086000000| Untracked 
|  97|0x0000000086100000, 0x0000000086100000, 0x0000000086200000|  0%| F|  |TAMS 0x0000000086100000, 0x0000000086100000| Untracked 
|  98|0x0000000086200000, 0x0000000086200000, 0x0000000086300000|  0%| F|  |TAMS 0x0000000086200000, 0x0000000086200000| Untracked 
|  99|0x0000000086300000, 0x0000000086300000, 0x0000000086400000|  0%| F|  |TAMS 0x0000000086300000, 0x0000000086300000| Untracked 
| 100|0x0000000086400000, 0x0000000086400000, 0x0000000086500000|  0%| F|  |TAMS 0x0000000086400000, 0x0000000086400000| Untracked 
| 101|0x0000000086500000, 0x0000000086500000, 0x0000000086600000|  0%| F|  |TAMS 0x0000000086500000, 0x0000000086500000| Untracked 
| 102|0x0000000086600000, 0x0000000086600000, 0x0000000086700000|  0%| F|  |TAMS 0x0000000086600000, 0x0000000086600000| Untracked 
| 103|0x0000000086700000, 0x0000000086700000, 0x0000000086800000|  0%| F|  |TAMS 0x0000000086700000, 0x0000000086700000| Untracked 
| 104|0x0000000086800000, 0x0000000086800000, 0x0000000086900000|  0%| F|  |TAMS 0x0000000086800000, 0x0000000086800000| Untracked 
| 105|0x0000000086900000, 0x0000000086900000, 0x0000000086a00000|  0%| F|  |TAMS 0x0000000086900000, 0x0000000086900000| Untracked 
| 106|0x0000000086a00000, 0x0000000086a00000, 0x0000000086b00000|  0%| F|  |TAMS 0x0000000086a00000, 0x0000000086a00000| Untracked 
| 107|0x0000000086b00000, 0x0000000086b00000, 0x0000000086c00000|  0%| F|  |TAMS 0x0000000086b00000, 0x0000000086b00000| Untracked 
| 108|0x0000000086c00000, 0x0000000086c00000, 0x0000000086d00000|  0%| F|  |TAMS 0x0000000086c00000, 0x0000000086c00000| Untracked 
| 109|0x0000000086d00000, 0x0000000086d00000, 0x0000000086e00000|  0%| F|  |TAMS 0x0000000086d00000, 0x0000000086d00000| Untracked 
| 110|0x0000000086e00000, 0x0000000086e00000, 0x0000000086f00000|  0%| F|  |TAMS 0x0000000086e00000, 0x0000000086e00000| Untracked 
| 111|0x0000000086f00000, 0x0000000086f00000, 0x0000000087000000|  0%| F|  |TAMS 0x0000000086f00000, 0x0000000086f00000| Untracked 
| 112|0x0000000087000000, 0x0000000087000000, 0x0000000087100000|  0%| F|  |TAMS 0x0000000087000000, 0x0000000087000000| Untracked 
| 113|0x0000000087100000, 0x0000000087100000, 0x0000000087200000|  0%| F|  |TAMS 0x0000000087100000, 0x0000000087100000| Untracked 
| 114|0x0000000087200000, 0x0000000087200000, 0x0000000087300000|  0%| F|  |TAMS 0x0000000087200000, 0x0000000087200000| Untracked 
| 115|0x0000000087300000, 0x0000000087300000, 0x0000000087400000|  0%| F|  |TAMS 0x0000000087300000, 0x0000000087300000| Untracked 
| 116|0x0000000087400000, 0x0000000087400000, 0x0000000087500000|  0%| F|  |TAMS 0x0000000087400000, 0x0000000087400000| Untracked 
| 117|0x0000000087500000, 0x0000000087500000, 0x0000000087600000|  0%| F|  |TAMS 0x0000000087500000, 0x0000000087500000| Untracked 
| 118|0x0000000087600000, 0x0000000087600000, 0x0000000087700000|  0%| F|  |TAMS 0x0000000087600000, 0x0000000087600000| Untracked 
| 119|0x0000000087700000, 0x0000000087700000, 0x0000000087800000|  0%| F|  |TAMS 0x0000000087700000, 0x0000000087700000| Untracked 
| 120|0x0000000087800000, 0x0000000087800000, 0x0000000087900000|  0%| F|  |TAMS 0x0000000087800000, 0x0000000087800000| Untracked 
| 121|0x0000000087900000, 0x0000000087900000, 0x0000000087a00000|  0%| F|  |TAMS 0x0000000087900000, 0x0000000087900000| Untracked 
| 122|0x0000000087a00000, 0x0000000087a00000, 0x0000000087b00000|  0%| F|  |TAMS 0x0000000087a00000, 0x0000000087a00000| Untracked 
| 123|0x0000000087b00000, 0x0000000087b00000, 0x0000000087c00000|  0%| F|  |TAMS 0x0000000087b00000, 0x0000000087b00000| Untracked 
| 124|0x0000000087c00000, 0x0000000087c00000, 0x0000000087d00000|  0%| F|  |TAMS 0x0000000087c00000, 0x0000000087c00000| Untracked 
| 125|0x0000000087d00000, 0x0000000087d00000, 0x0000000087e00000|  0%| F|  |TAMS 0x0000000087d00000, 0x0000000087d00000| Untracked 
| 126|0x0000000087e00000, 0x0000000087e00000, 0x0000000087f00000|  0%| F|  |TAMS 0x0000000087e00000, 0x0000000087e00000| Untracked 
| 127|0x0000000087f00000, 0x0000000087f00000, 0x0000000088000000|  0%| F|  |TAMS 0x0000000087f00000, 0x0000000087f00000| Untracked 
| 128|0x0000000088000000, 0x0000000088000000, 0x0000000088100000|  0%| F|  |TAMS 0x0000000088000000, 0x0000000088000000| Untracked 
| 129|0x0000000088100000, 0x0000000088100000, 0x0000000088200000|  0%| F|  |TAMS 0x0000000088100000, 0x0000000088100000| Untracked 
| 130|0x0000000088200000, 0x0000000088200000, 0x0000000088300000|  0%| F|  |TAMS 0x0000000088200000, 0x0000000088200000| Untracked 
| 131|0x0000000088300000, 0x0000000088300000, 0x0000000088400000|  0%| F|  |TAMS 0x0000000088300000, 0x0000000088300000| Untracked 
| 132|0x0000000088400000, 0x0000000088400000, 0x0000000088500000|  0%| F|  |TAMS 0x0000000088400000, 0x0000000088400000| Untracked 
| 133|0x0000000088500000, 0x0000000088500000, 0x0000000088600000|  0%| F|  |TAMS 0x0000000088500000, 0x0000000088500000| Untracked 
| 134|0x0000000088600000, 0x0000000088600000, 0x0000000088700000|  0%| F|  |TAMS 0x0000000088600000, 0x0000000088600000| Untracked 
| 135|0x0000000088700000, 0x0000000088700000, 0x0000000088800000|  0%| F|  |TAMS 0x0000000088700000, 0x0000000088700000| Untracked 
| 136|0x0000000088800000, 0x0000000088800000, 0x0000000088900000|  0%| F|  |TAMS 0x0000000088800000, 0x0000000088800000| Untracked 
| 137|0x0000000088900000, 0x0000000088900000, 0x0000000088a00000|  0%| F|  |TAMS 0x0000000088900000, 0x0000000088900000| Untracked 
| 138|0x0000000088a00000, 0x0000000088a00000, 0x0000000088b00000|  0%| F|  |TAMS 0x0000000088a00000, 0x0000000088a00000| Untracked 
| 139|0x0000000088b00000, 0x0000000088b00000, 0x0000000088c00000|  0%| F|  |TAMS 0x0000000088b00000, 0x0000000088b00000| Untracked 
| 140|0x0000000088c00000, 0x0000000088c00000, 0x0000000088d00000|  0%| F|  |TAMS 0x0000000088c00000, 0x0000000088c00000| Untracked 
| 141|0x0000000088d00000, 0x0000000088d00000, 0x0000000088e00000|  0%| F|  |TAMS 0x0000000088d00000, 0x0000000088d00000| Untracked 
| 142|0x0000000088e00000, 0x0000000088e00000, 0x0000000088f00000|  0%| F|  |TAMS 0x0000000088e00000, 0x0000000088e00000| Untracked 
| 143|0x0000000088f00000, 0x0000000088f00000, 0x0000000089000000|  0%| F|  |TAMS 0x0000000088f00000, 0x0000000088f00000| Untracked 
| 144|0x0000000089000000, 0x0000000089000000, 0x0000000089100000|  0%| F|  |TAMS 0x0000000089000000, 0x0000000089000000| Untracked 
| 145|0x0000000089100000, 0x0000000089100000, 0x0000000089200000|  0%| F|  |TAMS 0x0000000089100000, 0x0000000089100000| Untracked 
| 146|0x0000000089200000, 0x0000000089200000, 0x0000000089300000|  0%| F|  |TAMS 0x0000000089200000, 0x0000000089200000| Untracked 
| 147|0x0000000089300000, 0x0000000089300000, 0x0000000089400000|  0%| F|  |TAMS 0x0000000089300000, 0x0000000089300000| Untracked 
| 148|0x0000000089400000, 0x0000000089400000, 0x0000000089500000|  0%| F|  |TAMS 0x0000000089400000, 0x0000000089400000| Untracked 
| 149|0x0000000089500000, 0x0000000089500000, 0x0000000089600000|  0%| F|  |TAMS 0x0000000089500000, 0x0000000089500000| Untracked 
| 150|0x0000000089600000, 0x0000000089600000, 0x0000000089700000|  0%| F|  |TAMS 0x0000000089600000, 0x0000000089600000| Untracked 
| 151|0x0000000089700000, 0x0000000089700000, 0x0000000089800000|  0%| F|  |TAMS 0x0000000089700000, 0x0000000089700000| Untracked 
| 152|0x0000000089800000, 0x0000000089800000, 0x0000000089900000|  0%| F|  |TAMS 0x0000000089800000, 0x0000000089800000| Untracked 
| 153|0x0000000089900000, 0x0000000089900000, 0x0000000089a00000|  0%| F|  |TAMS 0x0000000089900000, 0x0000000089900000| Untracked 

Card table byte_map: [0x000002bd3da50000,0x000002bd3de50000] _byte_map_base: 0x000002bd3d650000

Marking Bits (Prev, Next): (CMBitMap*) 0x000002bd273e4278, (CMBitMap*) 0x000002bd273e42b0
 Prev Bits: [0x000002bd3e250000, 0x000002bd40250000)
 Next Bits: [0x000002bd40250000, 0x000002bd42250000)

Polling page: 0x000002bd25170000

Metaspace:

Usage:
  Non-class:     36.01 MB capacity,    35.49 MB ( 99%) used,   420.02 KB (  1%) free+waste,   110.38 KB ( <1%) overhead. 
      Class:      5.01 MB capacity,     4.65 MB ( 93%) used,   322.78 KB (  6%) free+waste,    52.13 KB (  1%) overhead. 
       Both:     41.03 MB capacity,    40.14 MB ( 98%) used,   742.80 KB (  2%) free+waste,   162.50 KB ( <1%) overhead. 

Virtual space:
  Non-class space:       38.00 MB reserved,      36.25 MB ( 95%) committed 
      Class space:        1.00 GB reserved,       5.13 MB ( <1%) committed 
             Both:        1.04 GB reserved,      41.38 MB (  4%) committed 

Chunk freelists:
   Non-Class:  6.63 KB
       Class:  2.13 KB
        Both:  8.75 KB

CodeHeap 'non-profiled nmethods': size=120064Kb used=1841Kb max_used=1841Kb free=118222Kb
 bounds [0x000002bd36510000, 0x000002bd36780000, 0x000002bd3da50000]
CodeHeap 'profiled nmethods': size=120000Kb used=9795Kb max_used=9795Kb free=110204Kb
 bounds [0x000002bd2efe0000, 0x000002bd2f980000, 0x000002bd36510000]
CodeHeap 'non-nmethods': size=5696Kb used=1171Kb max_used=1212Kb free=4524Kb
 bounds [0x000002bd2ea50000, 0x000002bd2ecc0000, 0x000002bd2efe0000]
 total_blobs=4825 nmethods=4325 adapters=411
 compilation: enabled
              stopped_count=0, restarted_count=0
 full_count=0

Compilation events (10 events):
Event: 10.104 Thread 0x000002bd4466e000 4353       2       org.aspectj.apache.bcel.classfile.annotation.RuntimeAnnos::<init> (32 bytes)
Event: 10.104 Thread 0x000002bd4466e000 nmethod 4353 0x000002bd2f96e190 code [0x000002bd2f96e340, 0x000002bd2f96e5d8]
Event: 10.107 Thread 0x000002bd4466e000 4354       1       org.springframework.beans.factory.support.DefaultListableBeanFactory::getAutowireCandidateResolver (5 bytes)
Event: 10.108 Thread 0x000002bd4466e000 nmethod 4354 0x000002bd366dc110 code [0x000002bd366dc2a0, 0x000002bd366dc358]
Event: 10.111 Thread 0x000002bd4466e000 4355   !   2       com.sun.proxy.$Proxy7::hashCode (32 bytes)
Event: 10.111 Thread 0x000002bd4466e000 nmethod 4355 0x000002bd2f96e690 code [0x000002bd2f96e840, 0x000002bd2f96eab8]
Event: 10.115 Thread 0x000002bd4466e000 4356       2       org.aspectj.apache.bcel.classfile.annotation.ElementValue::readElementValue (486 bytes)
Event: 10.116 Thread 0x000002bd4466e000 nmethod 4356 0x000002bd2f96ec90 code [0x000002bd2f96f020, 0x000002bd2f9705a8]
Event: 10.118 Thread 0x000002bd4466e000 4357       1       org.springframework.cglib.core.AbstractClassGenerator::setNamePrefix (6 bytes)
Event: 10.118 Thread 0x000002bd4466e000 nmethod 4357 0x000002bd366dc410 code [0x000002bd366dc5a0, 0x000002bd366dc698]

GC Heap History (10 events):
Event: 2.503 GC heap after
{Heap after GC invocations=4 (full 0):
 garbage-first heap   total 131072K, used 6374K [0x0000000080000000, 0x0000000100000000)
  region size 1024K, 2 young (2048K), 2 survivors (2048K)
 Metaspace       used 16821K, capacity 17133K, committed 17408K, reserved 1064960K
  class space    used 1824K, capacity 1974K, committed 2048K, reserved 1048576K
}
Event: 3.035 GC heap before
{Heap before GC invocations=4 (full 0):
 garbage-first heap   total 131072K, used 27878K [0x0000000080000000, 0x0000000100000000)
  region size 1024K, 24 young (24576K), 2 survivors (2048K)
 Metaspace       used 20857K, capacity 21232K, committed 21248K, reserved 1069056K
  class space    used 2374K, capacity 2558K, committed 2560K, reserved 1048576K
}
Event: 3.045 GC heap after
{Heap after GC invocations=5 (full 0):
 garbage-first heap   total 157696K, used 6964K [0x0000000080000000, 0x0000000100000000)
  region size 1024K, 3 young (3072K), 3 survivors (3072K)
 Metaspace       used 20857K, capacity 21232K, committed 21248K, reserved 1069056K
  class space    used 2374K, capacity 2558K, committed 2560K, reserved 1048576K
}
Event: 4.130 GC heap before
{Heap before GC invocations=6 (full 0):
 garbage-first heap   total 157696K, used 38708K [0x0000000080000000, 0x0000000100000000)
  region size 1024K, 35 young (35840K), 3 survivors (3072K)
 Metaspace       used 27760K, capacity 28356K, committed 28544K, reserved 1075200K
  class space    used 3202K, capacity 3429K, committed 3456K, reserved 1048576K
}
Event: 4.141 GC heap after
{Heap after GC invocations=7 (full 0):
 garbage-first heap   total 157696K, used 8454K [0x0000000080000000, 0x0000000100000000)
  region size 1024K, 4 young (4096K), 4 survivors (4096K)
 Metaspace       used 27760K, capacity 28356K, committed 28544K, reserved 1075200K
  class space    used 3202K, capacity 3429K, committed 3456K, reserved 1048576K
}
Event: 7.342 GC heap before
{Heap before GC invocations=7 (full 0):
 garbage-first heap   total 157696K, used 57606K [0x0000000080000000, 0x0000000100000000)
  region size 1024K, 53 young (54272K), 4 survivors (4096K)
 Metaspace       used 32317K, capacity 33032K, committed 33280K, reserved 1079296K
  class space    used 3764K, capacity 4058K, committed 4096K, reserved 1048576K
}
Event: 7.369 GC heap after
{Heap after GC invocations=8 (full 0):
 garbage-first heap   total 157696K, used 12042K [0x0000000080000000, 0x0000000100000000)
  region size 1024K, 7 young (7168K), 7 survivors (7168K)
 Metaspace       used 32317K, capacity 33032K, committed 33280K, reserved 1079296K
  class space    used 3764K, capacity 4058K, committed 4096K, reserved 1048576K
}
Event: 8.142 GC heap before
{Heap before GC invocations=8 (full 0):
 garbage-first heap   total 157696K, used 35594K [0x0000000080000000, 0x0000000100000000)
  region size 1024K, 31 young (31744K), 7 survivors (7168K)
 Metaspace       used 34974K, capacity 35756K, committed 35840K, reserved 1081344K
  class space    used 4081K, capacity 4399K, committed 4480K, reserved 1048576K
}
Event: 8.165 GC heap after
{Heap after GC invocations=9 (full 0):
 garbage-first heap   total 157696K, used 14268K [0x0000000080000000, 0x0000000100000000)
  region size 1024K, 6 young (6144K), 6 survivors (6144K)
 Metaspace       used 34974K, capacity 35756K, committed 35840K, reserved 1081344K
  class space    used 4081K, capacity 4399K, committed 4480K, reserved 1048576K
}
Event: 10.120 GC heap before
{Heap before GC invocations=10 (full 0):
 garbage-first heap   total 157696K, used 74684K [0x0000000080000000, 0x0000000100000000)
  region size 1024K, 65 young (66560K), 6 survivors (6144K)
 Metaspace       used 41104K, capacity 42010K, committed 42368K, reserved 1087488K
  class space    used 4760K, capacity 5135K, committed 5248K, reserved 1048576K
}

Deoptimization events (10 events):
Event: 9.181 Thread 0x000002bd273a7800 Uncommon trap: reason=unstable_if action=reinterpret pc=0x000002bd3669f0b8 method=java.util.Properties$LineReader.readLine()I @ 539 c2
Event: 9.343 Thread 0x000002bd273a7800 Uncommon trap: reason=unstable_if action=reinterpret pc=0x000002bd366ac280 method=java.util.Properties.loadConvert([CIILjava/lang/StringBuilder;)Ljava/lang/String; @ 130 c2
Event: 9.343 Thread 0x000002bd273a7800 Uncommon trap: reason=unstable_if action=reinterpret pc=0x000002bd365c5d28 method=java.lang.StringBuilder.toString()Ljava/lang/String; @ 4 c2
Event: 9.441 Thread 0x000002bd273a7800 Uncommon trap: reason=unstable_if action=reinterpret pc=0x000002bd366b4e90 method=java.util.Properties$LineReader.readLine()I @ 249 c2
Event: 9.597 Thread 0x000002bd273a7800 Uncommon trap: reason=class_check action=maybe_recompile pc=0x000002bd365c96b8 method=java.util.zip.InflaterInputStream.read([BII)I @ 100 c2
Event: 9.600 Thread 0x000002bd273a7800 Uncommon trap: reason=class_check action=maybe_recompile pc=0x000002bd365c96b8 method=java.util.zip.InflaterInputStream.read([BII)I @ 100 c2
Event: 9.601 Thread 0x000002bd273a7800 Uncommon trap: reason=class_check action=maybe_recompile pc=0x000002bd365c96b8 method=java.util.zip.InflaterInputStream.read([BII)I @ 100 c2
Event: 9.601 Thread 0x000002bd273a7800 Uncommon trap: reason=class_check action=maybe_recompile pc=0x000002bd365c96b8 method=java.util.zip.InflaterInputStream.read([BII)I @ 100 c2
Event: 9.645 Thread 0x000002bd273a7800 Uncommon trap: reason=unstable_if action=reinterpret pc=0x000002bd3656f76c method=java.util.jar.Manifest$FastInputStream.readLine([BII)I @ 130 c2
Event: 9.795 Thread 0x000002bd273a7800 Uncommon trap: reason=unstable_if action=reinterpret pc=0x000002bd366c5968 method=java.util.zip.InflaterInputStream.read([BII)I @ 41 c2

Classes redefined (0 events):
No events

Internal exceptions (10 events):
Event: 8.834 Thread 0x000002bd273a7800 Exception <a 'java/lang/NoSuchMethodError'{0x0000000088ab4f48}: java.lang.invoke.DirectMethodHandle$Holder.invokeInterface(Ljava/lang/Object;Ljava/lang/Object;I)V> (0x0000000088ab4f48) thrown at [./open/src/hotspot/share/interpreter/linkResolver.cpp, line
Event: 8.843 Thread 0x000002bd273a7800 Exception <a 'java/lang/NoSuchMethodError'{0x0000000088af8528}: java.lang.invoke.DirectMethodHandle$Holder.invokeStatic(Ljava/lang/Object;ILjava/lang/Object;)V> (0x0000000088af8528) thrown at [./open/src/hotspot/share/interpreter/linkResolver.cpp, line 77
Event: 8.848 Thread 0x000002bd273a7800 Exception <a 'java/lang/NoSuchMethodError'{0x000000008891af90}: java.lang.invoke.DirectMethodHandle$Holder.invokeVirtual(Ljava/lang/Object;Ljava/lang/Object;)I> (0x000000008891af90) thrown at [./open/src/hotspot/share/interpreter/linkResolver.cpp, line 77
Event: 8.849 Thread 0x000002bd273a7800 Exception <a 'java/lang/NoSuchMethodError'{0x0000000088924c98}: java.lang.invoke.DirectMethodHandle$Holder.invokeSpecialIFC(Ljava/lang/Object;Ljava/lang/Object;Ljava/lang/Object;Ljava/lang/Object;)I> (0x0000000088924c98) thrown at [./open/src/hotspot/shar
Event: 9.191 Thread 0x000002bd273a7800 Exception <a 'java/lang/NoSuchMethodError'{0x0000000087794e10}: java.lang.invoke.DirectMethodHandle$Holder.invokeStatic(Ljava/lang/Object;IIII)Ljava/lang/Object;> (0x0000000087794e10) thrown at [./open/src/hotspot/share/interpreter/linkResolver.cpp, line 
Event: 9.191 Thread 0x000002bd273a7800 Exception <a 'java/lang/NoSuchMethodError'{0x0000000087797f28}: java.lang.invoke.DirectMethodHandle$Holder.invokeStaticInit(Ljava/lang/Object;IIII)Ljava/lang/Object;> (0x0000000087797f28) thrown at [./open/src/hotspot/share/interpreter/linkResolver.cpp, l
Event: 9.247 Thread 0x000002bd273a7800 Exception <a 'java/lang/NoSuchMethodError'{0x00000000877e1a78}: java.lang.invoke.DirectMethodHandle$Holder.invokeStatic(Ljava/lang/Object;Ljava/lang/Object;IIII)Ljava/lang/Object;> (0x00000000877e1a78) thrown at [./open/src/hotspot/share/interpreter/linkR
Event: 9.247 Thread 0x000002bd273a7800 Exception <a 'java/lang/NoSuchMethodError'{0x00000000877e4dc0}: java.lang.invoke.DirectMethodHandle$Holder.invokeStaticInit(Ljava/lang/Object;Ljava/lang/Object;IIII)Ljava/lang/Object;> (0x00000000877e4dc0) thrown at [./open/src/hotspot/share/interpreter/l
Event: 9.791 Thread 0x000002bd273a7800 Exception <a 'java/io/FileNotFoundException'{0x00000000865e69b0}> (0x00000000865e69b0) thrown at [./open/src/hotspot/share/prims/jni.cpp, line 611]
Event: 9.855 Thread 0x000002bd273a7800 Exception <a 'java/lang/NoSuchMethodError'{0x0000000086242480}: java.lang.invoke.DirectMethodHandle$Holder.invokeInterface(Ljava/lang/Object;Ljava/lang/Object;Ljava/lang/Object;Ljava/lang/Object;)I> (0x0000000086242480) thrown at [./open/src/hotspot/share

Events (10 events):
Event: 10.078 loading class brave/sampler/Sampler$1 done
Event: 10.078 loading class brave/sampler/Sampler$2
Event: 10.078 loading class brave/sampler/Sampler$2 done
Event: 10.088 loading class brave/ErrorParser$1
Event: 10.088 loading class brave/ErrorParser$1 done
Event: 10.088 loading class brave/ScopedSpan
Event: 10.088 loading class brave/ScopedSpan done
Event: 10.089 loading class brave/handler/MutableSpan
Event: 10.089 loading class brave/handler/MutableSpan done
Event: 10.120 Executing VM operation: G1CollectForAllocation


Dynamic libraries:
0x00007ff760ae0000 - 0x00007ff760aef000 	C:\Program Files\Java\jdk-11.0.15\bin\java.exe
0x00007ffc25310000 - 0x00007ffc25508000 	C:\Windows\SYSTEM32\ntdll.dll
0x00007ffc241e0000 - 0x00007ffc2429d000 	C:\Windows\System32\KERNEL32.DLL
0x00007ffc230a0000 - 0x00007ffc2336e000 	C:\Windows\System32\KERNELBASE.dll
0x00007ffc22e10000 - 0x00007ffc22f10000 	C:\Windows\System32\ucrtbase.dll
0x00007ffc16230000 - 0x00007ffc16245000 	C:\Program Files\Java\jdk-11.0.15\bin\VCRUNTIME140.dll
0x00007ffc16250000 - 0x00007ffc16268000 	C:\Program Files\Java\jdk-11.0.15\bin\jli.dll
0x00007ffc23420000 - 0x00007ffc234ce000 	C:\Windows\System32\ADVAPI32.dll
0x00007ffc24580000 - 0x00007ffc2461e000 	C:\Windows\System32\msvcrt.dll
0x00007ffc23f40000 - 0x00007ffc23fdc000 	C:\Windows\System32\sechost.dll
0x00007ffc240b0000 - 0x00007ffc241d5000 	C:\Windows\System32\RPCRT4.dll
0x00007ffc24b80000 - 0x00007ffc24d20000 	C:\Windows\System32\USER32.dll
0x00007ffc22f10000 - 0x00007ffc22f32000 	C:\Windows\System32\win32u.dll
0x00007ffc24540000 - 0x00007ffc2456a000 	C:\Windows\System32\GDI32.dll
0x00007ffc22c50000 - 0x00007ffc22d5b000 	C:\Windows\System32\gdi32full.dll
0x00007ffc22fd0000 - 0x00007ffc2306d000 	C:\Windows\System32\msvcp_win.dll
0x00007ffc0ee20000 - 0x00007ffc0f0ba000 	C:\Windows\WinSxS\amd64_microsoft.windows.common-controls_6595b64144ccf1df_6.0.19041.1110_none_60b5254171f9507e\COMCTL32.dll
0x00007ffc1aa90000 - 0x00007ffc1aa9a000 	C:\Windows\SYSTEM32\VERSION.dll
0x00007ffc23550000 - 0x00007ffc23580000 	C:\Windows\System32\IMM32.DLL
0x00007ffc0ed80000 - 0x00007ffc0ee1b000 	C:\Program Files\Java\jdk-11.0.15\bin\msvcp140.dll
0x00007ffc0e260000 - 0x00007ffc0ed76000 	C:\Program Files\Java\jdk-11.0.15\bin\server\jvm.dll
0x00007ffc24700000 - 0x00007ffc24708000 	C:\Windows\System32\PSAPI.DLL
0x00007ffc16220000 - 0x00007ffc16229000 	C:\Windows\SYSTEM32\WSOCK32.dll
0x00007ffc244d0000 - 0x00007ffc2453b000 	C:\Windows\System32\WS2_32.dll
0x00007ffc16310000 - 0x00007ffc16337000 	C:\Windows\SYSTEM32\WINMM.dll
0x00007ffc20910000 - 0x00007ffc20922000 	C:\Windows\SYSTEM32\kernel.appcore.dll
0x00007ffc11650000 - 0x00007ffc11660000 	C:\Program Files\Java\jdk-11.0.15\bin\verify.dll
0x00007ffc16410000 - 0x00007ffc165f4000 	C:\Windows\SYSTEM32\DBGHELP.DLL
0x00007ffc16040000 - 0x00007ffc1606c000 	C:\Windows\SYSTEM32\dbgcore.DLL
0x00007ffc22f40000 - 0x00007ffc22fc2000 	C:\Windows\System32\bcryptPrimitives.dll
0x00007ffc0e0a0000 - 0x00007ffc0e0c8000 	C:\Program Files\Java\jdk-11.0.15\bin\java.dll
0x00007ffc0e090000 - 0x00007ffc0e09a000 	C:\Program Files\Java\jdk-11.0.15\bin\jimage.dll
0x00007ffc09f40000 - 0x00007ffc09f4e000 	C:\Program Files\Java\jdk-11.0.15\bin\instrument.dll
0x00007ffc0e070000 - 0x00007ffc0e086000 	C:\Program Files\Java\jdk-11.0.15\bin\zip.dll
0x00007ffc23580000 - 0x00007ffc23cc4000 	C:\Windows\System32\SHELL32.dll
0x00007ffc20b10000 - 0x00007ffc212a4000 	C:\Windows\SYSTEM32\windows.storage.dll
0x00007ffc24f70000 - 0x00007ffc252c4000 	C:\Windows\System32\combase.dll
0x00007ffc222e0000 - 0x00007ffc22310000 	C:\Windows\SYSTEM32\Wldp.dll
0x00007ffc23370000 - 0x00007ffc2341d000 	C:\Windows\System32\SHCORE.dll
0x00007ffc24620000 - 0x00007ffc24675000 	C:\Windows\System32\shlwapi.dll
0x00007ffc22970000 - 0x00007ffc2298f000 	C:\Windows\SYSTEM32\profapi.dll
0x00007ffc0de50000 - 0x00007ffc0de69000 	C:\Program Files\Java\jdk-11.0.15\bin\net.dll
0x00007ffc1a630000 - 0x00007ffc1a73a000 	C:\Windows\SYSTEM32\WINHTTP.dll
0x00007ffc220c0000 - 0x00007ffc2212a000 	C:\Windows\system32\mswsock.dll
0x00007ffc0de30000 - 0x00007ffc0de42000 	C:\Program Files\Java\jdk-11.0.15\bin\nio.dll
0x00007ffc038d0000 - 0x00007ffc038ea000 	C:\Program Files\JetBrains\IntelliJ IDEA Community Edition 2022.2.1\bin\breakgen64.dll
0x00007ffc21dd0000 - 0x00007ffc21e0b000 	C:\Windows\SYSTEM32\IPHLPAPI.DLL
0x00007ffc24570000 - 0x00007ffc24578000 	C:\Windows\System32\NSI.dll
0x00007ffc1b5a0000 - 0x00007ffc1b5b7000 	C:\Windows\SYSTEM32\dhcpcsvc6.DLL
0x00007ffc1b580000 - 0x00007ffc1b59d000 	C:\Windows\SYSTEM32\dhcpcsvc.DLL
0x00007ffc21e10000 - 0x00007ffc21eda000 	C:\Windows\SYSTEM32\DNSAPI.dll
0x00007ffc19ff0000 - 0x00007ffc19ffa000 	C:\Windows\System32\rasadhlp.dll
0x00007ffc1a4e0000 - 0x00007ffc1a560000 	C:\Windows\System32\fwpuclnt.dll
0x00007ffc23070000 - 0x00007ffc23097000 	C:\Windows\System32\bcrypt.dll
0x00007ffc0f250000 - 0x00007ffc0f259000 	C:\Program Files\Java\jdk-11.0.15\bin\management.dll
0x00007ffc0f240000 - 0x00007ffc0f24b000 	C:\Program Files\Java\jdk-11.0.15\bin\management_ext.dll
0x00007ffc11730000 - 0x00007ffc11747000 	C:\Windows\system32\napinsp.dll
0x00007ffc11710000 - 0x00007ffc1172b000 	C:\Windows\system32\pnrpnsp.dll
0x00007ffc116f0000 - 0x00007ffc11705000 	C:\Windows\system32\wshbth.dll
0x00007ffc1e3f0000 - 0x00007ffc1e40d000 	C:\Windows\system32\NLAapi.dll
0x00007ffc116d0000 - 0x00007ffc116e2000 	C:\Windows\System32\winrnr.dll
0x00007ffc22320000 - 0x00007ffc22338000 	C:\Windows\SYSTEM32\CRYPTSP.dll
0x00007ffc21a60000 - 0x00007ffc21a94000 	C:\Windows\system32\rsaenh.dll
0x00007ffc22930000 - 0x00007ffc2295e000 	C:\Windows\SYSTEM32\USERENV.dll
0x00007ffc22250000 - 0x00007ffc2225c000 	C:\Windows\SYSTEM32\CRYPTBASE.dll

dbghelp: loaded successfully - version: 4.0.5 - missing functions: none
symbol engine: initialized successfully - sym options: 0x614 - pdb path: .;C:\Program Files\Java\jdk-11.0.15\bin;C:\Windows\SYSTEM32;C:\Windows\WinSxS\amd64_microsoft.windows.common-controls_6595b64144ccf1df_6.0.19041.1110_none_60b5254171f9507e;C:\Program Files\Java\jdk-11.0.15\bin\server;C:\Program Files\JetBrains\IntelliJ IDEA Community Edition 2022.2.1\bin

VM Arguments:
jvm_args: -javaagent:C:\Program Files\JetBrains\IntelliJ IDEA Community Edition 2022.2.1\lib\idea_rt.jar=60322:C:\Program Files\JetBrains\IntelliJ IDEA Community Edition 2022.2.1\bin -Dfile.encoding=UTF-8 
java_command: com.training.Microservice1Application
java_class_path (initial): C:\Users\sfjbs\Downloads\cloud-sleuth-main\cloud-sleuth-main\microservice1\target\classes;C:\Users\sfjbs\.m2\repository\org\springframework\cloud\spring-cloud-starter-sleuth\2.1.2.RELEASE\spring-cloud-starter-sleuth-2.1.2.RELEASE.jar;C:\Users\sfjbs\.m2\repository\org\springframework\cloud\spring-cloud-starter\2.1.2.RELEASE\spring-cloud-starter-2.1.2.RELEASE.jar;C:\Users\sfjbs\.m2\repository\org\springframework\cloud\spring-cloud-context\2.1.2.RELEASE\spring-cloud-context-2.1.2.RELEASE.jar;C:\Users\sfjbs\.m2\repository\org\springframework\security\spring-security-crypto\5.1.6.RELEASE\spring-security-crypto-5.1.6.RELEASE.jar;C:\Users\sfjbs\.m2\repository\org\springframework\cloud\spring-cloud-commons\2.1.2.RELEASE\spring-cloud-commons-2.1.2.RELEASE.jar;C:\Users\sfjbs\.m2\repository\org\springframework\security\spring-security-rsa\1.0.7.RELEASE\spring-security-rsa-1.0.7.RELEASE.jar;C:\Users\sfjbs\.m2\repository\org\bouncycastle\bcpkix-jdk15on\1.60\bcpkix-jdk15on-1.60.jar;C:\Users\sfjbs\.m2\repository\org\bouncycastle\bcprov-jdk15on\1.60\bcprov-jdk15on-1.60.jar;C:\Users\sfjbs\.m2\repository\org\springframework\boot\spring-boot-starter-aop\2.1.7.RELEASE\spring-boot-starter-aop-2.1.7.RELEASE.jar;C:\Users\sfjbs\.m2\repository\org\springframework\spring-aop\5.1.9.RELEASE\spring-aop-5.1.9.RELEASE.jar;C:\Users\sfjbs\.m2\repository\org\aspectj\aspectjweaver\1.9.4\aspectjweaver-1.9.4.jar;C:\Users\sfjbs\.m2\repository\org\springframework\cloud\spring-cloud-sleuth-core\2.1.2.RELEASE\spring-cloud-sleuth-core-2.1.2.RELEASE.jar;C:\Users\sfjbs\.m2\repository\org\springframework\spring-context\5.1.9.RELEASE\spring-context-5.1.9.RELEASE.jar;C:\Users\sfjbs\.m2\repository\org\aspectj\aspectjrt\1.9.4\aspectjrt-1.9.4.jar;C:\Users\sfjbs\.m2\repository\io\zipkin\brave\brave\5.6.5\brave-5.6.5.jar;C:\Users\sfjbs\.m2\repository\io\zipkin\brave\brave-context-log4j2\5.6.5\brave-context-log4j2-5.6.5.jar;C:\Users\sfjbs\.m2\repository\io\zipkin\brave\brave-instrumentatio
Launcher Type: SUN_STANDARD

[Global flags]
     intx CICompilerCount                          = 2                                         {product} {ergonomic}
     uint ConcGCThreads                            = 1                                         {product} {ergonomic}
     uint G1ConcRefinementThreads                  = 2                                         {product} {ergonomic}
   size_t G1HeapRegionSize                         = 1048576                                   {product} {ergonomic}
    uintx GCDrainStackTargetSize                   = 64                                        {product} {ergonomic}
   size_t InitialHeapSize                          = 134217728                                 {product} {ergonomic}
   size_t MarkStackSize                            = 4194304                                   {product} {ergonomic}
   size_t MaxHeapSize                              = 2147483648                                {product} {ergonomic}
   size_t MaxNewSize                               = 1287651328                                {product} {ergonomic}
   size_t MinHeapDeltaBytes                        = 1048576                                   {product} {ergonomic}
    uintx NonNMethodCodeHeapSize                   = 5825164                                {pd product} {ergonomic}
    uintx NonProfiledCodeHeapSize                  = 122916538                              {pd product} {ergonomic}
    uintx ProfiledCodeHeapSize                     = 122916538                              {pd product} {ergonomic}
    uintx ReservedCodeCacheSize                    = 251658240                              {pd product} {ergonomic}
     bool SegmentedCodeCache                       = true                                      {product} {ergonomic}
     bool UseCompressedClassPointers               = true                                 {lp64_product} {ergonomic}
     bool UseCompressedOops                        = true                                 {lp64_product} {ergonomic}
     bool UseG1GC                                  = true                                      {product} {ergonomic}
     bool UseLargePagesIndividualAllocation        = false                                  {pd product} {ergonomic}

Logging:
Log output configuration:
 #0: stdout all=warning uptime,level,tags
 #1: stderr all=off uptime,level,tags

Environment Variables:
PATH=C:\Program Files\Common Files\Oracle\Java\javapath;C:\Windows\system32;C:\Windows;C:\Windows\System32\Wbem;C:\Windows\System32\WindowsPowerShell\v1.0\;C:\Windows\System32\OpenSSH\;C:\Program Files\PuTTY\;C:\Program Files\Git\cmd;C:\Program Files\Docker\Docker\resources\bin;C:\ProgramData\DockerDesktop\version-bin;C:\Users\sfjbs\Downloads\apache-maven-3.8.6-bin\apache-maven-3.8.6\bin;C:\Users\sfjbs\Downloads\apache-maven-3.8.6-bin\apache-maven-3.8.6\lib;C:\Users\sfjbs\AppData\Local\Microsoft\WindowsApps;C:\Program Files\JetBrains\IntelliJ IDEA Community Edition 2022.2.1\bin;;C:\Users\sfjbs\Downloads\apache-maven-3.8.6-bin\apache-maven-3.8.6\bin;C:\Users\sfjbs\Downloads\apache-maven-3.8.6-bin\apache-maven-3.8.6\lib;
USERNAME=sfjbs
OS=Windows_NT
PROCESSOR_IDENTIFIER=Intel64 Family 6 Model 85 Stepping 7, GenuineIntel



---------------  S Y S T E M  ---------------

OS: Windows 10 , 64 bit Build 19041 (10.0.19041.1889)
Hyper-V role detected

CPU:total 2 (initial active 2) (1 cores per cpu, 2 threads per core) family 6 model 85 stepping 7 microcode 0xffffffff, cmov, cx8, fxsr, mmx, sse, sse2, sse3, ssse3, sse4.1, sse4.2, popcnt, avx, avx2, aes, clmul, erms, rtm, 3dnowpref, lzcnt, ht, tsc, bmi1, bmi2, adx, evex, fma

Memory: 4k page, system-wide physical 8190M (1504M free)
TotalPageFile size 10238M (AvailPageFile size 8M)
current process WorkingSet (physical memory assigned to process): 203M, peak: 203M
current process commit charge ("private bytes"): 302M, peak: 333M

vm_info: Java HotSpot(TM) 64-Bit Server VM (11.0.15+8-LTS-149) for windows-amd64 JRE (11.0.15+8-LTS-149), built on Mar  9 2022 22:42:32 by "mach5one" with MS VC++ 15.9 (VS2017)

END.
