#
# There is insufficient memory for the Java Runtime Environment to continue.
# Native memory allocation (malloc) failed to allocate 32744 bytes for ChunkPool::allocate
# Possible reasons:
#   The system is out of physical RAM or swap space
#   The process is running with CompressedOops enabled, and the Java Heap may be blocking the growth of the native heap
# Possible solutions:
#   Reduce memory load on the system
#   Increase physical memory or swap space
#   Check if swap backing store is full
#   Decrease Java heap size (-Xmx/-Xms)
#   Decrease number of Java threads
#   Decrease Java thread stack sizes (-Xss)
#   Set larger code cache with -XX:ReservedCodeCacheSize=
#   JVM is running with Unscaled Compressed Oops mode in which the Java heap is
#     placed in the first 4GB address space. The Java Heap base address is the
#     maximum limit for the native heap growth. Please use -XX:HeapBaseMinAddress
#     to set the Java Heap base and to place the Java Heap above 4GB virtual address.
# This output file may be truncated or incomplete.
#
#  Out of Memory Error (./open/src/hotspot/share/memory/arena.cpp:81), pid=10032, tid=7476
#
# JRE version: Java(TM) SE Runtime Environment 18.9 (11.0.15+8) (build 11.0.15+8-LTS-149)
# Java VM: Java HotSpot(TM) 64-Bit Server VM 18.9 (11.0.15+8-LTS-149, mixed mode, tiered, compressed oops, g1 gc, windows-amd64)
# No core dump will be written. Minidumps are not enabled by default on client versions of Windows
#

---------------  S U M M A R Y ------------

Command Line: -javaagent:C:\Program Files\JetBrains\IntelliJ IDEA Community Edition 2022.2.1\lib\idea_rt.jar=61210:C:\Program Files\JetBrains\IntelliJ IDEA Community Edition 2022.2.1\bin -Dfile.encoding=UTF-8 com.training.Microservice1Application

Host: Intel(R) Xeon(R) Platinum 8272CL CPU @ 2.60GHz, 2 cores, 7G,  Windows 10 , 64 bit Build 19041 (10.0.19041.1889)
Time: Thu Sep  8 05:10:18 2022 Coordinated Universal Time elapsed time: 11.937287 seconds (0d 0h 0m 11s)

---------------  T H R E A D  ---------------

Current thread (0x0000025468a3b800):  JavaThread "C2 CompilerThread0" daemon [_thread_in_native, id=7476, stack(0x000000d148100000,0x000000d148200000)]


Current CompileTask:
C2:  11937 4307   !   4       org.aspectj.weaver.World::resolve (293 bytes)

Stack: [0x000000d148100000,0x000000d148200000]
Native frames: (J=compiled Java code, j=interpreted, Vv=VM code, C=native code)
V  [jvm.dll+0x629d8a]
V  [jvm.dll+0x7638ff]
V  [jvm.dll+0x764fa9]
V  [jvm.dll+0x765633]
V  [jvm.dll+0x23d9c8]
V  [jvm.dll+0xb2c7b]
V  [jvm.dll+0xb2fdc]
V  [jvm.dll+0x346788]
V  [jvm.dll+0x345c31]
V  [jvm.dll+0x345c74]
V  [jvm.dll+0x52273c]
V  [jvm.dll+0x522f12]
V  [jvm.dll+0x30e9e2]
V  [jvm.dll+0x30dcfa]
V  [jvm.dll+0x1f8565]
V  [jvm.dll+0x1f774d]
V  [jvm.dll+0x177c51]
V  [jvm.dll+0x207026]
V  [jvm.dll+0x2051bb]
V  [jvm.dll+0x729820]
V  [jvm.dll+0x7223f4]
V  [jvm.dll+0x628c26]
C  [ucrtbase.dll+0x21bb2]
C  [KERNEL32.DLL+0x17034]
C  [ntdll.dll+0x52651]


---------------  P R O C E S S  ---------------

Threads class SMR info:
_java_thread_list=0x000002546b220590, length=15, elements={
0x000002544b745000, 0x0000025468a0f000, 0x0000025468a10000, 0x00000254693b2800,
0x0000025468a35800, 0x0000025468a36000, 0x0000025468a3b800, 0x0000025468a6b000,
0x00000254693ec000, 0x00000254694e2000, 0x0000025469987000, 0x000002546cb9c000,
0x000002546cb9a000, 0x000002546cb9d000, 0x000002546cb97800
}

Java Threads: ( => current thread )
  0x000002544b745000 JavaThread "main" [_thread_in_vm, id=12176, stack(0x000000d147500000,0x000000d147600000)]
  0x0000025468a0f000 JavaThread "Reference Handler" daemon [_thread_blocked, id=3200, stack(0x000000d147c00000,0x000000d147d00000)]
  0x0000025468a10000 JavaThread "Finalizer" daemon [_thread_blocked, id=6736, stack(0x000000d147d00000,0x000000d147e00000)]
  0x00000254693b2800 JavaThread "Signal Dispatcher" daemon [_thread_blocked, id=10260, stack(0x000000d147e00000,0x000000d147f00000)]
  0x0000025468a35800 JavaThread "Attach Listener" daemon [_thread_blocked, id=7220, stack(0x000000d147f00000,0x000000d148000000)]
  0x0000025468a36000 JavaThread "Service Thread" daemon [_thread_blocked, id=13268, stack(0x000000d148000000,0x000000d148100000)]
=>0x0000025468a3b800 JavaThread "C2 CompilerThread0" daemon [_thread_in_native, id=7476, stack(0x000000d148100000,0x000000d148200000)]
  0x0000025468a6b000 JavaThread "C1 CompilerThread0" daemon [_thread_blocked, id=6412, stack(0x000000d148200000,0x000000d148300000)]
  0x00000254693ec000 JavaThread "Sweeper thread" daemon [_thread_blocked, id=12940, stack(0x000000d148300000,0x000000d148400000)]
  0x00000254694e2000 JavaThread "Common-Cleaner" daemon [_thread_blocked, id=10972, stack(0x000000d148400000,0x000000d148500000)]
  0x0000025469987000 JavaThread "Monitor Ctrl-Break" daemon [_thread_in_native, id=11560, stack(0x000000d148500000,0x000000d148600000)]
  0x000002546cb9c000 JavaThread "AsyncReporter{org.springframework.cloud.sleuth.zipkin2.sender.RestTemplateSender@59c04bee}" daemon [_thread_blocked, id=3828, stack(0x000000d148800000,0x000000d148900000)]
  0x000002546cb9a000 JavaThread "Catalina-utility-1" [_thread_blocked, id=12208, stack(0x000000d148900000,0x000000d148a00000)]
  0x000002546cb9d000 JavaThread "Catalina-utility-2" [_thread_blocked, id=8408, stack(0x000000d148a00000,0x000000d148b00000)]
  0x000002546cb97800 JavaThread "container-0" [_thread_blocked, id=7584, stack(0x000000d148b00000,0x000000d148c00000)]

Other Threads:
  0x0000025468a0b000 VMThread "VM Thread" [stack: 0x000000d147b00000,0x000000d147c00000] [id=12728]
  0x0000025469990000 WatcherThread [stack: 0x000000d148600000,0x000000d148700000] [id=9396]
  0x000002544b75a800 GCTaskThread "GC Thread#0" [stack: 0x000000d147600000,0x000000d147700000] [id=11800]
  0x00000254699da800 GCTaskThread "GC Thread#1" [stack: 0x000000d148700000,0x000000d148800000] [id=5892]
  0x000002544b787800 ConcurrentGCThread "G1 Main Marker" [stack: 0x000000d147700000,0x000000d147800000] [id=12356]
  0x000002544b78a000 ConcurrentGCThread "G1 Conc#0" [stack: 0x000000d147800000,0x000000d147900000] [id=8208]
  0x000002544b811800 ConcurrentGCThread "G1 Refine#0" [stack: 0x000000d147900000,0x000000d147a00000] [id=11664]
  0x000002544b812800 ConcurrentGCThread "G1 Young RemSet Sampling" [stack: 0x000000d147a00000,0x000000d147b00000] [id=6708]

Threads with active compile tasks:
C2 CompilerThread0  11956 4307   !   4       org.aspectj.weaver.World::resolve (293 bytes)

VM state:not at safepoint (normal execution)

VM Mutex/Monitor currently owned by a thread: None

Heap address: 0x0000000080000000, size: 2048 MB, Compressed Oops mode: 32-bit
Narrow klass base: 0x0000000000000000, Narrow klass shift: 3
Compressed class space size: 1073741824 Address: 0x0000000100000000

Heap:
 garbage-first heap   total 157696K, used 102117K [0x0000000080000000, 0x0000000100000000)
  region size 1024K, 90 young (92160K), 6 survivors (6144K)
 Metaspace       used 44298K, capacity 45338K, committed 45568K, reserved 1089536K
  class space    used 5174K, capacity 5594K, committed 5632K, reserved 1048576K
Heap Regions: E=young(eden), S=young(survivor), O=old, HS=humongous(starts), HC=humongous(continues), CS=collection set, F=free, A=archive, TAMS=top-at-mark-start (previous, next)
|   0|0x0000000080000000, 0x0000000080100000, 0x0000000080100000|100%| O|  |TAMS 0x0000000080100000, 0x0000000080000000| Untracked 
|   1|0x0000000080100000, 0x0000000080200000, 0x0000000080200000|100%| O|  |TAMS 0x0000000080200000, 0x0000000080100000| Untracked 
|   2|0x0000000080200000, 0x0000000080300000, 0x0000000080300000|100%| O|  |TAMS 0x0000000080300000, 0x0000000080200000| Untracked 
|   3|0x0000000080300000, 0x0000000080400000, 0x0000000080400000|100%| O|  |TAMS 0x0000000080400000, 0x0000000080300000| Untracked 
|   4|0x0000000080400000, 0x0000000080500000, 0x0000000080500000|100%| O|  |TAMS 0x0000000080500000, 0x0000000080400000| Untracked 
|   5|0x0000000080500000, 0x0000000080600000, 0x0000000080600000|100%| O|  |TAMS 0x0000000080600000, 0x0000000080500000| Untracked 
|   6|0x0000000080600000, 0x0000000080700000, 0x0000000080700000|100%| O|  |TAMS 0x0000000080700000, 0x0000000080600000| Untracked 
|   7|0x0000000080700000, 0x0000000080800000, 0x0000000080800000|100%| O|  |TAMS 0x0000000080800000, 0x0000000080700000| Untracked 
|   8|0x0000000080800000, 0x0000000080800000, 0x0000000080900000|  0%| F|  |TAMS 0x0000000080800000, 0x0000000080800000| Untracked 
|   9|0x0000000080900000, 0x0000000080a00000, 0x0000000080a00000|100%| O|  |TAMS 0x0000000080a00000, 0x0000000080900000| Untracked 
|  10|0x0000000080a00000, 0x0000000080b00000, 0x0000000080b00000|100%| O|  |TAMS 0x0000000080b00000, 0x0000000080a00000| Untracked 
|  11|0x0000000080b00000, 0x0000000080c00000, 0x0000000080c00000|100%| O|  |TAMS 0x0000000080c00000, 0x0000000080b00000| Untracked 
|  12|0x0000000080c00000, 0x0000000080c39408, 0x0000000080d00000| 22%| O|  |TAMS 0x0000000080c39408, 0x0000000080c00000| Untracked 
|  13|0x0000000080d00000, 0x0000000080d00000, 0x0000000080e00000|  0%| F|  |TAMS 0x0000000080d00000, 0x0000000080d00000| Untracked 
|  14|0x0000000080e00000, 0x0000000080e00000, 0x0000000080f00000|  0%| F|  |TAMS 0x0000000080e00000, 0x0000000080e00000| Untracked 
|  15|0x0000000080f00000, 0x0000000080f00000, 0x0000000081000000|  0%| F|  |TAMS 0x0000000080f00000, 0x0000000080f00000| Untracked 
|  16|0x0000000081000000, 0x0000000081000000, 0x0000000081100000|  0%| F|  |TAMS 0x0000000081000000, 0x0000000081000000| Untracked 
|  17|0x0000000081100000, 0x0000000081100000, 0x0000000081200000|  0%| F|  |TAMS 0x0000000081100000, 0x0000000081100000| Untracked 
|  18|0x0000000081200000, 0x0000000081200000, 0x0000000081300000|  0%| F|  |TAMS 0x0000000081200000, 0x0000000081200000| Untracked 
|  19|0x0000000081300000, 0x0000000081300000, 0x0000000081400000|  0%| F|  |TAMS 0x0000000081300000, 0x0000000081300000| Untracked 
|  20|0x0000000081400000, 0x0000000081400000, 0x0000000081500000|  0%| F|  |TAMS 0x0000000081400000, 0x0000000081400000| Untracked 
|  21|0x0000000081500000, 0x0000000081500000, 0x0000000081600000|  0%| F|  |TAMS 0x0000000081500000, 0x0000000081500000| Untracked 
|  22|0x0000000081600000, 0x0000000081600000, 0x0000000081700000|  0%| F|  |TAMS 0x0000000081600000, 0x0000000081600000| Untracked 
|  23|0x0000000081700000, 0x0000000081700000, 0x0000000081800000|  0%| F|  |TAMS 0x0000000081700000, 0x0000000081700000| Untracked 
|  24|0x0000000081800000, 0x0000000081800000, 0x0000000081900000|  0%| F|  |TAMS 0x0000000081800000, 0x0000000081800000| Untracked 
|  25|0x0000000081900000, 0x0000000081900000, 0x0000000081a00000|  0%| F|  |TAMS 0x0000000081900000, 0x0000000081900000| Untracked 
|  26|0x0000000081a00000, 0x0000000081a00000, 0x0000000081b00000|  0%| F|  |TAMS 0x0000000081a00000, 0x0000000081a00000| Untracked 
|  27|0x0000000081b00000, 0x0000000081b00000, 0x0000000081c00000|  0%| F|  |TAMS 0x0000000081b00000, 0x0000000081b00000| Untracked 
|  28|0x0000000081c00000, 0x0000000081c00000, 0x0000000081d00000|  0%| F|  |TAMS 0x0000000081c00000, 0x0000000081c00000| Untracked 
|  29|0x0000000081d00000, 0x0000000081d00000, 0x0000000081e00000|  0%| F|  |TAMS 0x0000000081d00000, 0x0000000081d00000| Untracked 
|  30|0x0000000081e00000, 0x0000000081e00000, 0x0000000081f00000|  0%| F|  |TAMS 0x0000000081e00000, 0x0000000081e00000| Untracked 
|  31|0x0000000081f00000, 0x0000000081f00000, 0x0000000082000000|  0%| F|  |TAMS 0x0000000081f00000, 0x0000000081f00000| Untracked 
|  32|0x0000000082000000, 0x0000000082000000, 0x0000000082100000|  0%| F|  |TAMS 0x0000000082000000, 0x0000000082000000| Untracked 
|  33|0x0000000082100000, 0x0000000082100000, 0x0000000082200000|  0%| F|  |TAMS 0x0000000082100000, 0x0000000082100000| Untracked 
|  34|0x0000000082200000, 0x0000000082200000, 0x0000000082300000|  0%| F|  |TAMS 0x0000000082200000, 0x0000000082200000| Untracked 
|  35|0x0000000082300000, 0x0000000082300000, 0x0000000082400000|  0%| F|  |TAMS 0x0000000082300000, 0x0000000082300000| Untracked 
|  36|0x0000000082400000, 0x0000000082400000, 0x0000000082500000|  0%| F|  |TAMS 0x0000000082400000, 0x0000000082400000| Untracked 
|  37|0x0000000082500000, 0x0000000082500000, 0x0000000082600000|  0%| F|  |TAMS 0x0000000082500000, 0x0000000082500000| Untracked 
|  38|0x0000000082600000, 0x0000000082600000, 0x0000000082700000|  0%| F|  |TAMS 0x0000000082600000, 0x0000000082600000| Untracked 
|  39|0x0000000082700000, 0x0000000082700000, 0x0000000082800000|  0%| F|  |TAMS 0x0000000082700000, 0x0000000082700000| Untracked 
|  40|0x0000000082800000, 0x0000000082800000, 0x0000000082900000|  0%| F|  |TAMS 0x0000000082800000, 0x0000000082800000| Untracked 
|  41|0x0000000082900000, 0x0000000082900000, 0x0000000082a00000|  0%| F|  |TAMS 0x0000000082900000, 0x0000000082900000| Untracked 
|  42|0x0000000082a00000, 0x0000000082a00000, 0x0000000082b00000|  0%| F|  |TAMS 0x0000000082a00000, 0x0000000082a00000| Untracked 
|  43|0x0000000082b00000, 0x0000000082b00000, 0x0000000082c00000|  0%| F|  |TAMS 0x0000000082b00000, 0x0000000082b00000| Untracked 
|  44|0x0000000082c00000, 0x0000000082c00000, 0x0000000082d00000|  0%| F|  |TAMS 0x0000000082c00000, 0x0000000082c00000| Untracked 
|  45|0x0000000082d00000, 0x0000000082d00000, 0x0000000082e00000|  0%| F|  |TAMS 0x0000000082d00000, 0x0000000082d00000| Untracked 
|  46|0x0000000082e00000, 0x0000000082e00000, 0x0000000082f00000|  0%| F|  |TAMS 0x0000000082e00000, 0x0000000082e00000| Untracked 
|  47|0x0000000082f00000, 0x0000000082f00000, 0x0000000083000000|  0%| F|  |TAMS 0x0000000082f00000, 0x0000000082f00000| Untracked 
|  48|0x0000000083000000, 0x0000000083000000, 0x0000000083100000|  0%| F|  |TAMS 0x0000000083000000, 0x0000000083000000| Untracked 
|  49|0x0000000083100000, 0x0000000083100000, 0x0000000083200000|  0%| F|  |TAMS 0x0000000083100000, 0x0000000083100000| Untracked 
|  50|0x0000000083200000, 0x0000000083200000, 0x0000000083300000|  0%| F|  |TAMS 0x0000000083200000, 0x0000000083200000| Untracked 
|  51|0x0000000083300000, 0x0000000083300000, 0x0000000083400000|  0%| F|  |TAMS 0x0000000083300000, 0x0000000083300000| Untracked 
|  52|0x0000000083400000, 0x0000000083400000, 0x0000000083500000|  0%| F|  |TAMS 0x0000000083400000, 0x0000000083400000| Untracked 
|  53|0x0000000083500000, 0x0000000083500000, 0x0000000083600000|  0%| F|  |TAMS 0x0000000083500000, 0x0000000083500000| Untracked 
|  54|0x0000000083600000, 0x0000000083600000, 0x0000000083700000|  0%| F|  |TAMS 0x0000000083600000, 0x0000000083600000| Untracked 
|  55|0x0000000083700000, 0x0000000083700000, 0x0000000083800000|  0%| F|  |TAMS 0x0000000083700000, 0x0000000083700000| Untracked 
|  56|0x0000000083800000, 0x0000000083800000, 0x0000000083900000|  0%| F|  |TAMS 0x0000000083800000, 0x0000000083800000| Untracked 
|  57|0x0000000083900000, 0x0000000083900000, 0x0000000083a00000|  0%| F|  |TAMS 0x0000000083900000, 0x0000000083900000| Untracked 
|  58|0x0000000083a00000, 0x0000000083a00000, 0x0000000083b00000|  0%| F|  |TAMS 0x0000000083a00000, 0x0000000083a00000| Untracked 
|  59|0x0000000083b00000, 0x0000000083b00000, 0x0000000083c00000|  0%| F|  |TAMS 0x0000000083b00000, 0x0000000083b00000| Untracked 
|  60|0x0000000083c00000, 0x0000000083c00000, 0x0000000083d00000|  0%| F|  |TAMS 0x0000000083c00000, 0x0000000083c00000| Untracked 
|  61|0x0000000083d00000, 0x0000000083d00000, 0x0000000083e00000|  0%| F|  |TAMS 0x0000000083d00000, 0x0000000083d00000| Untracked 
|  62|0x0000000083e00000, 0x0000000083e00000, 0x0000000083f00000|  0%| F|  |TAMS 0x0000000083e00000, 0x0000000083e00000| Untracked 
|  63|0x0000000083f00000, 0x0000000083f00000, 0x0000000084000000|  0%| F|  |TAMS 0x0000000083f00000, 0x0000000083f00000| Untracked 
|  64|0x0000000084000000, 0x0000000084100000, 0x0000000084100000|100%| E|  |TAMS 0x0000000084000000, 0x0000000084000000| Complete 
|  65|0x0000000084100000, 0x0000000084200000, 0x0000000084200000|100%| E|CS|TAMS 0x0000000084100000, 0x0000000084100000| Complete 
|  66|0x0000000084200000, 0x0000000084300000, 0x0000000084300000|100%| E|CS|TAMS 0x0000000084200000, 0x0000000084200000| Complete 
|  67|0x0000000084300000, 0x0000000084400000, 0x0000000084400000|100%| E|CS|TAMS 0x0000000084300000, 0x0000000084300000| Complete 
|  68|0x0000000084400000, 0x0000000084500000, 0x0000000084500000|100%| E|CS|TAMS 0x0000000084400000, 0x0000000084400000| Complete 
|  69|0x0000000084500000, 0x0000000084600000, 0x0000000084600000|100%| E|CS|TAMS 0x0000000084500000, 0x0000000084500000| Complete 
|  70|0x0000000084600000, 0x0000000084700000, 0x0000000084700000|100%| E|CS|TAMS 0x0000000084600000, 0x0000000084600000| Complete 
|  71|0x0000000084700000, 0x0000000084800000, 0x0000000084800000|100%| E|CS|TAMS 0x0000000084700000, 0x0000000084700000| Complete 
|  72|0x0000000084800000, 0x0000000084900000, 0x0000000084900000|100%| E|CS|TAMS 0x0000000084800000, 0x0000000084800000| Complete 
|  73|0x0000000084900000, 0x0000000084a00000, 0x0000000084a00000|100%| E|CS|TAMS 0x0000000084900000, 0x0000000084900000| Complete 
|  74|0x0000000084a00000, 0x0000000084b00000, 0x0000000084b00000|100%| E|CS|TAMS 0x0000000084a00000, 0x0000000084a00000| Complete 
|  75|0x0000000084b00000, 0x0000000084c00000, 0x0000000084c00000|100%| E|CS|TAMS 0x0000000084b00000, 0x0000000084b00000| Complete 
|  76|0x0000000084c00000, 0x0000000084d00000, 0x0000000084d00000|100%| E|CS|TAMS 0x0000000084c00000, 0x0000000084c00000| Complete 
|  77|0x0000000084d00000, 0x0000000084e00000, 0x0000000084e00000|100%| E|CS|TAMS 0x0000000084d00000, 0x0000000084d00000| Complete 
|  78|0x0000000084e00000, 0x0000000084f00000, 0x0000000084f00000|100%| E|CS|TAMS 0x0000000084e00000, 0x0000000084e00000| Complete 
|  79|0x0000000084f00000, 0x0000000085000000, 0x0000000085000000|100%| E|CS|TAMS 0x0000000084f00000, 0x0000000084f00000| Complete 
|  80|0x0000000085000000, 0x0000000085100000, 0x0000000085100000|100%| E|CS|TAMS 0x0000000085000000, 0x0000000085000000| Complete 
|  81|0x0000000085100000, 0x0000000085180000, 0x0000000085200000| 50%| S|CS|TAMS 0x0000000085100000, 0x0000000085100000| Complete 
|  82|0x0000000085200000, 0x0000000085300000, 0x0000000085300000|100%| S|CS|TAMS 0x0000000085200000, 0x0000000085200000| Complete 
|  83|0x0000000085300000, 0x0000000085400000, 0x0000000085400000|100%| S|CS|TAMS 0x0000000085300000, 0x0000000085300000| Complete 
|  84|0x0000000085400000, 0x0000000085500000, 0x0000000085500000|100%| S|CS|TAMS 0x0000000085400000, 0x0000000085400000| Complete 
|  85|0x0000000085500000, 0x0000000085600000, 0x0000000085600000|100%| S|CS|TAMS 0x0000000085500000, 0x0000000085500000| Complete 
|  86|0x0000000085600000, 0x0000000085700000, 0x0000000085700000|100%| S|CS|TAMS 0x0000000085600000, 0x0000000085600000| Complete 
|  87|0x0000000085700000, 0x0000000085800000, 0x0000000085800000|100%| E|CS|TAMS 0x0000000085700000, 0x0000000085700000| Complete 
|  88|0x0000000085800000, 0x0000000085900000, 0x0000000085900000|100%| E|CS|TAMS 0x0000000085800000, 0x0000000085800000| Complete 
|  89|0x0000000085900000, 0x0000000085a00000, 0x0000000085a00000|100%| E|CS|TAMS 0x0000000085900000, 0x0000000085900000| Complete 
|  90|0x0000000085a00000, 0x0000000085b00000, 0x0000000085b00000|100%| E|CS|TAMS 0x0000000085a00000, 0x0000000085a00000| Complete 
|  91|0x0000000085b00000, 0x0000000085c00000, 0x0000000085c00000|100%| E|CS|TAMS 0x0000000085b00000, 0x0000000085b00000| Complete 
|  92|0x0000000085c00000, 0x0000000085d00000, 0x0000000085d00000|100%| E|CS|TAMS 0x0000000085c00000, 0x0000000085c00000| Complete 
|  93|0x0000000085d00000, 0x0000000085e00000, 0x0000000085e00000|100%| E|CS|TAMS 0x0000000085d00000, 0x0000000085d00000| Complete 
|  94|0x0000000085e00000, 0x0000000085f00000, 0x0000000085f00000|100%| E|CS|TAMS 0x0000000085e00000, 0x0000000085e00000| Complete 
|  95|0x0000000085f00000, 0x0000000086000000, 0x0000000086000000|100%| E|CS|TAMS 0x0000000085f00000, 0x0000000085f00000| Complete 
|  96|0x0000000086000000, 0x0000000086100000, 0x0000000086100000|100%| E|CS|TAMS 0x0000000086000000, 0x0000000086000000| Complete 
|  97|0x0000000086100000, 0x0000000086200000, 0x0000000086200000|100%| E|CS|TAMS 0x0000000086100000, 0x0000000086100000| Complete 
|  98|0x0000000086200000, 0x0000000086300000, 0x0000000086300000|100%| E|CS|TAMS 0x0000000086200000, 0x0000000086200000| Complete 
|  99|0x0000000086300000, 0x0000000086400000, 0x0000000086400000|100%| E|CS|TAMS 0x0000000086300000, 0x0000000086300000| Complete 
| 100|0x0000000086400000, 0x0000000086500000, 0x0000000086500000|100%| E|CS|TAMS 0x0000000086400000, 0x0000000086400000| Complete 
| 101|0x0000000086500000, 0x0000000086600000, 0x0000000086600000|100%| E|CS|TAMS 0x0000000086500000, 0x0000000086500000| Complete 
| 102|0x0000000086600000, 0x0000000086700000, 0x0000000086700000|100%| E|CS|TAMS 0x0000000086600000, 0x0000000086600000| Complete 
| 103|0x0000000086700000, 0x0000000086800000, 0x0000000086800000|100%| E|CS|TAMS 0x0000000086700000, 0x0000000086700000| Complete 
| 104|0x0000000086800000, 0x0000000086900000, 0x0000000086900000|100%| E|CS|TAMS 0x0000000086800000, 0x0000000086800000| Complete 
| 105|0x0000000086900000, 0x0000000086a00000, 0x0000000086a00000|100%| E|CS|TAMS 0x0000000086900000, 0x0000000086900000| Complete 
| 106|0x0000000086a00000, 0x0000000086b00000, 0x0000000086b00000|100%| E|CS|TAMS 0x0000000086a00000, 0x0000000086a00000| Complete 
| 107|0x0000000086b00000, 0x0000000086c00000, 0x0000000086c00000|100%| E|CS|TAMS 0x0000000086b00000, 0x0000000086b00000| Complete 
| 108|0x0000000086c00000, 0x0000000086d00000, 0x0000000086d00000|100%| E|CS|TAMS 0x0000000086c00000, 0x0000000086c00000| Complete 
| 109|0x0000000086d00000, 0x0000000086e00000, 0x0000000086e00000|100%| E|CS|TAMS 0x0000000086d00000, 0x0000000086d00000| Complete 
| 110|0x0000000086e00000, 0x0000000086f00000, 0x0000000086f00000|100%| E|CS|TAMS 0x0000000086e00000, 0x0000000086e00000| Complete 
| 111|0x0000000086f00000, 0x0000000087000000, 0x0000000087000000|100%| E|CS|TAMS 0x0000000086f00000, 0x0000000086f00000| Complete 
| 112|0x0000000087000000, 0x0000000087100000, 0x0000000087100000|100%| E|CS|TAMS 0x0000000087000000, 0x0000000087000000| Complete 
| 113|0x0000000087100000, 0x0000000087200000, 0x0000000087200000|100%| E|CS|TAMS 0x0000000087100000, 0x0000000087100000| Complete 
| 114|0x0000000087200000, 0x0000000087300000, 0x0000000087300000|100%| E|CS|TAMS 0x0000000087200000, 0x0000000087200000| Complete 
| 115|0x0000000087300000, 0x0000000087400000, 0x0000000087400000|100%| E|CS|TAMS 0x0000000087300000, 0x0000000087300000| Complete 
| 116|0x0000000087400000, 0x0000000087500000, 0x0000000087500000|100%| E|CS|TAMS 0x0000000087400000, 0x0000000087400000| Complete 
| 117|0x0000000087500000, 0x0000000087600000, 0x0000000087600000|100%| E|CS|TAMS 0x0000000087500000, 0x0000000087500000| Complete 
| 118|0x0000000087600000, 0x0000000087700000, 0x0000000087700000|100%| E|CS|TAMS 0x0000000087600000, 0x0000000087600000| Complete 
| 119|0x0000000087700000, 0x0000000087800000, 0x0000000087800000|100%| E|CS|TAMS 0x0000000087700000, 0x0000000087700000| Complete 
| 120|0x0000000087800000, 0x0000000087900000, 0x0000000087900000|100%| E|CS|TAMS 0x0000000087800000, 0x0000000087800000| Complete 
| 121|0x0000000087900000, 0x0000000087a00000, 0x0000000087a00000|100%| E|CS|TAMS 0x0000000087900000, 0x0000000087900000| Complete 
| 122|0x0000000087a00000, 0x0000000087b00000, 0x0000000087b00000|100%| E|CS|TAMS 0x0000000087a00000, 0x0000000087a00000| Complete 
| 123|0x0000000087b00000, 0x0000000087c00000, 0x0000000087c00000|100%| E|CS|TAMS 0x0000000087b00000, 0x0000000087b00000| Complete 
| 124|0x0000000087c00000, 0x0000000087d00000, 0x0000000087d00000|100%| E|CS|TAMS 0x0000000087c00000, 0x0000000087c00000| Complete 
| 125|0x0000000087d00000, 0x0000000087e00000, 0x0000000087e00000|100%| E|CS|TAMS 0x0000000087d00000, 0x0000000087d00000| Complete 
| 126|0x0000000087e00000, 0x0000000087f00000, 0x0000000087f00000|100%| E|CS|TAMS 0x0000000087e00000, 0x0000000087e00000| Complete 
| 127|0x0000000087f00000, 0x0000000088000000, 0x0000000088000000|100%| E|CS|TAMS 0x0000000087f00000, 0x0000000087f00000| Complete 
| 128|0x0000000088000000, 0x0000000088100000, 0x0000000088100000|100%| E|CS|TAMS 0x0000000088000000, 0x0000000088000000| Complete 
| 129|0x0000000088100000, 0x0000000088200000, 0x0000000088200000|100%| E|CS|TAMS 0x0000000088100000, 0x0000000088100000| Complete 
| 130|0x0000000088200000, 0x0000000088300000, 0x0000000088300000|100%| E|CS|TAMS 0x0000000088200000, 0x0000000088200000| Complete 
| 131|0x0000000088300000, 0x0000000088400000, 0x0000000088400000|100%| E|CS|TAMS 0x0000000088300000, 0x0000000088300000| Complete 
| 132|0x0000000088400000, 0x0000000088500000, 0x0000000088500000|100%| E|CS|TAMS 0x0000000088400000, 0x0000000088400000| Complete 
| 133|0x0000000088500000, 0x0000000088600000, 0x0000000088600000|100%| E|CS|TAMS 0x0000000088500000, 0x0000000088500000| Complete 
| 134|0x0000000088600000, 0x0000000088700000, 0x0000000088700000|100%| E|CS|TAMS 0x0000000088600000, 0x0000000088600000| Complete 
| 135|0x0000000088700000, 0x0000000088800000, 0x0000000088800000|100%| E|CS|TAMS 0x0000000088700000, 0x0000000088700000| Complete 
| 136|0x0000000088800000, 0x0000000088900000, 0x0000000088900000|100%| E|CS|TAMS 0x0000000088800000, 0x0000000088800000| Complete 
| 137|0x0000000088900000, 0x0000000088a00000, 0x0000000088a00000|100%| E|CS|TAMS 0x0000000088900000, 0x0000000088900000| Complete 
| 138|0x0000000088a00000, 0x0000000088b00000, 0x0000000088b00000|100%| E|CS|TAMS 0x0000000088a00000, 0x0000000088a00000| Complete 
| 139|0x0000000088b00000, 0x0000000088c00000, 0x0000000088c00000|100%| E|CS|TAMS 0x0000000088b00000, 0x0000000088b00000| Complete 
| 140|0x0000000088c00000, 0x0000000088d00000, 0x0000000088d00000|100%| E|CS|TAMS 0x0000000088c00000, 0x0000000088c00000| Complete 
| 141|0x0000000088d00000, 0x0000000088e00000, 0x0000000088e00000|100%| E|CS|TAMS 0x0000000088d00000, 0x0000000088d00000| Complete 
| 142|0x0000000088e00000, 0x0000000088f00000, 0x0000000088f00000|100%| E|CS|TAMS 0x0000000088e00000, 0x0000000088e00000| Complete 
| 143|0x0000000088f00000, 0x0000000089000000, 0x0000000089000000|100%| E|CS|TAMS 0x0000000088f00000, 0x0000000088f00000| Complete 
| 144|0x0000000089000000, 0x0000000089100000, 0x0000000089100000|100%| E|CS|TAMS 0x0000000089000000, 0x0000000089000000| Complete 
| 145|0x0000000089100000, 0x0000000089200000, 0x0000000089200000|100%| E|CS|TAMS 0x0000000089100000, 0x0000000089100000| Complete 
| 146|0x0000000089200000, 0x0000000089300000, 0x0000000089300000|100%| E|CS|TAMS 0x0000000089200000, 0x0000000089200000| Complete 
| 147|0x0000000089300000, 0x0000000089400000, 0x0000000089400000|100%| E|CS|TAMS 0x0000000089300000, 0x0000000089300000| Complete 
| 148|0x0000000089400000, 0x0000000089500000, 0x0000000089500000|100%| E|CS|TAMS 0x0000000089400000, 0x0000000089400000| Complete 
| 149|0x0000000089500000, 0x0000000089600000, 0x0000000089600000|100%| E|CS|TAMS 0x0000000089500000, 0x0000000089500000| Complete 
| 150|0x0000000089600000, 0x0000000089700000, 0x0000000089700000|100%| E|CS|TAMS 0x0000000089600000, 0x0000000089600000| Complete 
| 151|0x0000000089700000, 0x0000000089800000, 0x0000000089800000|100%| E|CS|TAMS 0x0000000089700000, 0x0000000089700000| Complete 
| 152|0x0000000089800000, 0x0000000089900000, 0x0000000089900000|100%| E|CS|TAMS 0x0000000089800000, 0x0000000089800000| Complete 
| 153|0x0000000089900000, 0x0000000089a00000, 0x0000000089a00000|100%| E|CS|TAMS 0x0000000089900000, 0x0000000089900000| Complete 

Card table byte_map: [0x0000025461df0000,0x00000254621f0000] _byte_map_base: 0x00000254619f0000

Marking Bits (Prev, Next): (CMBitMap*) 0x000002544977e8c0, (CMBitMap*) 0x000002544977e888
 Prev Bits: [0x00000254645f0000, 0x00000254665f0000)
 Next Bits: [0x00000254625f0000, 0x00000254645f0000)

Polling page: 0x0000025449610000

Metaspace:

Usage:
  Non-class:     38.81 MB capacity,    38.21 MB ( 98%) used,   496.55 KB (  1%) free+waste,   122.81 KB ( <1%) overhead. 
      Class:      5.46 MB capacity,     5.05 MB ( 93%) used,   361.53 KB (  6%) free+waste,    57.56 KB (  1%) overhead. 
       Both:     44.28 MB capacity,    43.26 MB ( 98%) used,   858.08 KB (  2%) free+waste,   180.38 KB ( <1%) overhead. 

Virtual space:
  Non-class space:       40.00 MB reserved,      39.00 MB ( 98%) committed 
      Class space:        1.00 GB reserved,       5.50 MB ( <1%) committed 
             Both:        1.04 GB reserved,      44.50 MB (  4%) committed 

Chunk freelists:
   Non-Class:  0 bytes
       Class:  768 bytes
        Both:  768 bytes

CodeHeap 'non-profiled nmethods': size=120064Kb used=2156Kb max_used=2156Kb free=117907Kb
 bounds [0x000002545a8b0000, 0x000002545ab20000, 0x0000025461df0000]
CodeHeap 'profiled nmethods': size=120000Kb used=11146Kb max_used=11146Kb free=108853Kb
 bounds [0x0000025453380000, 0x0000025453e70000, 0x000002545a8b0000]
CodeHeap 'non-nmethods': size=5696Kb used=1179Kb max_used=1231Kb free=4517Kb
 bounds [0x0000025452df0000, 0x0000025453060000, 0x0000025453380000]
 total_blobs=5277 nmethods=4768 adapters=418
 compilation: enabled
              stopped_count=0, restarted_count=0
 full_count=0

Compilation events (10 events):
Event: 11.892 Thread 0x0000025468a6b000 4795       2       org.aspectj.apache.bcel.classfile.InnerClasses::<init> (16 bytes)
Event: 11.893 Thread 0x0000025468a6b000 nmethod 4795 0x0000025453e5dc10 code [0x0000025453e5dda0, 0x0000025453e5df78]
Event: 11.907 Thread 0x0000025468a6b000 4796       2       java.lang.reflect.Constructor::getParameterCount (6 bytes)
Event: 11.907 Thread 0x0000025468a6b000 nmethod 4796 0x0000025453e5e090 code [0x0000025453e5e220, 0x0000025453e5e318]
Event: 11.919 Thread 0x0000025468a6b000 4797   !   2       com.sun.proxy.$Proxy53::annotationType (29 bytes)
Event: 11.920 Thread 0x0000025468a6b000 nmethod 4797 0x0000025453e5e410 code [0x0000025453e5e5c0, 0x0000025453e5e818]
Event: 11.924 Thread 0x0000025468a6b000 4798       2       java.lang.Integer::toHexString (6 bytes)
Event: 11.924 Thread 0x0000025468a6b000 nmethod 4798 0x0000025453e5e990 code [0x0000025453e5eb20, 0x0000025453e5ec08]
Event: 11.924 Thread 0x0000025468a6b000 4799       2       java.lang.Integer::toUnsignedString0 (78 bytes)
Event: 11.925 Thread 0x0000025468a6b000 nmethod 4799 0x0000025453e5ec90 code [0x0000025453e5ee40, 0x0000025453e5f0f8]

GC Heap History (10 events):
Event: 3.759 GC heap before
{Heap before GC invocations=4 (full 0):
 garbage-first heap   total 131072K, used 26808K [0x0000000080000000, 0x0000000100000000)
  region size 1024K, 24 young (24576K), 2 survivors (2048K)
 Metaspace       used 20855K, capacity 21231K, committed 21248K, reserved 1069056K
  class space    used 2383K, capacity 2558K, committed 2560K, reserved 1048576K
}
Event: 3.768 GC heap after
{Heap after GC invocations=5 (full 0):
 garbage-first heap   total 131072K, used 7090K [0x0000000080000000, 0x0000000100000000)
  region size 1024K, 3 young (3072K), 3 survivors (3072K)
 Metaspace       used 20855K, capacity 21231K, committed 21248K, reserved 1069056K
  class space    used 2383K, capacity 2558K, committed 2560K, reserved 1048576K
}
Event: 4.872 GC heap before
{Heap before GC invocations=6 (full 0):
 garbage-first heap   total 131072K, used 38834K [0x0000000080000000, 0x0000000100000000)
  region size 1024K, 35 young (35840K), 3 survivors (3072K)
 Metaspace       used 28015K, capacity 28642K, committed 28928K, reserved 1075200K
  class space    used 3244K, capacity 3468K, committed 3584K, reserved 1048576K
}
Event: 4.886 GC heap after
{Heap after GC invocations=7 (full 0):
 garbage-first heap   total 157696K, used 8466K [0x0000000080000000, 0x0000000100000000)
  region size 1024K, 4 young (4096K), 4 survivors (4096K)
 Metaspace       used 28015K, capacity 28642K, committed 28928K, reserved 1075200K
  class space    used 3244K, capacity 3468K, committed 3584K, reserved 1048576K
}
Event: 6.742 GC heap before
{Heap before GC invocations=7 (full 0):
 garbage-first heap   total 157696K, used 57618K [0x0000000080000000, 0x0000000100000000)
  region size 1024K, 52 young (53248K), 4 survivors (4096K)
 Metaspace       used 32113K, capacity 32892K, committed 33024K, reserved 1079296K
  class space    used 3747K, capacity 4054K, committed 4096K, reserved 1048576K
}
Event: 6.763 GC heap after
{Heap after GC invocations=8 (full 0):
 garbage-first heap   total 157696K, used 12016K [0x0000000080000000, 0x0000000100000000)
  region size 1024K, 7 young (7168K), 7 survivors (7168K)
 Metaspace       used 32113K, capacity 32892K, committed 33024K, reserved 1079296K
  class space    used 3747K, capacity 4054K, committed 4096K, reserved 1048576K
}
Event: 7.544 GC heap before
{Heap before GC invocations=8 (full 0):
 garbage-first heap   total 157696K, used 36592K [0x0000000080000000, 0x0000000100000000)
  region size 1024K, 32 young (32768K), 7 survivors (7168K)
 Metaspace       used 35015K, capacity 35712K, committed 35840K, reserved 1081344K
  class space    used 4089K, capacity 4363K, committed 4480K, reserved 1048576K
}
Event: 7.567 GC heap after
{Heap after GC invocations=9 (full 0):
 garbage-first heap   total 157696K, used 13761K [0x0000000080000000, 0x0000000100000000)
  region size 1024K, 6 young (6144K), 6 survivors (6144K)
 Metaspace       used 35015K, capacity 35712K, committed 35840K, reserved 1081344K
  class space    used 4089K, capacity 4363K, committed 4480K, reserved 1048576K
}
Event: 10.072 GC heap before
{Heap before GC invocations=10 (full 0):
 garbage-first heap   total 157696K, used 76225K [0x0000000080000000, 0x0000000100000000)
  region size 1024K, 67 young (68608K), 6 survivors (6144K)
 Metaspace       used 41149K, capacity 42106K, committed 42368K, reserved 1087488K
  class space    used 4768K, capacity 5167K, committed 5248K, reserved 1048576K
}
Event: 10.104 GC heap after
{Heap after GC invocations=11 (full 0):
 garbage-first heap   total 157696K, used 17125K [0x0000000080000000, 0x0000000100000000)
  region size 1024K, 6 young (6144K), 6 survivors (6144K)
 Metaspace       used 41149K, capacity 42106K, committed 42368K, reserved 1087488K
  class space    used 4768K, capacity 5167K, committed 5248K, reserved 1048576K
}

Deoptimization events (10 events):
Event: 11.161 Thread 0x000002544b745000 Uncommon trap: reason=unstable_if action=reinterpret pc=0x000002545a93904c method=java.util.concurrent.ConcurrentHashMap.transfer([Ljava/util/concurrent/ConcurrentHashMap$Node;[Ljava/util/concurrent/ConcurrentHashMap$Node;)V @ 352 c2
Event: 11.205 Thread 0x000002544b745000 Uncommon trap: reason=class_check action=maybe_recompile pc=0x000002545aaae10c method=java.net.URLStreamHandler.parseURL(Ljava/net/URL;Ljava/lang/String;II)V @ 1197 c2
Event: 11.206 Thread 0x000002544b745000 Uncommon trap: reason=class_check action=maybe_recompile pc=0x000002545aaae10c method=java.net.URLStreamHandler.parseURL(Ljava/net/URL;Ljava/lang/String;II)V @ 1197 c2
Event: 11.308 Thread 0x000002544b745000 Uncommon trap: reason=unstable_if action=reinterpret pc=0x000002545aa3ab2c method=org.springframework.asm.Type.getTypeInternal(Ljava/lang/String;II)Lorg/springframework/asm/Type; @ 5 c2
Event: 11.308 Thread 0x000002544b745000 Uncommon trap: reason=unstable_if action=reinterpret pc=0x000002545aa062c0 method=org.springframework.asm.Frame.execute(IILorg/springframework/asm/Symbol;Lorg/springframework/asm/SymbolTable;)V @ 1 c2
Event: 11.309 Thread 0x000002544b745000 Uncommon trap: reason=unstable_if action=reinterpret pc=0x000002545aa28030 method=org.springframework.asm.Frame.merge(Lorg/springframework/asm/SymbolTable;I[II)Z @ 87 c2
Event: 11.545 Thread 0x000002544b745000 Uncommon trap: reason=unstable_if action=reinterpret pc=0x000002545a9b98b8 method=java.io.WinNTFileSystem.isLetter(C)Z @ 3 c2
Event: 11.649 Thread 0x000002544b745000 Uncommon trap: reason=unstable_if action=reinterpret pc=0x000002545aac05e8 method=org.springframework.beans.factory.support.AbstractBeanFactory.isTypeMatch(Ljava/lang/String;Lorg/springframework/core/ResolvableType;)Z @ 26 c2
Event: 11.726 Thread 0x000002544b745000 Uncommon trap: reason=class_check action=maybe_recompile pc=0x000002545aaae10c method=java.net.URLStreamHandler.parseURL(Ljava/net/URL;Ljava/lang/String;II)V @ 1197 c2
Event: 11.729 Thread 0x000002544b745000 Uncommon trap: reason=class_check action=maybe_recompile pc=0x000002545aaae10c method=java.net.URLStreamHandler.parseURL(Ljava/net/URL;Ljava/lang/String;II)V @ 1197 c2

Classes redefined (0 events):
No events

Internal exceptions (10 events):
Event: 10.848 Thread 0x000002544b745000 Exception <a 'java/lang/ClassNotFoundException'{0x0000000087f82760}: org/springframework/context/annotation/ConfigurationClassEnhancer$EnhancedConfigurationCustomizer> (0x0000000087f82760) thrown at [./open/src/hotspot/share/classfile/systemDictionary.cpp
Event: 10.848 Thread 0x000002544b745000 Exception <a 'java/lang/ClassNotFoundException'{0x0000000087f8d950}: org/springframework/beans/factory/BeanFactoryAwareCustomizer> (0x0000000087f8d950) thrown at [./open/src/hotspot/share/classfile/systemDictionary.cpp, line 226]
Event: 10.849 Thread 0x000002544b745000 Exception <a 'java/lang/ClassNotFoundException'{0x0000000087f988d8}: org/springframework/beans/factory/AwareCustomizer> (0x0000000087f988d8) thrown at [./open/src/hotspot/share/classfile/systemDictionary.cpp, line 226]
Event: 10.849 Thread 0x000002544b745000 Exception <a 'java/lang/ClassNotFoundException'{0x0000000087fa2ff0}: org/springframework/context/ResourceLoaderAwareCustomizer> (0x0000000087fa2ff0) thrown at [./open/src/hotspot/share/classfile/systemDictionary.cpp, line 226]
Event: 10.850 Thread 0x000002544b745000 Exception <a 'java/lang/ClassNotFoundException'{0x0000000087fada20}: org/springframework/beans/factory/AwareCustomizer> (0x0000000087fada20) thrown at [./open/src/hotspot/share/classfile/systemDictionary.cpp, line 226]
Event: 10.850 Thread 0x000002544b745000 Exception <a 'java/lang/ClassNotFoundException'{0x0000000087fb8ab8}: org/springframework/context/ApplicationContextAwareCustomizer> (0x0000000087fb8ab8) thrown at [./open/src/hotspot/share/classfile/systemDictionary.cpp, line 226]
Event: 10.851 Thread 0x000002544b745000 Exception <a 'java/lang/ClassNotFoundException'{0x0000000087fc3e78}: org/springframework/beans/factory/AwareCustomizer> (0x0000000087fc3e78) thrown at [./open/src/hotspot/share/classfile/systemDictionary.cpp, line 226]
Event: 10.852 Thread 0x000002544b745000 Exception <a 'java/lang/ClassNotFoundException'{0x0000000087fceee8}: org/springframework/web/context/ServletContextAwareCustomizer> (0x0000000087fceee8) thrown at [./open/src/hotspot/share/classfile/systemDictionary.cpp, line 226]
Event: 10.852 Thread 0x000002544b745000 Exception <a 'java/lang/ClassNotFoundException'{0x0000000087fd9d80}: org/springframework/beans/factory/AwareCustomizer> (0x0000000087fd9d80) thrown at [./open/src/hotspot/share/classfile/systemDictionary.cpp, line 226]
Event: 11.251 Thread 0x000002544b745000 Exception <a 'java/lang/NoSuchMethodError'{0x0000000086708c90}: java.lang.invoke.DirectMethodHandle$Holder.invokeVirtual(Ljava/lang/Object;Ljava/lang/Object;I)V> (0x0000000086708c90) thrown at [./open/src/hotspot/share/interpreter/linkResolver.cpp, line 7

Events (10 events):
Event: 11.899 loading class org/springframework/cloud/sleuth/instrument/web/client/TraceRestTemplateCustomizer
Event: 11.899 loading class org/springframework/cloud/sleuth/instrument/web/client/TraceRestTemplateCustomizer done
Event: 11.900 Thread 0x000002544b745000 DEOPT PACKING pc=0x0000025453e2fc3b sp=0x000000d1475fc040
Event: 11.900 Thread 0x000002544b745000 DEOPT UNPACKING pc=0x0000025452e17c0e sp=0x000000d1475fb580 mode 0
Event: 11.901 loading class org/springframework/http/client/support/BasicAuthenticationInterceptor
Event: 11.901 loading class org/springframework/http/client/support/BasicAuthenticationInterceptor done
Event: 11.909 loading class org/springframework/web/multipart/MultipartHttpServletRequest
Event: 11.909 loading class org/springframework/web/multipart/MultipartHttpServletRequest done
Event: 11.910 loading class org/springframework/web/multipart/MultipartRequest
Event: 11.910 loading class org/springframework/web/multipart/MultipartRequest done


Dynamic libraries:
0x00007ff760ae0000 - 0x00007ff760aef000 	C:\Program Files\Java\jdk-11.0.15\bin\java.exe
0x00007ffc25310000 - 0x00007ffc25508000 	C:\Windows\SYSTEM32\ntdll.dll
0x00007ffc241e0000 - 0x00007ffc2429d000 	C:\Windows\System32\KERNEL32.DLL
0x00007ffc230a0000 - 0x00007ffc2336e000 	C:\Windows\System32\KERNELBASE.dll
0x00007ffc22e10000 - 0x00007ffc22f10000 	C:\Windows\System32\ucrtbase.dll
0x00007ffc16250000 - 0x00007ffc16268000 	C:\Program Files\Java\jdk-11.0.15\bin\jli.dll
0x00007ffc23420000 - 0x00007ffc234ce000 	C:\Windows\System32\ADVAPI32.dll
0x00007ffc24580000 - 0x00007ffc2461e000 	C:\Windows\System32\msvcrt.dll
0x00007ffc23f40000 - 0x00007ffc23fdc000 	C:\Windows\System32\sechost.dll
0x00007ffc240b0000 - 0x00007ffc241d5000 	C:\Windows\System32\RPCRT4.dll
0x00007ffc24b80000 - 0x00007ffc24d20000 	C:\Windows\System32\USER32.dll
0x00007ffc22f10000 - 0x00007ffc22f32000 	C:\Windows\System32\win32u.dll
0x00007ffc16230000 - 0x00007ffc16245000 	C:\Program Files\Java\jdk-11.0.15\bin\VCRUNTIME140.dll
0x00007ffc0ee20000 - 0x00007ffc0f0ba000 	C:\Windows\WinSxS\amd64_microsoft.windows.common-controls_6595b64144ccf1df_6.0.19041.1110_none_60b5254171f9507e\COMCTL32.dll
0x00007ffc24540000 - 0x00007ffc2456a000 	C:\Windows\System32\GDI32.dll
0x00007ffc22c50000 - 0x00007ffc22d5b000 	C:\Windows\System32\gdi32full.dll
0x00007ffc22fd0000 - 0x00007ffc2306d000 	C:\Windows\System32\msvcp_win.dll
0x00007ffc1aa90000 - 0x00007ffc1aa9a000 	C:\Windows\SYSTEM32\VERSION.dll
0x00007ffc23550000 - 0x00007ffc23580000 	C:\Windows\System32\IMM32.DLL
0x00007ffc0ed80000 - 0x00007ffc0ee1b000 	C:\Program Files\Java\jdk-11.0.15\bin\msvcp140.dll
0x00007ffc0e260000 - 0x00007ffc0ed76000 	C:\Program Files\Java\jdk-11.0.15\bin\server\jvm.dll
0x00007ffc24700000 - 0x00007ffc24708000 	C:\Windows\System32\PSAPI.DLL
0x00007ffc16220000 - 0x00007ffc16229000 	C:\Windows\SYSTEM32\WSOCK32.dll
0x00007ffc244d0000 - 0x00007ffc2453b000 	C:\Windows\System32\WS2_32.dll
0x00007ffc16310000 - 0x00007ffc16337000 	C:\Windows\SYSTEM32\WINMM.dll
0x00007ffc20910000 - 0x00007ffc20922000 	C:\Windows\SYSTEM32\kernel.appcore.dll
0x00007ffc11650000 - 0x00007ffc11660000 	C:\Program Files\Java\jdk-11.0.15\bin\verify.dll
0x00007ffc16410000 - 0x00007ffc165f4000 	C:\Windows\SYSTEM32\DBGHELP.DLL
0x00007ffc16040000 - 0x00007ffc1606c000 	C:\Windows\SYSTEM32\dbgcore.DLL
0x00007ffc22f40000 - 0x00007ffc22fc2000 	C:\Windows\System32\bcryptPrimitives.dll
0x00007ffc0e0a0000 - 0x00007ffc0e0c8000 	C:\Program Files\Java\jdk-11.0.15\bin\java.dll
0x00007ffc0e090000 - 0x00007ffc0e09a000 	C:\Program Files\Java\jdk-11.0.15\bin\jimage.dll
0x00007ffc09f40000 - 0x00007ffc09f4e000 	C:\Program Files\Java\jdk-11.0.15\bin\instrument.dll
0x00007ffc0e070000 - 0x00007ffc0e086000 	C:\Program Files\Java\jdk-11.0.15\bin\zip.dll
0x00007ffc23580000 - 0x00007ffc23cc4000 	C:\Windows\System32\SHELL32.dll
0x00007ffc20b10000 - 0x00007ffc212a4000 	C:\Windows\SYSTEM32\windows.storage.dll
0x00007ffc24f70000 - 0x00007ffc252c4000 	C:\Windows\System32\combase.dll
0x00007ffc222e0000 - 0x00007ffc22310000 	C:\Windows\SYSTEM32\Wldp.dll
0x00007ffc23370000 - 0x00007ffc2341d000 	C:\Windows\System32\SHCORE.dll
0x00007ffc24620000 - 0x00007ffc24675000 	C:\Windows\System32\shlwapi.dll
0x00007ffc22970000 - 0x00007ffc2298f000 	C:\Windows\SYSTEM32\profapi.dll
0x00007ffc0de50000 - 0x00007ffc0de69000 	C:\Program Files\Java\jdk-11.0.15\bin\net.dll
0x00007ffc1a630000 - 0x00007ffc1a73a000 	C:\Windows\SYSTEM32\WINHTTP.dll
0x00007ffc220c0000 - 0x00007ffc2212a000 	C:\Windows\system32\mswsock.dll
0x00007ffc0de30000 - 0x00007ffc0de42000 	C:\Program Files\Java\jdk-11.0.15\bin\nio.dll
0x00007ffc038d0000 - 0x00007ffc038ea000 	C:\Program Files\JetBrains\IntelliJ IDEA Community Edition 2022.2.1\bin\breakgen64.dll
0x00007ffc21dd0000 - 0x00007ffc21e0b000 	C:\Windows\SYSTEM32\IPHLPAPI.DLL
0x00007ffc24570000 - 0x00007ffc24578000 	C:\Windows\System32\NSI.dll
0x00007ffc1b5a0000 - 0x00007ffc1b5b7000 	C:\Windows\SYSTEM32\dhcpcsvc6.DLL
0x00007ffc1b580000 - 0x00007ffc1b59d000 	C:\Windows\SYSTEM32\dhcpcsvc.DLL
0x00007ffc21e10000 - 0x00007ffc21eda000 	C:\Windows\SYSTEM32\DNSAPI.dll
0x00007ffc19ff0000 - 0x00007ffc19ffa000 	C:\Windows\System32\rasadhlp.dll
0x00007ffc1a4e0000 - 0x00007ffc1a560000 	C:\Windows\System32\fwpuclnt.dll
0x00007ffc23070000 - 0x00007ffc23097000 	C:\Windows\System32\bcrypt.dll
0x00007ffc0f250000 - 0x00007ffc0f259000 	C:\Program Files\Java\jdk-11.0.15\bin\management.dll
0x00007ffc0f240000 - 0x00007ffc0f24b000 	C:\Program Files\Java\jdk-11.0.15\bin\management_ext.dll
0x00007ffc11730000 - 0x00007ffc11747000 	C:\Windows\system32\napinsp.dll
0x00007ffc11710000 - 0x00007ffc1172b000 	C:\Windows\system32\pnrpnsp.dll
0x00007ffc116f0000 - 0x00007ffc11705000 	C:\Windows\system32\wshbth.dll
0x00007ffc1e3f0000 - 0x00007ffc1e40d000 	C:\Windows\system32\NLAapi.dll
0x00007ffc116d0000 - 0x00007ffc116e2000 	C:\Windows\System32\winrnr.dll
0x00007ffc22320000 - 0x00007ffc22338000 	C:\Windows\SYSTEM32\CRYPTSP.dll
0x00007ffc21a60000 - 0x00007ffc21a94000 	C:\Windows\system32\rsaenh.dll
0x00007ffc22930000 - 0x00007ffc2295e000 	C:\Windows\SYSTEM32\USERENV.dll
0x00007ffc22250000 - 0x00007ffc2225c000 	C:\Windows\SYSTEM32\CRYPTBASE.dll

dbghelp: loaded successfully - version: 4.0.5 - missing functions: none
symbol engine: initialized successfully - sym options: 0x614 - pdb path: .;C:\Program Files\Java\jdk-11.0.15\bin;C:\Windows\SYSTEM32;C:\Windows\WinSxS\amd64_microsoft.windows.common-controls_6595b64144ccf1df_6.0.19041.1110_none_60b5254171f9507e;C:\Program Files\Java\jdk-11.0.15\bin\server;C:\Program Files\JetBrains\IntelliJ IDEA Community Edition 2022.2.1\bin

VM Arguments:
jvm_args: -javaagent:C:\Program Files\JetBrains\IntelliJ IDEA Community Edition 2022.2.1\lib\idea_rt.jar=61210:C:\Program Files\JetBrains\IntelliJ IDEA Community Edition 2022.2.1\bin -Dfile.encoding=UTF-8 
java_command: com.training.Microservice1Application
java_class_path (initial): C:\Users\sfjbs\Downloads\cloud-sleuth-main\cloud-sleuth-main\microservice1\target\classes;C:\Users\sfjbs\.m2\repository\org\springframework\cloud\spring-cloud-starter-sleuth\2.1.2.RELEASE\spring-cloud-starter-sleuth-2.1.2.RELEASE.jar;C:\Users\sfjbs\.m2\repository\org\springframework\cloud\spring-cloud-starter\2.1.2.RELEASE\spring-cloud-starter-2.1.2.RELEASE.jar;C:\Users\sfjbs\.m2\repository\org\springframework\cloud\spring-cloud-context\2.1.2.RELEASE\spring-cloud-context-2.1.2.RELEASE.jar;C:\Users\sfjbs\.m2\repository\org\springframework\security\spring-security-crypto\5.1.6.RELEASE\spring-security-crypto-5.1.6.RELEASE.jar;C:\Users\sfjbs\.m2\repository\org\springframework\cloud\spring-cloud-commons\2.1.2.RELEASE\spring-cloud-commons-2.1.2.RELEASE.jar;C:\Users\sfjbs\.m2\repository\org\springframework\security\spring-security-rsa\1.0.7.RELEASE\spring-security-rsa-1.0.7.RELEASE.jar;C:\Users\sfjbs\.m2\repository\org\bouncycastle\bcpkix-jdk15on\1.60\bcpkix-jdk15on-1.60.jar;C:\Users\sfjbs\.m2\repository\org\bouncycastle\bcprov-jdk15on\1.60\bcprov-jdk15on-1.60.jar;C:\Users\sfjbs\.m2\repository\org\springframework\boot\spring-boot-starter-aop\2.1.7.RELEASE\spring-boot-starter-aop-2.1.7.RELEASE.jar;C:\Users\sfjbs\.m2\repository\org\springframework\spring-aop\5.1.9.RELEASE\spring-aop-5.1.9.RELEASE.jar;C:\Users\sfjbs\.m2\repository\org\aspectj\aspectjweaver\1.9.4\aspectjweaver-1.9.4.jar;C:\Users\sfjbs\.m2\repository\org\springframework\cloud\spring-cloud-sleuth-core\2.1.2.RELEASE\spring-cloud-sleuth-core-2.1.2.RELEASE.jar;C:\Users\sfjbs\.m2\repository\org\springframework\spring-context\5.1.9.RELEASE\spring-context-5.1.9.RELEASE.jar;C:\Users\sfjbs\.m2\repository\org\aspectj\aspectjrt\1.9.4\aspectjrt-1.9.4.jar;C:\Users\sfjbs\.m2\repository\io\zipkin\brave\brave\5.6.5\brave-5.6.5.jar;C:\Users\sfjbs\.m2\repository\io\zipkin\brave\brave-context-log4j2\5.6.5\brave-context-log4j2-5.6.5.jar;C:\Users\sfjbs\.m2\repository\io\zipkin\brave\brave-instrumentatio
Launcher Type: SUN_STANDARD

[Global flags]
     intx CICompilerCount                          = 2                                         {product} {ergonomic}
     uint ConcGCThreads                            = 1                                         {product} {ergonomic}
     uint G1ConcRefinementThreads                  = 2                                         {product} {ergonomic}
   size_t G1HeapRegionSize                         = 1048576                                   {product} {ergonomic}
    uintx GCDrainStackTargetSize                   = 64                                        {product} {ergonomic}
   size_t InitialHeapSize                          = 134217728                                 {product} {ergonomic}
   size_t MarkStackSize                            = 4194304                                   {product} {ergonomic}
   size_t MaxHeapSize                              = 2147483648                                {product} {ergonomic}
   size_t MaxNewSize                               = 1287651328                                {product} {ergonomic}
   size_t MinHeapDeltaBytes                        = 1048576                                   {product} {ergonomic}
    uintx NonNMethodCodeHeapSize                   = 5825164                                {pd product} {ergonomic}
    uintx NonProfiledCodeHeapSize                  = 122916538                              {pd product} {ergonomic}
    uintx ProfiledCodeHeapSize                     = 122916538                              {pd product} {ergonomic}
    uintx ReservedCodeCacheSize                    = 251658240                              {pd product} {ergonomic}
     bool SegmentedCodeCache                       = true                                      {product} {ergonomic}
     bool UseCompressedClassPointers               = true                                 {lp64_product} {ergonomic}
     bool UseCompressedOops                        = true                                 {lp64_product} {ergonomic}
     bool UseG1GC                                  = true                                      {product} {ergonomic}
     bool UseLargePagesIndividualAllocation        = false                                  {pd product} {ergonomic}

Logging:
Log output configuration:
 #0: stdout all=warning uptime,level,tags
 #1: stderr all=off uptime,level,tags

Environment Variables:
PATH=C:\Program Files\Common Files\Oracle\Java\javapath;C:\Windows\system32;C:\Windows;C:\Windows\System32\Wbem;C:\Windows\System32\WindowsPowerShell\v1.0\;C:\Windows\System32\OpenSSH\;C:\Program Files\PuTTY\;C:\Program Files\Git\cmd;C:\Program Files\Docker\Docker\resources\bin;C:\ProgramData\DockerDesktop\version-bin;C:\Users\sfjbs\Downloads\apache-maven-3.8.6-bin\apache-maven-3.8.6\bin;C:\Users\sfjbs\Downloads\apache-maven-3.8.6-bin\apache-maven-3.8.6\lib;C:\Users\sfjbs\AppData\Local\Microsoft\WindowsApps;C:\Program Files\JetBrains\IntelliJ IDEA Community Edition 2022.2.1\bin;;C:\Users\sfjbs\Downloads\apache-maven-3.8.6-bin\apache-maven-3.8.6\bin;C:\Users\sfjbs\Downloads\apache-maven-3.8.6-bin\apache-maven-3.8.6\lib;
USERNAME=sfjbs
OS=Windows_NT
PROCESSOR_IDENTIFIER=Intel64 Family 6 Model 85 Stepping 7, GenuineIntel



---------------  S Y S T E M  ---------------

OS: Windows 10 , 64 bit Build 19041 (10.0.19041.1889)
Hyper-V role detected

CPU:total 2 (initial active 2) (1 cores per cpu, 2 threads per core) family 6 model 85 stepping 7 microcode 0xffffffff, cmov, cx8, fxsr, mmx, sse, sse2, sse3, ssse3, sse4.1, sse4.2, popcnt, avx, avx2, aes, clmul, erms, rtm, 3dnowpref, lzcnt, ht, tsc, bmi1, bmi2, adx, evex, fma

Memory: 4k page, system-wide physical 8190M (1577M free)
TotalPageFile size 10238M (AvailPageFile size 5M)
current process WorkingSet (physical memory assigned to process): 239M, peak: 239M
current process commit charge ("private bytes"): 318M, peak: 319M

vm_info: Java HotSpot(TM) 64-Bit Server VM (11.0.15+8-LTS-149) for windows-amd64 JRE (11.0.15+8-LTS-149), built on Mar  9 2022 22:42:32 by "mach5one" with MS VC++ 15.9 (VS2017)

END.
