#
# There is insufficient memory for the Java Runtime Environment to continue.
# Native memory allocation (malloc) failed to allocate 1173136 bytes for Chunk::new
# Possible reasons:
#   The system is out of physical RAM or swap space
#   The process is running with CompressedOops enabled, and the Java Heap may be blocking the growth of the native heap
# Possible solutions:
#   Reduce memory load on the system
#   Increase physical memory or swap space
#   Check if swap backing store is full
#   Decrease Java heap size (-Xmx/-Xms)
#   Decrease number of Java threads
#   Decrease Java thread stack sizes (-Xss)
#   Set larger code cache with -XX:ReservedCodeCacheSize=
#   JVM is running with Unscaled Compressed Oops mode in which the Java heap is
#     placed in the first 4GB address space. The Java Heap base address is the
#     maximum limit for the native heap growth. Please use -XX:HeapBaseMinAddress
#     to set the Java Heap base and to place the Java Heap above 4GB virtual address.
# This output file may be truncated or incomplete.
#
#  Out of Memory Error (./open/src/hotspot/share/memory/arena.cpp:197), pid=12836, tid=5992
#
# JRE version: Java(TM) SE Runtime Environment 18.9 (11.0.15+8) (build 11.0.15+8-LTS-149)
# Java VM: Java HotSpot(TM) 64-Bit Server VM 18.9 (11.0.15+8-LTS-149, mixed mode, tiered, compressed oops, g1 gc, windows-amd64)
# No core dump will be written. Minidumps are not enabled by default on client versions of Windows
#

---------------  S U M M A R Y ------------

Command Line: -javaagent:C:\Program Files\JetBrains\IntelliJ IDEA Community Edition 2022.2.1\lib\idea_rt.jar=57088:C:\Program Files\JetBrains\IntelliJ IDEA Community Edition 2022.2.1\bin -Dfile.encoding=UTF-8 com.training.Microservice4Application

Host: Intel(R) Xeon(R) Platinum 8272CL CPU @ 2.60GHz, 2 cores, 7G,  Windows 10 , 64 bit Build 19041 (10.0.19041.1889)
Time: Thu Sep  8 04:52:33 2022 Coordinated Universal Time elapsed time: 4.249608 seconds (0d 0h 0m 4s)

---------------  T H R E A D  ---------------

Current thread (0x0000021fcbd9b000):  JavaThread "C2 CompilerThread0" daemon [_thread_in_native, id=5992, stack(0x0000002fbf600000,0x0000002fbf700000)]


Current CompileTask:
C2:   4249 2019   !   4       jdk.internal.loader.BuiltinClassLoader::loadClassOrNull (143 bytes)

Stack: [0x0000002fbf600000,0x0000002fbf700000]
Native frames: (J=compiled Java code, j=interpreted, Vv=VM code, C=native code)
V  [jvm.dll+0x629d8a]
V  [jvm.dll+0x7638ff]
V  [jvm.dll+0x764fa9]
V  [jvm.dll+0x765633]
V  [jvm.dll+0x23d9c8]
V  [jvm.dll+0xb2a1c]
V  [jvm.dll+0xb2fdc]
V  [jvm.dll+0x2ae744]
V  [jvm.dll+0x53d4c6]
V  [jvm.dll+0x20089d]
V  [jvm.dll+0x1fa64a]
V  [jvm.dll+0x1f762d]
V  [jvm.dll+0x177c51]
V  [jvm.dll+0x207026]
V  [jvm.dll+0x2051bb]
V  [jvm.dll+0x729820]
V  [jvm.dll+0x7223f4]
V  [jvm.dll+0x628c26]
C  [ucrtbase.dll+0x21bb2]
C  [KERNEL32.DLL+0x17034]
C  [ntdll.dll+0x52651]


---------------  P R O C E S S  ---------------

Threads class SMR info:
_java_thread_list=0x0000021fcd659330, length=12, elements={
0x0000021fae925000, 0x0000021fcbd74800, 0x0000021fcbd75800, 0x0000021fcc612800,
0x0000021fcbd95800, 0x0000021fcbd96000, 0x0000021fcbd9b000, 0x0000021fcc648000,
0x0000021fcc64b800, 0x0000021fae9fa000, 0x0000021fccbc8000, 0x0000021fcd195800
}

Java Threads: ( => current thread )
  0x0000021fae925000 JavaThread "main" [_thread_in_vm, id=5688, stack(0x0000002fbe900000,0x0000002fbea00000)]
  0x0000021fcbd74800 JavaThread "Reference Handler" daemon [_thread_blocked, id=9396, stack(0x0000002fbf100000,0x0000002fbf200000)]
  0x0000021fcbd75800 JavaThread "Finalizer" daemon [_thread_blocked, id=12696, stack(0x0000002fbf200000,0x0000002fbf300000)]
  0x0000021fcc612800 JavaThread "Signal Dispatcher" daemon [_thread_blocked, id=6516, stack(0x0000002fbf300000,0x0000002fbf400000)]
  0x0000021fcbd95800 JavaThread "Attach Listener" daemon [_thread_blocked, id=2712, stack(0x0000002fbf400000,0x0000002fbf500000)]
  0x0000021fcbd96000 JavaThread "Service Thread" daemon [_thread_blocked, id=9468, stack(0x0000002fbf500000,0x0000002fbf600000)]
=>0x0000021fcbd9b000 JavaThread "C2 CompilerThread0" daemon [_thread_in_native, id=5992, stack(0x0000002fbf600000,0x0000002fbf700000)]
  0x0000021fcc648000 JavaThread "C1 CompilerThread0" daemon [_thread_in_native, id=7020, stack(0x0000002fbf700000,0x0000002fbf800000)]
  0x0000021fcc64b800 JavaThread "Sweeper thread" daemon [_thread_blocked, id=11324, stack(0x0000002fbf800000,0x0000002fbf900000)]
  0x0000021fae9fa000 JavaThread "Common-Cleaner" daemon [_thread_blocked, id=11256, stack(0x0000002fbf900000,0x0000002fbfa00000)]
  0x0000021fccbc8000 JavaThread "Monitor Ctrl-Break" daemon [_thread_in_native, id=13116, stack(0x0000002fbfa00000,0x0000002fbfb00000)]
  0x0000021fcd195800 JavaThread "background-preinit" [_thread_in_Java, id=8328, stack(0x0000002fbfc00000,0x0000002fbfd00000)]

Other Threads:
  0x0000021fcbd6f800 VMThread "VM Thread" [stack: 0x0000002fbf000000,0x0000002fbf100000] [id=4660]
  0x0000021fccbd1000 WatcherThread [stack: 0x0000002fbfb00000,0x0000002fbfc00000] [id=8504]
  0x0000021fae93a000 GCTaskThread "GC Thread#0" [stack: 0x0000002fbeb00000,0x0000002fbec00000] [id=6076]
  0x0000021fccc18800 GCTaskThread "GC Thread#1" [stack: 0x0000002fbfd00000,0x0000002fbfe00000] [id=1996]
  0x0000021fae967800 ConcurrentGCThread "G1 Main Marker" [stack: 0x0000002fbec00000,0x0000002fbed00000] [id=7360]
  0x0000021fae969800 ConcurrentGCThread "G1 Conc#0" [stack: 0x0000002fbed00000,0x0000002fbee00000] [id=5376]
  0x0000021fae9f1800 ConcurrentGCThread "G1 Refine#0" [stack: 0x0000002fbee00000,0x0000002fbef00000] [id=11560]
  0x0000021fae9f2800 ConcurrentGCThread "G1 Young RemSet Sampling" [stack: 0x0000002fbef00000,0x0000002fbf000000] [id=3788]

Threads with active compile tasks:
C2 CompilerThread0   4305 2019   !   4       jdk.internal.loader.BuiltinClassLoader::loadClassOrNull (143 bytes)
C1 CompilerThread0   4305 2123   !   3       com.sun.org.apache.xerces.internal.impl.XMLDocumentFragmentScannerImpl$FragmentContentDriver::next (2329 bytes)

VM state:not at safepoint (normal execution)

VM Mutex/Monitor currently owned by a thread: None

Heap address: 0x0000000080000000, size: 2048 MB, Compressed Oops mode: 32-bit
Narrow klass base: 0x0000000000000000, Narrow klass shift: 3
Compressed class space size: 1073741824 Address: 0x0000000100000000

Heap:
 garbage-first heap   total 157696K, used 35961K [0x0000000080000000, 0x0000000100000000)
  region size 1024K, 32 young (32768K), 2 survivors (2048K)
 Metaspace       used 27551K, capacity 28083K, committed 28288K, reserved 1075200K
  class space    used 3185K, capacity 3389K, committed 3456K, reserved 1048576K
Heap Regions: E=young(eden), S=young(survivor), O=old, HS=humongous(starts), HC=humongous(continues), CS=collection set, F=free, A=archive, TAMS=top-at-mark-start (previous, next)
|   0|0x0000000080000000, 0x0000000080100000, 0x0000000080100000|100%| O|  |TAMS 0x0000000080100000, 0x0000000080000000| Untracked 
|   1|0x0000000080100000, 0x0000000080200000, 0x0000000080200000|100%| O|  |TAMS 0x0000000080200000, 0x0000000080100000| Untracked 
|   2|0x0000000080200000, 0x0000000080300000, 0x0000000080300000|100%| O|  |TAMS 0x0000000080300000, 0x0000000080200000| Untracked 
|   3|0x0000000080300000, 0x0000000080400000, 0x0000000080400000|100%| O|  |TAMS 0x0000000080400000, 0x0000000080300000| Untracked 
|   4|0x0000000080400000, 0x0000000080500000, 0x0000000080500000|100%| O|  |TAMS 0x0000000080500000, 0x0000000080400000| Untracked 
|   5|0x0000000080500000, 0x000000008054c800, 0x0000000080600000| 29%| O|  |TAMS 0x000000008054c800, 0x0000000080500000| Untracked 
|   6|0x0000000080600000, 0x0000000080600000, 0x0000000080700000|  0%| F|  |TAMS 0x0000000080600000, 0x0000000080600000| Untracked 
|   7|0x0000000080700000, 0x0000000080700000, 0x0000000080800000|  0%| F|  |TAMS 0x0000000080700000, 0x0000000080700000| Untracked 
|   8|0x0000000080800000, 0x0000000080800000, 0x0000000080900000|  0%| F|  |TAMS 0x0000000080800000, 0x0000000080800000| Untracked 
|   9|0x0000000080900000, 0x0000000080900000, 0x0000000080a00000|  0%| F|  |TAMS 0x0000000080900000, 0x0000000080900000| Untracked 
|  10|0x0000000080a00000, 0x0000000080a00000, 0x0000000080b00000|  0%| F|  |TAMS 0x0000000080a00000, 0x0000000080a00000| Untracked 
|  11|0x0000000080b00000, 0x0000000080b00000, 0x0000000080c00000|  0%| F|  |TAMS 0x0000000080b00000, 0x0000000080b00000| Untracked 
|  12|0x0000000080c00000, 0x0000000080c00000, 0x0000000080d00000|  0%| F|  |TAMS 0x0000000080c00000, 0x0000000080c00000| Untracked 
|  13|0x0000000080d00000, 0x0000000080d00000, 0x0000000080e00000|  0%| F|  |TAMS 0x0000000080d00000, 0x0000000080d00000| Untracked 
|  14|0x0000000080e00000, 0x0000000080e00000, 0x0000000080f00000|  0%| F|  |TAMS 0x0000000080e00000, 0x0000000080e00000| Untracked 
|  15|0x0000000080f00000, 0x0000000080f00000, 0x0000000081000000|  0%| F|  |TAMS 0x0000000080f00000, 0x0000000080f00000| Untracked 
|  16|0x0000000081000000, 0x0000000081000000, 0x0000000081100000|  0%| F|  |TAMS 0x0000000081000000, 0x0000000081000000| Untracked 
|  17|0x0000000081100000, 0x0000000081100000, 0x0000000081200000|  0%| F|  |TAMS 0x0000000081100000, 0x0000000081100000| Untracked 
|  18|0x0000000081200000, 0x0000000081200000, 0x0000000081300000|  0%| F|  |TAMS 0x0000000081200000, 0x0000000081200000| Untracked 
|  19|0x0000000081300000, 0x0000000081300000, 0x0000000081400000|  0%| F|  |TAMS 0x0000000081300000, 0x0000000081300000| Untracked 
|  20|0x0000000081400000, 0x0000000081400000, 0x0000000081500000|  0%| F|  |TAMS 0x0000000081400000, 0x0000000081400000| Untracked 
|  21|0x0000000081500000, 0x0000000081500000, 0x0000000081600000|  0%| F|  |TAMS 0x0000000081500000, 0x0000000081500000| Untracked 
|  22|0x0000000081600000, 0x0000000081600000, 0x0000000081700000|  0%| F|  |TAMS 0x0000000081600000, 0x0000000081600000| Untracked 
|  23|0x0000000081700000, 0x0000000081700000, 0x0000000081800000|  0%| F|  |TAMS 0x0000000081700000, 0x0000000081700000| Untracked 
|  24|0x0000000081800000, 0x0000000081800000, 0x0000000081900000|  0%| F|  |TAMS 0x0000000081800000, 0x0000000081800000| Untracked 
|  25|0x0000000081900000, 0x0000000081900000, 0x0000000081a00000|  0%| F|  |TAMS 0x0000000081900000, 0x0000000081900000| Untracked 
|  26|0x0000000081a00000, 0x0000000081a00000, 0x0000000081b00000|  0%| F|  |TAMS 0x0000000081a00000, 0x0000000081a00000| Untracked 
|  27|0x0000000081b00000, 0x0000000081b00000, 0x0000000081c00000|  0%| F|  |TAMS 0x0000000081b00000, 0x0000000081b00000| Untracked 
|  28|0x0000000081c00000, 0x0000000081c00000, 0x0000000081d00000|  0%| F|  |TAMS 0x0000000081c00000, 0x0000000081c00000| Untracked 
|  29|0x0000000081d00000, 0x0000000081d00000, 0x0000000081e00000|  0%| F|  |TAMS 0x0000000081d00000, 0x0000000081d00000| Untracked 
|  30|0x0000000081e00000, 0x0000000081e00000, 0x0000000081f00000|  0%| F|  |TAMS 0x0000000081e00000, 0x0000000081e00000| Untracked 
|  31|0x0000000081f00000, 0x0000000081f00000, 0x0000000082000000|  0%| F|  |TAMS 0x0000000081f00000, 0x0000000081f00000| Untracked 
|  32|0x0000000082000000, 0x0000000082000000, 0x0000000082100000|  0%| F|  |TAMS 0x0000000082000000, 0x0000000082000000| Untracked 
|  33|0x0000000082100000, 0x0000000082100000, 0x0000000082200000|  0%| F|  |TAMS 0x0000000082100000, 0x0000000082100000| Untracked 
|  34|0x0000000082200000, 0x0000000082200000, 0x0000000082300000|  0%| F|  |TAMS 0x0000000082200000, 0x0000000082200000| Untracked 
|  35|0x0000000082300000, 0x0000000082300000, 0x0000000082400000|  0%| F|  |TAMS 0x0000000082300000, 0x0000000082300000| Untracked 
|  36|0x0000000082400000, 0x0000000082400000, 0x0000000082500000|  0%| F|  |TAMS 0x0000000082400000, 0x0000000082400000| Untracked 
|  37|0x0000000082500000, 0x0000000082500000, 0x0000000082600000|  0%| F|  |TAMS 0x0000000082500000, 0x0000000082500000| Untracked 
|  38|0x0000000082600000, 0x0000000082600000, 0x0000000082700000|  0%| F|  |TAMS 0x0000000082600000, 0x0000000082600000| Untracked 
|  39|0x0000000082700000, 0x0000000082700000, 0x0000000082800000|  0%| F|  |TAMS 0x0000000082700000, 0x0000000082700000| Untracked 
|  40|0x0000000082800000, 0x0000000082800000, 0x0000000082900000|  0%| F|  |TAMS 0x0000000082800000, 0x0000000082800000| Untracked 
|  41|0x0000000082900000, 0x0000000082900000, 0x0000000082a00000|  0%| F|  |TAMS 0x0000000082900000, 0x0000000082900000| Untracked 
|  42|0x0000000082a00000, 0x0000000082a00000, 0x0000000082b00000|  0%| F|  |TAMS 0x0000000082a00000, 0x0000000082a00000| Untracked 
|  43|0x0000000082b00000, 0x0000000082b00000, 0x0000000082c00000|  0%| F|  |TAMS 0x0000000082b00000, 0x0000000082b00000| Untracked 
|  44|0x0000000082c00000, 0x0000000082c00000, 0x0000000082d00000|  0%| F|  |TAMS 0x0000000082c00000, 0x0000000082c00000| Untracked 
|  45|0x0000000082d00000, 0x0000000082d00000, 0x0000000082e00000|  0%| F|  |TAMS 0x0000000082d00000, 0x0000000082d00000| Untracked 
|  46|0x0000000082e00000, 0x0000000082e00000, 0x0000000082f00000|  0%| F|  |TAMS 0x0000000082e00000, 0x0000000082e00000| Untracked 
|  47|0x0000000082f00000, 0x0000000082f00000, 0x0000000083000000|  0%| F|  |TAMS 0x0000000082f00000, 0x0000000082f00000| Untracked 
|  48|0x0000000083000000, 0x0000000083000000, 0x0000000083100000|  0%| F|  |TAMS 0x0000000083000000, 0x0000000083000000| Untracked 
|  49|0x0000000083100000, 0x0000000083100000, 0x0000000083200000|  0%| F|  |TAMS 0x0000000083100000, 0x0000000083100000| Untracked 
|  50|0x0000000083200000, 0x0000000083200000, 0x0000000083300000|  0%| F|  |TAMS 0x0000000083200000, 0x0000000083200000| Untracked 
|  51|0x0000000083300000, 0x0000000083300000, 0x0000000083400000|  0%| F|  |TAMS 0x0000000083300000, 0x0000000083300000| Untracked 
|  52|0x0000000083400000, 0x0000000083400000, 0x0000000083500000|  0%| F|  |TAMS 0x0000000083400000, 0x0000000083400000| Untracked 
|  53|0x0000000083500000, 0x0000000083500000, 0x0000000083600000|  0%| F|  |TAMS 0x0000000083500000, 0x0000000083500000| Untracked 
|  54|0x0000000083600000, 0x0000000083600000, 0x0000000083700000|  0%| F|  |TAMS 0x0000000083600000, 0x0000000083600000| Untracked 
|  55|0x0000000083700000, 0x0000000083700000, 0x0000000083800000|  0%| F|  |TAMS 0x0000000083700000, 0x0000000083700000| Untracked 
|  56|0x0000000083800000, 0x0000000083800000, 0x0000000083900000|  0%| F|  |TAMS 0x0000000083800000, 0x0000000083800000| Untracked 
|  57|0x0000000083900000, 0x0000000083900000, 0x0000000083a00000|  0%| F|  |TAMS 0x0000000083900000, 0x0000000083900000| Untracked 
|  58|0x0000000083a00000, 0x0000000083a00000, 0x0000000083b00000|  0%| F|  |TAMS 0x0000000083a00000, 0x0000000083a00000| Untracked 
|  59|0x0000000083b00000, 0x0000000083b00000, 0x0000000083c00000|  0%| F|  |TAMS 0x0000000083b00000, 0x0000000083b00000| Untracked 
|  60|0x0000000083c00000, 0x0000000083c00000, 0x0000000083d00000|  0%| F|  |TAMS 0x0000000083c00000, 0x0000000083c00000| Untracked 
|  61|0x0000000083d00000, 0x0000000083d00000, 0x0000000083e00000|  0%| F|  |TAMS 0x0000000083d00000, 0x0000000083d00000| Untracked 
|  62|0x0000000083e00000, 0x0000000083e00000, 0x0000000083f00000|  0%| F|  |TAMS 0x0000000083e00000, 0x0000000083e00000| Untracked 
|  63|0x0000000083f00000, 0x0000000083f00000, 0x0000000084000000|  0%| F|  |TAMS 0x0000000083f00000, 0x0000000083f00000| Untracked 
|  64|0x0000000084000000, 0x0000000084000000, 0x0000000084100000|  0%| F|  |TAMS 0x0000000084000000, 0x0000000084000000| Untracked 
|  65|0x0000000084100000, 0x0000000084100000, 0x0000000084200000|  0%| F|  |TAMS 0x0000000084100000, 0x0000000084100000| Untracked 
|  66|0x0000000084200000, 0x0000000084200000, 0x0000000084300000|  0%| F|  |TAMS 0x0000000084200000, 0x0000000084200000| Untracked 
|  67|0x0000000084300000, 0x0000000084300000, 0x0000000084400000|  0%| F|  |TAMS 0x0000000084300000, 0x0000000084300000| Untracked 
|  68|0x0000000084400000, 0x0000000084400000, 0x0000000084500000|  0%| F|  |TAMS 0x0000000084400000, 0x0000000084400000| Untracked 
|  69|0x0000000084500000, 0x0000000084500000, 0x0000000084600000|  0%| F|  |TAMS 0x0000000084500000, 0x0000000084500000| Untracked 
|  70|0x0000000084600000, 0x0000000084600000, 0x0000000084700000|  0%| F|  |TAMS 0x0000000084600000, 0x0000000084600000| Untracked 
|  71|0x0000000084700000, 0x0000000084700000, 0x0000000084800000|  0%| F|  |TAMS 0x0000000084700000, 0x0000000084700000| Untracked 
|  72|0x0000000084800000, 0x0000000084800000, 0x0000000084900000|  0%| F|  |TAMS 0x0000000084800000, 0x0000000084800000| Untracked 
|  73|0x0000000084900000, 0x0000000084900000, 0x0000000084a00000|  0%| F|  |TAMS 0x0000000084900000, 0x0000000084900000| Untracked 
|  74|0x0000000084a00000, 0x0000000084a00000, 0x0000000084b00000|  0%| F|  |TAMS 0x0000000084a00000, 0x0000000084a00000| Untracked 
|  75|0x0000000084b00000, 0x0000000084b00000, 0x0000000084c00000|  0%| F|  |TAMS 0x0000000084b00000, 0x0000000084b00000| Untracked 
|  76|0x0000000084c00000, 0x0000000084c00000, 0x0000000084d00000|  0%| F|  |TAMS 0x0000000084c00000, 0x0000000084c00000| Untracked 
|  77|0x0000000084d00000, 0x0000000084d00000, 0x0000000084e00000|  0%| F|  |TAMS 0x0000000084d00000, 0x0000000084d00000| Untracked 
|  78|0x0000000084e00000, 0x0000000084e00000, 0x0000000084f00000|  0%| F|  |TAMS 0x0000000084e00000, 0x0000000084e00000| Untracked 
|  79|0x0000000084f00000, 0x0000000084f00000, 0x0000000085000000|  0%| F|  |TAMS 0x0000000084f00000, 0x0000000084f00000| Untracked 
|  80|0x0000000085000000, 0x0000000085000000, 0x0000000085100000|  0%| F|  |TAMS 0x0000000085000000, 0x0000000085000000| Untracked 
|  81|0x0000000085100000, 0x0000000085100000, 0x0000000085200000|  0%| F|  |TAMS 0x0000000085100000, 0x0000000085100000| Untracked 
|  82|0x0000000085200000, 0x0000000085200000, 0x0000000085300000|  0%| F|  |TAMS 0x0000000085200000, 0x0000000085200000| Untracked 
|  83|0x0000000085300000, 0x0000000085300000, 0x0000000085400000|  0%| F|  |TAMS 0x0000000085300000, 0x0000000085300000| Untracked 
|  84|0x0000000085400000, 0x0000000085400000, 0x0000000085500000|  0%| F|  |TAMS 0x0000000085400000, 0x0000000085400000| Untracked 
|  85|0x0000000085500000, 0x0000000085500000, 0x0000000085600000|  0%| F|  |TAMS 0x0000000085500000, 0x0000000085500000| Untracked 
|  86|0x0000000085600000, 0x0000000085600000, 0x0000000085700000|  0%| F|  |TAMS 0x0000000085600000, 0x0000000085600000| Untracked 
|  87|0x0000000085700000, 0x0000000085700000, 0x0000000085800000|  0%| F|  |TAMS 0x0000000085700000, 0x0000000085700000| Untracked 
|  88|0x0000000085800000, 0x0000000085800000, 0x0000000085900000|  0%| F|  |TAMS 0x0000000085800000, 0x0000000085800000| Untracked 
|  89|0x0000000085900000, 0x0000000085900000, 0x0000000085a00000|  0%| F|  |TAMS 0x0000000085900000, 0x0000000085900000| Untracked 
|  90|0x0000000085a00000, 0x0000000085a00000, 0x0000000085b00000|  0%| F|  |TAMS 0x0000000085a00000, 0x0000000085a00000| Untracked 
|  91|0x0000000085b00000, 0x0000000085b00000, 0x0000000085c00000|  0%| F|  |TAMS 0x0000000085b00000, 0x0000000085b00000| Untracked 
|  92|0x0000000085c00000, 0x0000000085c00000, 0x0000000085d00000|  0%| F|  |TAMS 0x0000000085c00000, 0x0000000085c00000| Untracked 
|  93|0x0000000085d00000, 0x0000000085d00000, 0x0000000085e00000|  0%| F|  |TAMS 0x0000000085d00000, 0x0000000085d00000| Untracked 
|  94|0x0000000085e00000, 0x0000000085e00000, 0x0000000085f00000|  0%| F|  |TAMS 0x0000000085e00000, 0x0000000085e00000| Untracked 
|  95|0x0000000085f00000, 0x0000000085f00000, 0x0000000086000000|  0%| F|  |TAMS 0x0000000085f00000, 0x0000000085f00000| Untracked 
|  96|0x0000000086000000, 0x0000000086000000, 0x0000000086100000|  0%| F|  |TAMS 0x0000000086000000, 0x0000000086000000| Untracked 
|  97|0x0000000086100000, 0x0000000086100000, 0x0000000086200000|  0%| F|  |TAMS 0x0000000086100000, 0x0000000086100000| Untracked 
|  98|0x0000000086200000, 0x0000000086200000, 0x0000000086300000|  0%| F|  |TAMS 0x0000000086200000, 0x0000000086200000| Untracked 
|  99|0x0000000086300000, 0x0000000086300000, 0x0000000086400000|  0%| F|  |TAMS 0x0000000086300000, 0x0000000086300000| Untracked 
| 100|0x0000000086400000, 0x0000000086400000, 0x0000000086500000|  0%| F|  |TAMS 0x0000000086400000, 0x0000000086400000| Untracked 
| 101|0x0000000086500000, 0x0000000086500000, 0x0000000086600000|  0%| F|  |TAMS 0x0000000086500000, 0x0000000086500000| Untracked 
| 102|0x0000000086600000, 0x00000000866d1e48, 0x0000000086700000| 81%| S|CS|TAMS 0x0000000086600000, 0x0000000086600000| Complete 
| 103|0x0000000086700000, 0x0000000086800000, 0x0000000086800000|100%| S|CS|TAMS 0x0000000086700000, 0x0000000086700000| Complete 
| 104|0x0000000086800000, 0x0000000086800000, 0x0000000086900000|  0%| F|  |TAMS 0x0000000086800000, 0x0000000086800000| Untracked 
| 105|0x0000000086900000, 0x0000000086900000, 0x0000000086a00000|  0%| F|  |TAMS 0x0000000086900000, 0x0000000086900000| Untracked 
| 106|0x0000000086a00000, 0x0000000086a00000, 0x0000000086b00000|  0%| F|  |TAMS 0x0000000086a00000, 0x0000000086a00000| Untracked 
| 107|0x0000000086b00000, 0x0000000086b00000, 0x0000000086c00000|  0%| F|  |TAMS 0x0000000086b00000, 0x0000000086b00000| Untracked 
| 108|0x0000000086c00000, 0x0000000086c00000, 0x0000000086d00000|  0%| F|  |TAMS 0x0000000086c00000, 0x0000000086c00000| Untracked 
| 109|0x0000000086d00000, 0x0000000086d00000, 0x0000000086e00000|  0%| F|  |TAMS 0x0000000086d00000, 0x0000000086d00000| Untracked 
| 110|0x0000000086e00000, 0x0000000086e00000, 0x0000000086f00000|  0%| F|  |TAMS 0x0000000086e00000, 0x0000000086e00000| Untracked 
| 111|0x0000000086f00000, 0x0000000086f00000, 0x0000000087000000|  0%| F|  |TAMS 0x0000000086f00000, 0x0000000086f00000| Untracked 
| 112|0x0000000087000000, 0x0000000087000000, 0x0000000087100000|  0%| F|  |TAMS 0x0000000087000000, 0x0000000087000000| Untracked 
| 113|0x0000000087100000, 0x0000000087100000, 0x0000000087200000|  0%| F|  |TAMS 0x0000000087100000, 0x0000000087100000| Untracked 
| 114|0x0000000087200000, 0x0000000087200000, 0x0000000087300000|  0%| F|  |TAMS 0x0000000087200000, 0x0000000087200000| Untracked 
| 115|0x0000000087300000, 0x0000000087300000, 0x0000000087400000|  0%| F|  |TAMS 0x0000000087300000, 0x0000000087300000| Untracked 
| 116|0x0000000087400000, 0x0000000087400000, 0x0000000087500000|  0%| F|  |TAMS 0x0000000087400000, 0x0000000087400000| Untracked 
| 117|0x0000000087500000, 0x0000000087500000, 0x0000000087600000|  0%| F|  |TAMS 0x0000000087500000, 0x0000000087500000| Untracked 
| 118|0x0000000087600000, 0x0000000087600000, 0x0000000087700000|  0%| F|  |TAMS 0x0000000087600000, 0x0000000087600000| Untracked 
| 119|0x0000000087700000, 0x0000000087700000, 0x0000000087800000|  0%| F|  |TAMS 0x0000000087700000, 0x0000000087700000| Untracked 
| 120|0x0000000087800000, 0x0000000087800000, 0x0000000087900000|  0%| F|  |TAMS 0x0000000087800000, 0x0000000087800000| Untracked 
| 121|0x0000000087900000, 0x0000000087900000, 0x0000000087a00000|  0%| F|  |TAMS 0x0000000087900000, 0x0000000087900000| Untracked 
| 122|0x0000000087a00000, 0x0000000087a00000, 0x0000000087b00000|  0%| F|  |TAMS 0x0000000087a00000, 0x0000000087a00000| Untracked 
| 123|0x0000000087b00000, 0x0000000087b00000, 0x0000000087c00000|  0%| F|  |TAMS 0x0000000087b00000, 0x0000000087b00000| Untracked 
| 124|0x0000000087c00000, 0x0000000087cdf990, 0x0000000087d00000| 87%| E|  |TAMS 0x0000000087c00000, 0x0000000087c00000| Complete 
| 125|0x0000000087d00000, 0x0000000087e00000, 0x0000000087e00000|100%| E|CS|TAMS 0x0000000087d00000, 0x0000000087d00000| Complete 
| 126|0x0000000087e00000, 0x0000000087f00000, 0x0000000087f00000|100%| E|CS|TAMS 0x0000000087e00000, 0x0000000087e00000| Complete 
| 127|0x0000000087f00000, 0x0000000088000000, 0x0000000088000000|100%| E|CS|TAMS 0x0000000087f00000, 0x0000000087f00000| Complete 
| 128|0x0000000088000000, 0x0000000088100000, 0x0000000088100000|100%| E|CS|TAMS 0x0000000088000000, 0x0000000088000000| Complete 
| 129|0x0000000088100000, 0x0000000088200000, 0x0000000088200000|100%| E|CS|TAMS 0x0000000088100000, 0x0000000088100000| Complete 
| 130|0x0000000088200000, 0x0000000088300000, 0x0000000088300000|100%| E|CS|TAMS 0x0000000088200000, 0x0000000088200000| Complete 
| 131|0x0000000088300000, 0x0000000088400000, 0x0000000088400000|100%| E|CS|TAMS 0x0000000088300000, 0x0000000088300000| Complete 
| 132|0x0000000088400000, 0x0000000088500000, 0x0000000088500000|100%| E|CS|TAMS 0x0000000088400000, 0x0000000088400000| Complete 
| 133|0x0000000088500000, 0x0000000088600000, 0x0000000088600000|100%| E|CS|TAMS 0x0000000088500000, 0x0000000088500000| Complete 
| 134|0x0000000088600000, 0x0000000088700000, 0x0000000088700000|100%| E|CS|TAMS 0x0000000088600000, 0x0000000088600000| Complete 
| 135|0x0000000088700000, 0x0000000088800000, 0x0000000088800000|100%| E|CS|TAMS 0x0000000088700000, 0x0000000088700000| Complete 
| 136|0x0000000088800000, 0x0000000088900000, 0x0000000088900000|100%| E|CS|TAMS 0x0000000088800000, 0x0000000088800000| Complete 
| 137|0x0000000088900000, 0x0000000088a00000, 0x0000000088a00000|100%| E|CS|TAMS 0x0000000088900000, 0x0000000088900000| Complete 
| 138|0x0000000088a00000, 0x0000000088b00000, 0x0000000088b00000|100%| E|CS|TAMS 0x0000000088a00000, 0x0000000088a00000| Complete 
| 139|0x0000000088b00000, 0x0000000088c00000, 0x0000000088c00000|100%| E|CS|TAMS 0x0000000088b00000, 0x0000000088b00000| Complete 
| 140|0x0000000088c00000, 0x0000000088d00000, 0x0000000088d00000|100%| E|CS|TAMS 0x0000000088c00000, 0x0000000088c00000| Complete 
| 141|0x0000000088d00000, 0x0000000088e00000, 0x0000000088e00000|100%| E|  |TAMS 0x0000000088d00000, 0x0000000088d00000| Complete 
| 142|0x0000000088e00000, 0x0000000088f00000, 0x0000000088f00000|100%| E|CS|TAMS 0x0000000088e00000, 0x0000000088e00000| Complete 
| 143|0x0000000088f00000, 0x0000000089000000, 0x0000000089000000|100%| E|CS|TAMS 0x0000000088f00000, 0x0000000088f00000| Complete 
| 144|0x0000000089000000, 0x0000000089100000, 0x0000000089100000|100%| E|CS|TAMS 0x0000000089000000, 0x0000000089000000| Complete 
| 145|0x0000000089100000, 0x0000000089200000, 0x0000000089200000|100%| E|CS|TAMS 0x0000000089100000, 0x0000000089100000| Complete 
| 146|0x0000000089200000, 0x0000000089300000, 0x0000000089300000|100%| E|CS|TAMS 0x0000000089200000, 0x0000000089200000| Complete 
| 147|0x0000000089300000, 0x0000000089400000, 0x0000000089400000|100%| E|CS|TAMS 0x0000000089300000, 0x0000000089300000| Complete 
| 148|0x0000000089400000, 0x0000000089500000, 0x0000000089500000|100%| E|CS|TAMS 0x0000000089400000, 0x0000000089400000| Complete 
| 149|0x0000000089500000, 0x0000000089600000, 0x0000000089600000|100%| E|CS|TAMS 0x0000000089500000, 0x0000000089500000| Complete 
| 150|0x0000000089600000, 0x0000000089700000, 0x0000000089700000|100%| E|CS|TAMS 0x0000000089600000, 0x0000000089600000| Complete 
| 151|0x0000000089700000, 0x0000000089800000, 0x0000000089800000|100%| E|CS|TAMS 0x0000000089700000, 0x0000000089700000| Complete 
| 152|0x0000000089800000, 0x0000000089900000, 0x0000000089900000|100%| E|CS|TAMS 0x0000000089800000, 0x0000000089800000| Complete 
| 153|0x0000000089900000, 0x0000000089a00000, 0x0000000089a00000|100%| E|CS|TAMS 0x0000000089900000, 0x0000000089900000| Complete 

Card table byte_map: [0x0000021fc53d0000,0x0000021fc57d0000] _byte_map_base: 0x0000021fc4fd0000

Marking Bits (Prev, Next): (CMBitMap*) 0x0000021fac8fe850, (CMBitMap*) 0x0000021fac8fe818
 Prev Bits: [0x0000021fc7bd0000, 0x0000021fc9bd0000)
 Next Bits: [0x0000021fc5bd0000, 0x0000021fc7bd0000)

Polling page: 0x0000021fac7b0000

Metaspace:

Usage:
  Non-class:     24.12 MB capacity,    23.80 MB ( 99%) used,   266.45 KB (  1%) free+waste,    61.31 KB ( <1%) overhead. 
      Class:      3.31 MB capacity,     3.11 MB ( 94%) used,   173.18 KB (  5%) free+waste,    30.31 KB ( <1%) overhead. 
       Both:     27.43 MB capacity,    26.91 MB ( 98%) used,   439.63 KB (  2%) free+waste,    91.63 KB ( <1%) overhead. 

Virtual space:
  Non-class space:       26.00 MB reserved,      24.25 MB ( 93%) committed 
      Class space:        1.00 GB reserved,       3.38 MB ( <1%) committed 
             Both:        1.03 GB reserved,      27.63 MB (  3%) committed 

Chunk freelists:
   Non-Class:  1.00 KB
       Class:  256 bytes
        Both:  1.25 KB

CodeHeap 'non-profiled nmethods': size=120064Kb used=786Kb max_used=786Kb free=119277Kb
 bounds [0x0000021fbda90000, 0x0000021fbdd00000, 0x0000021fc4fd0000]
CodeHeap 'profiled nmethods': size=120000Kb used=4187Kb max_used=4187Kb free=115812Kb
 bounds [0x0000021fb6560000, 0x0000021fb6980000, 0x0000021fbda90000]
CodeHeap 'non-nmethods': size=5696Kb used=1145Kb max_used=1161Kb free=4550Kb
 bounds [0x0000021fb5fd0000, 0x0000021fb6240000, 0x0000021fb6560000]
 total_blobs=2578 nmethods=2118 adapters=371
 compilation: enabled
              stopped_count=0, restarted_count=0
 full_count=0

Compilation events (10 events):
Event: 4.239 Thread 0x0000021fcc648000 nmethod 2092 0x0000021fb6957610 code [0x0000021fb69577e0, 0x0000021fb6957b78]
Event: 4.240 Thread 0x0000021fcc648000 2093       3       java.lang.reflect.Method::getExceptionTypes (11 bytes)
Event: 4.240 Thread 0x0000021fcc648000 nmethod 2093 0x0000021fb6957c90 code [0x0000021fb6957e40, 0x0000021fb69580e8]
Event: 4.240 Thread 0x0000021fcc648000 2094       3       org.springframework.cglib.core.TypeUtils::isStatic (13 bytes)
Event: 4.240 Thread 0x0000021fcc648000 nmethod 2094 0x0000021fb6958210 code [0x0000021fb69583a0, 0x0000021fb69584d8]
Event: 4.241 Thread 0x0000021fcc648000 2095       3       org.springframework.asm.Type::getOpcode (284 bytes)
Event: 4.242 Thread 0x0000021fcc648000 nmethod 2095 0x0000021fb6958590 code [0x0000021fb69587e0, 0x0000021fb6959358]
Event: 4.242 Thread 0x0000021fcc648000 2096       3       org.springframework.asm.Type::appendDescriptor (234 bytes)
Event: 4.244 Thread 0x0000021fcc648000 nmethod 2096 0x0000021fb6959610 code [0x0000021fb6959940, 0x0000021fb695aba8]
Event: 4.244 Thread 0x0000021fcc648000 2097       3       org.springframework.asm.Type::getArgumentTypes (140 bytes)

GC Heap History (10 events):
Event: 0.910 GC heap before
{Heap before GC invocations=0 (full 0):
 garbage-first heap   total 131072K, used 6144K [0x0000000080000000, 0x0000000100000000)
  region size 1024K, 7 young (7168K), 0 survivors (0K)
 Metaspace       used 6933K, capacity 7091K, committed 7296K, reserved 1056768K
  class space    used 610K, capacity 638K, committed 640K, reserved 1048576K
}
Event: 0.918 GC heap after
{Heap after GC invocations=1 (full 0):
 garbage-first heap   total 131072K, used 3396K [0x0000000080000000, 0x0000000100000000)
  region size 1024K, 1 young (1024K), 1 survivors (1024K)
 Metaspace       used 6933K, capacity 7091K, committed 7296K, reserved 1056768K
  class space    used 610K, capacity 638K, committed 640K, reserved 1048576K
}
Event: 1.453 GC heap before
{Heap before GC invocations=1 (full 0):
 garbage-first heap   total 131072K, used 8516K [0x0000000080000000, 0x0000000100000000)
  region size 1024K, 6 young (6144K), 1 survivors (1024K)
 Metaspace       used 9594K, capacity 9730K, committed 9984K, reserved 1058816K
  class space    used 871K, capacity 940K, committed 1024K, reserved 1048576K
}
Event: 1.458 GC heap after
{Heap after GC invocations=2 (full 0):
 garbage-first heap   total 131072K, used 4564K [0x0000000080000000, 0x0000000100000000)
  region size 1024K, 1 young (1024K), 1 survivors (1024K)
 Metaspace       used 9594K, capacity 9730K, committed 9984K, reserved 1058816K
  class space    used 871K, capacity 940K, committed 1024K, reserved 1048576K
}
Event: 2.355 GC heap before
{Heap before GC invocations=2 (full 0):
 garbage-first heap   total 131072K, used 14804K [0x0000000080000000, 0x0000000100000000)
  region size 1024K, 12 young (12288K), 1 survivors (1024K)
 Metaspace       used 13885K, capacity 14105K, committed 14336K, reserved 1062912K
  class space    used 1358K, capacity 1448K, committed 1536K, reserved 1048576K
}
Event: 2.365 GC heap after
{Heap after GC invocations=3 (full 0):
 garbage-first heap   total 131072K, used 5442K [0x0000000080000000, 0x0000000100000000)
  region size 1024K, 2 young (2048K), 2 survivors (2048K)
 Metaspace       used 13885K, capacity 14105K, committed 14336K, reserved 1062912K
  class space    used 1358K, capacity 1448K, committed 1536K, reserved 1048576K
}
Event: 2.905 GC heap before
{Heap before GC invocations=3 (full 0):
 garbage-first heap   total 131072K, used 20802K [0x0000000080000000, 0x0000000100000000)
  region size 1024K, 17 young (17408K), 2 survivors (2048K)
 Metaspace       used 16920K, capacity 17239K, committed 17408K, reserved 1064960K
  class space    used 1812K, capacity 1944K, committed 2048K, reserved 1048576K
}
Event: 2.924 GC heap after
{Heap after GC invocations=4 (full 0):
 garbage-first heap   total 131072K, used 6392K [0x0000000080000000, 0x0000000100000000)
  region size 1024K, 2 young (2048K), 2 survivors (2048K)
 Metaspace       used 16920K, capacity 17239K, committed 17408K, reserved 1064960K
  class space    used 1812K, capacity 1944K, committed 2048K, reserved 1048576K
}
Event: 3.444 GC heap before
{Heap before GC invocations=4 (full 0):
 garbage-first heap   total 131072K, used 26872K [0x0000000080000000, 0x0000000100000000)
  region size 1024K, 24 young (24576K), 2 survivors (2048K)
 Metaspace       used 20814K, capacity 21210K, committed 21248K, reserved 1069056K
  class space    used 2370K, capacity 2528K, committed 2560K, reserved 1048576K
}
Event: 3.454 GC heap after
{Heap after GC invocations=5 (full 0):
 garbage-first heap   total 157696K, used 7289K [0x0000000080000000, 0x0000000100000000)
  region size 1024K, 2 young (2048K), 2 survivors (2048K)
 Metaspace       used 20814K, capacity 21210K, committed 21248K, reserved 1069056K
  class space    used 2370K, capacity 2528K, committed 2560K, reserved 1048576K
}

Deoptimization events (10 events):
Event: 3.047 Thread 0x0000021fae925000 Uncommon trap: reason=profile_predicate action=maybe_recompile pc=0x0000021fbdb0f1bc method=org.springframework.boot.context.properties.source.ConfigurationPropertyName$Elements.canShortcutWithSource(Lorg/springframework/boot/context/properties/source/Con
Event: 3.047 Thread 0x0000021fae925000 Uncommon trap: reason=profile_predicate action=maybe_recompile pc=0x0000021fbdb0f1bc method=org.springframework.boot.context.properties.source.ConfigurationPropertyName$Elements.canShortcutWithSource(Lorg/springframework/boot/context/properties/source/Con
Event: 3.211 Thread 0x0000021fcd195800 Uncommon trap: reason=unstable_if action=reinterpret pc=0x0000021fbdad8964 method=java.util.concurrent.ConcurrentHashMap.get(Ljava/lang/Object;)Ljava/lang/Object; @ 76 c2
Event: 3.903 Thread 0x0000021fcd195800 Uncommon trap: reason=unstable_if action=reinterpret pc=0x0000021fbdb38ac4 method=java.nio.Buffer.limit(I)Ljava/nio/Buffer; @ 42 c2
Event: 3.958 Thread 0x0000021fcd195800 Uncommon trap: reason=unstable_if action=reinterpret pc=0x0000021fbdaf0bf8 method=jdk.internal.org.objectweb.asm.Type.getArgumentsAndReturnSizes(Ljava/lang/String;)I @ 47 c2
Event: 3.959 Thread 0x0000021fcd195800 Uncommon trap: reason=unstable_if action=reinterpret pc=0x0000021fbdb25da8 method=jdk.internal.org.objectweb.asm.Frame.push(Ljdk/internal/org/objectweb/asm/ClassWriter;Ljava/lang/String;)V @ 18 c2
Event: 4.046 Thread 0x0000021fcd195800 Uncommon trap: reason=unstable_if action=reinterpret pc=0x0000021fbdaff39c method=java.nio.Buffer.position(I)Ljava/nio/Buffer; @ 37 c2
Event: 4.047 Thread 0x0000021fcd195800 Uncommon trap: reason=unstable_if action=reinterpret pc=0x0000021fbdb49978 method=java.util.LinkedHashMap.get(Ljava/lang/Object;)Ljava/lang/Object; @ 20 c2
Event: 4.053 Thread 0x0000021fcd195800 Uncommon trap: reason=unstable_if action=reinterpret pc=0x0000021fbdb11b1c method=java.nio.Buffer.position(I)Ljava/nio/Buffer; @ 37 c2
Event: 4.223 Thread 0x0000021fae925000 Uncommon trap: reason=bimorphic_or_optimized_type_check action=maybe_recompile pc=0x0000021fbdb300c4 method=java.util.HashMap.putVal(ILjava/lang/Object;Ljava/lang/Object;ZZ)Ljava/lang/Object; @ 203 c2

Classes redefined (0 events):
No events

Internal exceptions (10 events):
Event: 3.610 Thread 0x0000021fae925000 Exception <a 'java/lang/ClassNotFoundException'{0x00000000893688e8}: org/springframework/context/EnvironmentAwareCustomizer> (0x00000000893688e8) thrown at [./open/src/hotspot/share/classfile/systemDictionary.cpp, line 226]
Event: 3.610 Thread 0x0000021fae925000 Exception <a 'java/lang/ClassNotFoundException'{0x0000000089373728}: org/springframework/beans/factory/AwareCustomizer> (0x0000000089373728) thrown at [./open/src/hotspot/share/classfile/systemDictionary.cpp, line 226]
Event: 3.958 Thread 0x0000021fcd195800 Exception <a 'java/lang/NoSuchMethodError'{0x00000000885f0698}: java.lang.invoke.DirectMethodHandle$Holder.invokeSpecial(Ljava/lang/Object;Ljava/lang/Object;)J> (0x00000000885f0698) thrown at [./open/src/hotspot/share/interpreter/linkResolver.cpp, line 77
Event: 3.962 Thread 0x0000021fcd195800 Exception <a 'java/lang/NoSuchMethodError'{0x00000000885fae20}: java.lang.invoke.DirectMethodHandle$Holder.invokeStatic(Ljava/lang/Object;Ljava/lang/Object;)J> (0x00000000885fae20) thrown at [./open/src/hotspot/share/interpreter/linkResolver.cpp, line 772
Event: 3.963 Thread 0x0000021fcd195800 Exception <a 'java/lang/NoSuchMethodError'{0x00000000885fdc48}: java.lang.invoke.DirectMethodHandle$Holder.invokeStaticInit(Ljava/lang/Object;Ljava/lang/Object;)J> (0x00000000885fdc48) thrown at [./open/src/hotspot/share/interpreter/linkResolver.cpp, line
Event: 3.966 Thread 0x0000021fcd195800 Exception <a 'java/lang/NoSuchMethodError'{0x0000000088467528}: java.lang.invoke.DirectMethodHandle$Holder.invokeInterface(Ljava/lang/Object;Ljava/lang/Object;)J> (0x0000000088467528) thrown at [./open/src/hotspot/share/interpreter/linkResolver.cpp, line 
Event: 3.966 Thread 0x0000021fcd195800 Exception <a 'java/lang/IncompatibleClassChangeError'{0x000000008846a2c0}: Found class java.lang.Object, but interface was expected> (0x000000008846a2c0) thrown at [./open/src/hotspot/share/interpreter/linkResolver.cpp, line 838]
Event: 3.971 Thread 0x0000021fae925000 Exception <a 'java/lang/NoSuchMethodError'{0x0000000088430200}: java.lang.invoke.DirectMethodHandle$Holder.invokeSpecial(Ljava/lang/Object;Ljava/lang/Object;Ljava/lang/Object;Ljava/lang/Object;Ljava/lang/Object;)I> (0x0000000088430200) thrown at [./open/s
Event: 3.975 Thread 0x0000021fae925000 Exception <a 'java/lang/NoSuchMethodError'{0x00000000884486f0}: java.lang.invoke.DirectMethodHandle$Holder.invokeInterface(Ljava/lang/Object;Ljava/lang/Object;Ljava/lang/Object;Ljava/lang/Object;)V> (0x00000000884486f0) thrown at [./open/src/hotspot/share
Event: 3.983 Thread 0x0000021fcd195800 Exception <a 'java/lang/NoSuchMethodError'{0x0000000088305028}: java.lang.invoke.DirectMethodHandle$Holder.invokeVirtual(Ljava/lang/Object;Ljava/lang/Object;Ljava/lang/Object;Ljava/lang/Object;)Ljava/lang/Object;> (0x0000000088305028) thrown at [./open/sr

Events (10 events):
Event: 4.217 loading class org/springframework/cglib/proxy/MethodProxy done
Event: 4.218 loading class org/springframework/cglib/proxy/MethodProxy$CreateInfo
Event: 4.218 loading class org/springframework/cglib/proxy/MethodProxy$CreateInfo done
Event: 4.218 loading class org/springframework/cglib/proxy/Enhancer$EnhancerFactoryData
Event: 4.218 loading class org/springframework/cglib/proxy/Enhancer$EnhancerFactoryData done
Event: 4.220 loading class jdk/internal/reflect/UnsafeStaticObjectFieldAccessorImpl
Event: 4.220 loading class jdk/internal/reflect/UnsafeStaticObjectFieldAccessorImpl done
Event: 4.223 Thread 0x0000021fae925000 Uncommon trap: trap_request=0xffffffc6 fr.pc=0x0000021fbdb300c4 relative=0x00000000000007c4
Event: 4.223 Thread 0x0000021fae925000 DEOPT PACKING pc=0x0000021fbdb300c4 sp=0x0000002fbe9fd980
Event: 4.223 Thread 0x0000021fae925000 DEOPT UNPACKING pc=0x0000021fb5fd83af sp=0x0000002fbe9fd890 mode 2


Dynamic libraries:
0x00007ff760ae0000 - 0x00007ff760aef000 	C:\Program Files\Java\jdk-11.0.15\bin\java.exe
0x00007ffc25310000 - 0x00007ffc25508000 	C:\Windows\SYSTEM32\ntdll.dll
0x00007ffc241e0000 - 0x00007ffc2429d000 	C:\Windows\System32\KERNEL32.DLL
0x00007ffc230a0000 - 0x00007ffc2336e000 	C:\Windows\System32\KERNELBASE.dll
0x00007ffc22e10000 - 0x00007ffc22f10000 	C:\Windows\System32\ucrtbase.dll
0x00007ffc16250000 - 0x00007ffc16268000 	C:\Program Files\Java\jdk-11.0.15\bin\jli.dll
0x00007ffc23420000 - 0x00007ffc234ce000 	C:\Windows\System32\ADVAPI32.dll
0x00007ffc24580000 - 0x00007ffc2461e000 	C:\Windows\System32\msvcrt.dll
0x00007ffc23f40000 - 0x00007ffc23fdc000 	C:\Windows\System32\sechost.dll
0x00007ffc240b0000 - 0x00007ffc241d5000 	C:\Windows\System32\RPCRT4.dll
0x00007ffc24b80000 - 0x00007ffc24d20000 	C:\Windows\System32\USER32.dll
0x00007ffc22f10000 - 0x00007ffc22f32000 	C:\Windows\System32\win32u.dll
0x00007ffc24540000 - 0x00007ffc2456a000 	C:\Windows\System32\GDI32.dll
0x00007ffc22c50000 - 0x00007ffc22d5b000 	C:\Windows\System32\gdi32full.dll
0x00007ffc22fd0000 - 0x00007ffc2306d000 	C:\Windows\System32\msvcp_win.dll
0x00007ffc16230000 - 0x00007ffc16245000 	C:\Program Files\Java\jdk-11.0.15\bin\VCRUNTIME140.dll
0x00007ffc0ee20000 - 0x00007ffc0f0ba000 	C:\Windows\WinSxS\amd64_microsoft.windows.common-controls_6595b64144ccf1df_6.0.19041.1110_none_60b5254171f9507e\COMCTL32.dll
0x00007ffc1aa90000 - 0x00007ffc1aa9a000 	C:\Windows\SYSTEM32\VERSION.dll
0x00007ffc23550000 - 0x00007ffc23580000 	C:\Windows\System32\IMM32.DLL
0x00007ffc0ed80000 - 0x00007ffc0ee1b000 	C:\Program Files\Java\jdk-11.0.15\bin\msvcp140.dll
0x00007ffc0e260000 - 0x00007ffc0ed76000 	C:\Program Files\Java\jdk-11.0.15\bin\server\jvm.dll
0x00007ffc24700000 - 0x00007ffc24708000 	C:\Windows\System32\PSAPI.DLL
0x00007ffc16220000 - 0x00007ffc16229000 	C:\Windows\SYSTEM32\WSOCK32.dll
0x00007ffc244d0000 - 0x00007ffc2453b000 	C:\Windows\System32\WS2_32.dll
0x00007ffc16310000 - 0x00007ffc16337000 	C:\Windows\SYSTEM32\WINMM.dll
0x00007ffc20910000 - 0x00007ffc20922000 	C:\Windows\SYSTEM32\kernel.appcore.dll
0x00007ffc11650000 - 0x00007ffc11660000 	C:\Program Files\Java\jdk-11.0.15\bin\verify.dll
0x00007ffc16410000 - 0x00007ffc165f4000 	C:\Windows\SYSTEM32\DBGHELP.DLL
0x00007ffc16040000 - 0x00007ffc1606c000 	C:\Windows\SYSTEM32\dbgcore.DLL
0x00007ffc22f40000 - 0x00007ffc22fc2000 	C:\Windows\System32\bcryptPrimitives.dll
0x00007ffc0e0a0000 - 0x00007ffc0e0c8000 	C:\Program Files\Java\jdk-11.0.15\bin\java.dll
0x00007ffc0e090000 - 0x00007ffc0e09a000 	C:\Program Files\Java\jdk-11.0.15\bin\jimage.dll
0x00007ffc09f40000 - 0x00007ffc09f4e000 	C:\Program Files\Java\jdk-11.0.15\bin\instrument.dll
0x00007ffc0e070000 - 0x00007ffc0e086000 	C:\Program Files\Java\jdk-11.0.15\bin\zip.dll
0x00007ffc23580000 - 0x00007ffc23cc4000 	C:\Windows\System32\SHELL32.dll
0x00007ffc20b10000 - 0x00007ffc212a4000 	C:\Windows\SYSTEM32\windows.storage.dll
0x00007ffc24f70000 - 0x00007ffc252c4000 	C:\Windows\System32\combase.dll
0x00007ffc222e0000 - 0x00007ffc22310000 	C:\Windows\SYSTEM32\Wldp.dll
0x00007ffc23370000 - 0x00007ffc2341d000 	C:\Windows\System32\SHCORE.dll
0x00007ffc24620000 - 0x00007ffc24675000 	C:\Windows\System32\shlwapi.dll
0x00007ffc22970000 - 0x00007ffc2298f000 	C:\Windows\SYSTEM32\profapi.dll
0x00007ffc0de50000 - 0x00007ffc0de69000 	C:\Program Files\Java\jdk-11.0.15\bin\net.dll
0x00007ffc1a630000 - 0x00007ffc1a73a000 	C:\Windows\SYSTEM32\WINHTTP.dll
0x00007ffc220c0000 - 0x00007ffc2212a000 	C:\Windows\system32\mswsock.dll
0x00007ffc0de30000 - 0x00007ffc0de42000 	C:\Program Files\Java\jdk-11.0.15\bin\nio.dll
0x00007ffc038d0000 - 0x00007ffc038ea000 	C:\Program Files\JetBrains\IntelliJ IDEA Community Edition 2022.2.1\bin\breakgen64.dll
0x00007ffc21dd0000 - 0x00007ffc21e0b000 	C:\Windows\SYSTEM32\IPHLPAPI.DLL
0x00007ffc24570000 - 0x00007ffc24578000 	C:\Windows\System32\NSI.dll
0x00007ffc1b5a0000 - 0x00007ffc1b5b7000 	C:\Windows\SYSTEM32\dhcpcsvc6.DLL
0x00007ffc1b580000 - 0x00007ffc1b59d000 	C:\Windows\SYSTEM32\dhcpcsvc.DLL
0x00007ffc21e10000 - 0x00007ffc21eda000 	C:\Windows\SYSTEM32\DNSAPI.dll
0x00007ffc19ff0000 - 0x00007ffc19ffa000 	C:\Windows\System32\rasadhlp.dll
0x00007ffc1a4e0000 - 0x00007ffc1a560000 	C:\Windows\System32\fwpuclnt.dll
0x00007ffc23070000 - 0x00007ffc23097000 	C:\Windows\System32\bcrypt.dll
0x00007ffc0f250000 - 0x00007ffc0f259000 	C:\Program Files\Java\jdk-11.0.15\bin\management.dll
0x00007ffc0f240000 - 0x00007ffc0f24b000 	C:\Program Files\Java\jdk-11.0.15\bin\management_ext.dll
0x00007ffc11730000 - 0x00007ffc11747000 	C:\Windows\system32\napinsp.dll
0x00007ffc11710000 - 0x00007ffc1172b000 	C:\Windows\system32\pnrpnsp.dll
0x00007ffc116f0000 - 0x00007ffc11705000 	C:\Windows\system32\wshbth.dll
0x00007ffc1e3f0000 - 0x00007ffc1e40d000 	C:\Windows\system32\NLAapi.dll
0x00007ffc116d0000 - 0x00007ffc116e2000 	C:\Windows\System32\winrnr.dll

dbghelp: loaded successfully - version: 4.0.5 - missing functions: none
symbol engine: initialized successfully - sym options: 0x614 - pdb path: .;C:\Program Files\Java\jdk-11.0.15\bin;C:\Windows\SYSTEM32;C:\Windows\WinSxS\amd64_microsoft.windows.common-controls_6595b64144ccf1df_6.0.19041.1110_none_60b5254171f9507e;C:\Program Files\Java\jdk-11.0.15\bin\server;C:\Program Files\JetBrains\IntelliJ IDEA Community Edition 2022.2.1\bin

VM Arguments:
jvm_args: -javaagent:C:\Program Files\JetBrains\IntelliJ IDEA Community Edition 2022.2.1\lib\idea_rt.jar=57088:C:\Program Files\JetBrains\IntelliJ IDEA Community Edition 2022.2.1\bin -Dfile.encoding=UTF-8 
java_command: com.training.Microservice4Application
java_class_path (initial): C:\Users\sfjbs\Downloads\cloud-sleuth-main\cloud-sleuth-main\microservice4\target\classes;C:\Users\sfjbs\.m2\repository\org\springframework\cloud\spring-cloud-starter-sleuth\2.1.2.RELEASE\spring-cloud-starter-sleuth-2.1.2.RELEASE.jar;C:\Users\sfjbs\.m2\repository\org\springframework\cloud\spring-cloud-starter\2.1.2.RELEASE\spring-cloud-starter-2.1.2.RELEASE.jar;C:\Users\sfjbs\.m2\repository\org\springframework\cloud\spring-cloud-context\2.1.2.RELEASE\spring-cloud-context-2.1.2.RELEASE.jar;C:\Users\sfjbs\.m2\repository\org\springframework\security\spring-security-crypto\5.1.6.RELEASE\spring-security-crypto-5.1.6.RELEASE.jar;C:\Users\sfjbs\.m2\repository\org\springframework\cloud\spring-cloud-commons\2.1.2.RELEASE\spring-cloud-commons-2.1.2.RELEASE.jar;C:\Users\sfjbs\.m2\repository\org\springframework\security\spring-security-rsa\1.0.7.RELEASE\spring-security-rsa-1.0.7.RELEASE.jar;C:\Users\sfjbs\.m2\repository\org\bouncycastle\bcpkix-jdk15on\1.60\bcpkix-jdk15on-1.60.jar;C:\Users\sfjbs\.m2\repository\org\bouncycastle\bcprov-jdk15on\1.60\bcprov-jdk15on-1.60.jar;C:\Users\sfjbs\.m2\repository\org\springframework\boot\spring-boot-starter-aop\2.1.7.RELEASE\spring-boot-starter-aop-2.1.7.RELEASE.jar;C:\Users\sfjbs\.m2\repository\org\springframework\spring-aop\5.1.9.RELEASE\spring-aop-5.1.9.RELEASE.jar;C:\Users\sfjbs\.m2\repository\org\aspectj\aspectjweaver\1.9.4\aspectjweaver-1.9.4.jar;C:\Users\sfjbs\.m2\repository\org\springframework\cloud\spring-cloud-sleuth-core\2.1.2.RELEASE\spring-cloud-sleuth-core-2.1.2.RELEASE.jar;C:\Users\sfjbs\.m2\repository\org\springframework\spring-context\5.1.9.RELEASE\spring-context-5.1.9.RELEASE.jar;C:\Users\sfjbs\.m2\repository\org\aspectj\aspectjrt\1.9.4\aspectjrt-1.9.4.jar;C:\Users\sfjbs\.m2\repository\io\zipkin\brave\brave\5.6.5\brave-5.6.5.jar;C:\Users\sfjbs\.m2\repository\io\zipkin\brave\brave-context-log4j2\5.6.5\brave-context-log4j2-5.6.5.jar;C:\Users\sfjbs\.m2\repository\io\zipkin\brave\brave-instrumentatio
Launcher Type: SUN_STANDARD

[Global flags]
     intx CICompilerCount                          = 2                                         {product} {ergonomic}
     uint ConcGCThreads                            = 1                                         {product} {ergonomic}
     uint G1ConcRefinementThreads                  = 2                                         {product} {ergonomic}
   size_t G1HeapRegionSize                         = 1048576                                   {product} {ergonomic}
    uintx GCDrainStackTargetSize                   = 64                                        {product} {ergonomic}
   size_t InitialHeapSize                          = 134217728                                 {product} {ergonomic}
   size_t MarkStackSize                            = 4194304                                   {product} {ergonomic}
   size_t MaxHeapSize                              = 2147483648                                {product} {ergonomic}
   size_t MaxNewSize                               = 1287651328                                {product} {ergonomic}
   size_t MinHeapDeltaBytes                        = 1048576                                   {product} {ergonomic}
    uintx NonNMethodCodeHeapSize                   = 5825164                                {pd product} {ergonomic}
    uintx NonProfiledCodeHeapSize                  = 122916538                              {pd product} {ergonomic}
    uintx ProfiledCodeHeapSize                     = 122916538                              {pd product} {ergonomic}
    uintx ReservedCodeCacheSize                    = 251658240                              {pd product} {ergonomic}
     bool SegmentedCodeCache                       = true                                      {product} {ergonomic}
     bool UseCompressedClassPointers               = true                                 {lp64_product} {ergonomic}
     bool UseCompressedOops                        = true                                 {lp64_product} {ergonomic}
     bool UseG1GC                                  = true                                      {product} {ergonomic}
     bool UseLargePagesIndividualAllocation        = false                                  {pd product} {ergonomic}

Logging:
Log output configuration:
 #0: stdout all=warning uptime,level,tags
 #1: stderr all=off uptime,level,tags

Environment Variables:
PATH=C:\Program Files\Common Files\Oracle\Java\javapath;C:\Windows\system32;C:\Windows;C:\Windows\System32\Wbem;C:\Windows\System32\WindowsPowerShell\v1.0\;C:\Windows\System32\OpenSSH\;C:\Program Files\PuTTY\;C:\Program Files\Git\cmd;C:\Program Files\Docker\Docker\resources\bin;C:\ProgramData\DockerDesktop\version-bin;C:\Users\sfjbs\Downloads\apache-maven-3.8.6-bin\apache-maven-3.8.6\bin;C:\Users\sfjbs\Downloads\apache-maven-3.8.6-bin\apache-maven-3.8.6\lib;C:\Users\sfjbs\AppData\Local\Microsoft\WindowsApps;C:\Program Files\JetBrains\IntelliJ IDEA Community Edition 2022.2.1\bin;;C:\Users\sfjbs\Downloads\apache-maven-3.8.6-bin\apache-maven-3.8.6\bin;C:\Users\sfjbs\Downloads\apache-maven-3.8.6-bin\apache-maven-3.8.6\lib;
USERNAME=sfjbs
OS=Windows_NT
PROCESSOR_IDENTIFIER=Intel64 Family 6 Model 85 Stepping 7, GenuineIntel



---------------  S Y S T E M  ---------------

OS: Windows 10 , 64 bit Build 19041 (10.0.19041.1889)
Hyper-V role detected

CPU:total 2 (initial active 2) (1 cores per cpu, 2 threads per core) family 6 model 85 stepping 7 microcode 0xffffffff, cmov, cx8, fxsr, mmx, sse, sse2, sse3, ssse3, sse4.1, sse4.2, popcnt, avx, avx2, aes, clmul, erms, rtm, 3dnowpref, lzcnt, ht, tsc, bmi1, bmi2, adx, evex, fma

Memory: 4k page, system-wide physical 8190M (771M free)
TotalPageFile size 10238M (AvailPageFile size 4M)
current process WorkingSet (physical memory assigned to process): 142M, peak: 142M
current process commit charge ("private bytes"): 268M, peak: 269M

vm_info: Java HotSpot(TM) 64-Bit Server VM (11.0.15+8-LTS-149) for windows-amd64 JRE (11.0.15+8-LTS-149), built on Mar  9 2022 22:42:32 by "mach5one" with MS VC++ 15.9 (VS2017)

END.
