#
# There is insufficient memory for the Java Runtime Environment to continue.
# Native memory allocation (mmap) failed to map 34603008 bytes for Failed to commit area from 0x0000000089a00000 to 0x000000008bb00000 of length 34603008.
# Possible reasons:
#   The system is out of physical RAM or swap space
#   The process is running with CompressedOops enabled, and the Java Heap may be blocking the growth of the native heap
# Possible solutions:
#   Reduce memory load on the system
#   Increase physical memory or swap space
#   Check if swap backing store is full
#   Decrease Java heap size (-Xmx/-Xms)
#   Decrease number of Java threads
#   Decrease Java thread stack sizes (-Xss)
#   Set larger code cache with -XX:ReservedCodeCacheSize=
#   JVM is running with Unscaled Compressed Oops mode in which the Java heap is
#     placed in the first 4GB address space. The Java Heap base address is the
#     maximum limit for the native heap growth. Please use -XX:HeapBaseMinAddress
#     to set the Java Heap base and to place the Java Heap above 4GB virtual address.
# This output file may be truncated or incomplete.
#
#  Out of Memory Error (./open/src/hotspot/os/windows/os_windows.cpp:3287), pid=11980, tid=7264
#
# JRE version: Java(TM) SE Runtime Environment 18.9 (11.0.15+8) (build 11.0.15+8-LTS-149)
# Java VM: Java HotSpot(TM) 64-Bit Server VM 18.9 (11.0.15+8-LTS-149, mixed mode, tiered, compressed oops, g1 gc, windows-amd64)
# No core dump will be written. Minidumps are not enabled by default on client versions of Windows
#

---------------  S U M M A R Y ------------

Command Line: -javaagent:C:\Program Files\JetBrains\IntelliJ IDEA Community Edition 2022.2.1\lib\idea_rt.jar=58492:C:\Program Files\JetBrains\IntelliJ IDEA Community Edition 2022.2.1\bin -Dfile.encoding=UTF-8 com.training.Microservice4Application

Host: Intel(R) Xeon(R) Platinum 8272CL CPU @ 2.60GHz, 2 cores, 7G,  Windows 10 , 64 bit Build 19041 (10.0.19041.1889)
Time: Thu Sep  8 04:58:50 2022 Coordinated Universal Time elapsed time: 12.686018 seconds (0d 0h 0m 12s)

---------------  T H R E A D  ---------------

Current thread (0x00000177953c4800):  VMThread "VM Thread" [stack: 0x0000003979300000,0x0000003979400000] [id=7264]

Stack: [0x0000003979300000,0x0000003979400000]
[error occurred during error reporting (printing stack bounds), id 0xc0000005, EXCEPTION_ACCESS_VIOLATION (0xc0000005) at pc=0x00000177800010e7]

Native frames: (J=compiled Java code, j=interpreted, Vv=VM code, C=native code)
V  [jvm.dll+0x629d8a]
V  [jvm.dll+0x7638ff]
V  [jvm.dll+0x764fa9]
V  [jvm.dll+0x765595]
V  [jvm.dll+0x76554b]
V  [jvm.dll+0x629273]
V  [jvm.dll+0x629988]
C  [ntdll.dll+0xa229f]
C  [ntdll.dll+0x51454]
C  [ntdll.dll+0xa0dce]
C  0x00000177800010e7

VM_Operation (0x0000003978dfcaa0): G1CollectForAllocation, mode: safepoint, requested by thread 0x00000177f6042000


---------------  P R O C E S S  ---------------

Threads class SMR info:
_java_thread_list=0x000001779a128100, length=16, elements={
0x00000177f6042000, 0x00000177953c6000, 0x00000177953c7000, 0x0000017795d62800,
0x00000177953e4000, 0x00000177953e5000, 0x00000177953e7000, 0x000001779541b000,
0x0000017795d98800, 0x00000177f611b000, 0x0000017796315800, 0x000001779a24b800,
0x00000177994c8000, 0x0000017797796000, 0x00000177994bf000, 0x0000017799afe000
}

Java Threads: ( => current thread )
  0x00000177f6042000 JavaThread "main" [_thread_blocked, id=5576, stack(0x0000003978d00000,0x0000003978e00000)]
  0x00000177953c6000 JavaThread "Reference Handler" daemon [_thread_blocked, id=1420, stack(0x0000003979400000,0x0000003979500000)]
  0x00000177953c7000 JavaThread "Finalizer" daemon [_thread_blocked, id=13268, stack(0x0000003979500000,0x0000003979600000)]
  0x0000017795d62800 JavaThread "Signal Dispatcher" daemon [_thread_blocked, id=6736, stack(0x0000003979600000,0x0000003979700000)]
  0x00000177953e4000 JavaThread "Attach Listener" daemon [_thread_blocked, id=12576, stack(0x0000003979700000,0x0000003979800000)]
  0x00000177953e5000 JavaThread "Service Thread" daemon [_thread_blocked, id=5872, stack(0x0000003979800000,0x0000003979900000)]
  0x00000177953e7000 JavaThread "C2 CompilerThread0" daemon [_thread_blocked, id=9888, stack(0x0000003979900000,0x0000003979a00000)]
  0x000001779541b000 JavaThread "C1 CompilerThread0" daemon [_thread_blocked, id=3844, stack(0x0000003979a00000,0x0000003979b00000)]
  0x0000017795d98800 JavaThread "Sweeper thread" daemon [_thread_blocked, id=12228, stack(0x0000003979b00000,0x0000003979c00000)]
  0x00000177f611b000 JavaThread "Common-Cleaner" daemon [_thread_blocked, id=12600, stack(0x0000003979c00000,0x0000003979d00000)]
  0x0000017796315800 JavaThread "Monitor Ctrl-Break" daemon [_thread_in_native, id=10296, stack(0x0000003979d00000,0x0000003979e00000)]
  0x000001779a24b800 JavaThread "AsyncReporter{org.springframework.cloud.sleuth.zipkin2.sender.RestTemplateSender@5a13fcf3}" daemon [_thread_blocked, id=4320, stack(0x000000397a000000,0x000000397a100000)]
  0x00000177994c8000 JavaThread "Catalina-utility-1" [_thread_blocked, id=11720, stack(0x000000397a100000,0x000000397a200000)]
  0x0000017797796000 JavaThread "Catalina-utility-2" [_thread_blocked, id=5216, stack(0x000000397a200000,0x000000397a300000)]
  0x00000177994bf000 JavaThread "container-0" [_thread_blocked, id=12104, stack(0x000000397a300000,0x000000397a400000)]
  0x0000017799afe000 JavaThread "spring.cloud.inetutils" daemon [_thread_blocked, id=4888, stack(0x000000397a400000,0x000000397a500000)]

Other Threads:
=>0x00000177953c4800 VMThread "VM Thread" [stack: 0x0000003979300000,0x0000003979400000] [id=7264]
  0x000001779631e000 WatcherThread [stack: 0x0000003979e00000,0x0000003979f00000] [id=7704]
  0x00000177f6057800 GCTaskThread "GC Thread#0" [stack: 0x0000003978e00000,0x0000003978f00000] [id=11688]
  0x0000017796368000 GCTaskThread "GC Thread#1" [stack: 0x0000003979f00000,0x000000397a000000] [id=10564]
  0x00000177f6086800 ConcurrentGCThread "G1 Main Marker" [stack: 0x0000003978f00000,0x0000003979000000] [id=8608]
  0x00000177f6089000 ConcurrentGCThread "G1 Conc#0" [stack: 0x0000003979000000,0x0000003979100000] [id=4436]
  0x00000177f6110000 ConcurrentGCThread "G1 Refine#0" [stack: 0x0000003979100000,0x0000003979200000] [id=2824]
  0x00000177f6112800 ConcurrentGCThread "G1 Young RemSet Sampling" [stack: 0x0000003979200000,0x0000003979300000] [id=12520]

Threads with active compile tasks:
C2 CompilerThread0  12698 4799 % !   4       sun.nio.fs.WindowsPath::initOffsets @ 50 (153 bytes)

VM state:at safepoint (normal execution)

VM Mutex/Monitor currently owned by a thread:  ([mutex/lock_event])
[0x00000177f603dd00] Threads_lock - owner thread: 0x00000177953c4800
[0x00000177f603dd90] Heap_lock - owner thread: 0x00000177f6042000

Heap address: 0x0000000080000000, size: 2048 MB, Compressed Oops mode: 32-bit
Narrow klass base: 0x0000000000000000, Narrow klass shift: 3
Compressed class space size: 1073741824 Address: 0x0000000100000000

Heap:
 garbage-first heap   total 191488K, used 20231K [0x0000000080000000, 0x0000000100000000)
  region size 1024K, 8 young (8192K), 8 survivors (8192K)
 Metaspace       used 45226K, capacity 46260K, committed 46464K, reserved 1089536K
  class space    used 5269K, capacity 5704K, committed 5760K, reserved 1048576K
Heap Regions: E=young(eden), S=young(survivor), O=old, HS=humongous(starts), HC=humongous(continues), CS=collection set, F=free, A=archive, TAMS=top-at-mark-start (previous, next)
|   0|0x0000000080000000, 0x0000000080100000, 0x0000000080100000|100%| O|  |TAMS 0x0000000080100000, 0x0000000080000000| Untracked 
|   1|0x0000000080100000, 0x0000000080200000, 0x0000000080200000|100%| O|  |TAMS 0x0000000080200000, 0x0000000080100000| Untracked 
|   2|0x0000000080200000, 0x0000000080300000, 0x0000000080300000|100%| O|  |TAMS 0x0000000080300000, 0x0000000080200000| Untracked 
|   3|0x0000000080300000, 0x0000000080400000, 0x0000000080400000|100%| O|  |TAMS 0x0000000080400000, 0x0000000080300000| Untracked 
|   4|0x0000000080400000, 0x0000000080500000, 0x0000000080500000|100%| O|  |TAMS 0x000000008043f800, 0x0000000080400000| Untracked 
|   5|0x0000000080500000, 0x0000000080600000, 0x0000000080600000|100%| O|  |TAMS 0x0000000080500000, 0x0000000080500000| Untracked 
|   6|0x0000000080600000, 0x0000000080700000, 0x0000000080700000|100%| O|  |TAMS 0x0000000080600000, 0x0000000080600000| Untracked 
|   7|0x0000000080700000, 0x0000000080800000, 0x0000000080800000|100%| O|  |TAMS 0x0000000080700000, 0x0000000080700000| Untracked 
|   8|0x0000000080800000, 0x0000000080900000, 0x0000000080900000|100%| O|  |TAMS 0x0000000080800000, 0x0000000080800000| Untracked 
|   9|0x0000000080900000, 0x0000000080a00000, 0x0000000080a00000|100%| O|  |TAMS 0x0000000080900000, 0x0000000080900000| Untracked 
|  10|0x0000000080a00000, 0x0000000080b00000, 0x0000000080b00000|100%| O|  |TAMS 0x0000000080a00000, 0x0000000080a00000| Untracked 
|  11|0x0000000080b00000, 0x0000000080c00000, 0x0000000080c00000|100%| O|  |TAMS 0x0000000080b00000, 0x0000000080b00000| Untracked 
|  12|0x0000000080c00000, 0x0000000080c41e00, 0x0000000080d00000| 25%| O|  |TAMS 0x0000000080c00000, 0x0000000080c00000| Untracked 
|  13|0x0000000080d00000, 0x0000000080d00000, 0x0000000080e00000|  0%| F|  |TAMS 0x0000000080d00000, 0x0000000080d00000| Untracked 
|  14|0x0000000080e00000, 0x0000000080e00000, 0x0000000080f00000|  0%| F|  |TAMS 0x0000000080e00000, 0x0000000080e00000| Untracked 
|  15|0x0000000080f00000, 0x0000000080f00000, 0x0000000081000000|  0%| F|  |TAMS 0x0000000080f00000, 0x0000000080f00000| Untracked 
|  16|0x0000000081000000, 0x0000000081000000, 0x0000000081100000|  0%| F|  |TAMS 0x0000000081000000, 0x0000000081000000| Untracked 
|  17|0x0000000081100000, 0x0000000081100000, 0x0000000081200000|  0%| F|  |TAMS 0x0000000081100000, 0x0000000081100000| Untracked 
|  18|0x0000000081200000, 0x0000000081200000, 0x0000000081300000|  0%| F|  |TAMS 0x0000000081200000, 0x0000000081200000| Untracked 
|  19|0x0000000081300000, 0x0000000081300000, 0x0000000081400000|  0%| F|  |TAMS 0x0000000081300000, 0x0000000081300000| Untracked 
|  20|0x0000000081400000, 0x0000000081400000, 0x0000000081500000|  0%| F|  |TAMS 0x0000000081400000, 0x0000000081400000| Untracked 
|  21|0x0000000081500000, 0x0000000081500000, 0x0000000081600000|  0%| F|  |TAMS 0x0000000081500000, 0x0000000081500000| Untracked 
|  22|0x0000000081600000, 0x0000000081600000, 0x0000000081700000|  0%| F|  |TAMS 0x0000000081600000, 0x0000000081600000| Untracked 
|  23|0x0000000081700000, 0x0000000081700000, 0x0000000081800000|  0%| F|  |TAMS 0x0000000081700000, 0x0000000081700000| Untracked 
|  24|0x0000000081800000, 0x0000000081800000, 0x0000000081900000|  0%| F|  |TAMS 0x0000000081800000, 0x0000000081800000| Untracked 
|  25|0x0000000081900000, 0x0000000081900000, 0x0000000081a00000|  0%| F|  |TAMS 0x0000000081900000, 0x0000000081900000| Untracked 
|  26|0x0000000081a00000, 0x0000000081a00000, 0x0000000081b00000|  0%| F|  |TAMS 0x0000000081a00000, 0x0000000081a00000| Untracked 
|  27|0x0000000081b00000, 0x0000000081b00000, 0x0000000081c00000|  0%| F|  |TAMS 0x0000000081b00000, 0x0000000081b00000| Untracked 
|  28|0x0000000081c00000, 0x0000000081c00000, 0x0000000081d00000|  0%| F|  |TAMS 0x0000000081c00000, 0x0000000081c00000| Untracked 
|  29|0x0000000081d00000, 0x0000000081d00000, 0x0000000081e00000|  0%| F|  |TAMS 0x0000000081d00000, 0x0000000081d00000| Untracked 
|  30|0x0000000081e00000, 0x0000000081e00000, 0x0000000081f00000|  0%| F|  |TAMS 0x0000000081e00000, 0x0000000081e00000| Untracked 
|  31|0x0000000081f00000, 0x0000000081f00000, 0x0000000082000000|  0%| F|  |TAMS 0x0000000081f00000, 0x0000000081f00000| Untracked 
|  32|0x0000000082000000, 0x0000000082000000, 0x0000000082100000|  0%| F|  |TAMS 0x0000000082000000, 0x0000000082000000| Untracked 
|  33|0x0000000082100000, 0x0000000082100000, 0x0000000082200000|  0%| F|  |TAMS 0x0000000082100000, 0x0000000082100000| Untracked 
|  34|0x0000000082200000, 0x0000000082200000, 0x0000000082300000|  0%| F|  |TAMS 0x0000000082200000, 0x0000000082200000| Untracked 
|  35|0x0000000082300000, 0x0000000082300000, 0x0000000082400000|  0%| F|  |TAMS 0x0000000082300000, 0x0000000082300000| Untracked 
|  36|0x0000000082400000, 0x0000000082400000, 0x0000000082500000|  0%| F|  |TAMS 0x0000000082400000, 0x0000000082400000| Untracked 
|  37|0x0000000082500000, 0x0000000082500000, 0x0000000082600000|  0%| F|  |TAMS 0x0000000082500000, 0x0000000082500000| Untracked 
|  38|0x0000000082600000, 0x0000000082600000, 0x0000000082700000|  0%| F|  |TAMS 0x0000000082600000, 0x0000000082600000| Untracked 
|  39|0x0000000082700000, 0x0000000082700000, 0x0000000082800000|  0%| F|  |TAMS 0x0000000082700000, 0x0000000082700000| Untracked 
|  40|0x0000000082800000, 0x0000000082800000, 0x0000000082900000|  0%| F|  |TAMS 0x0000000082800000, 0x0000000082800000| Untracked 
|  41|0x0000000082900000, 0x0000000082900000, 0x0000000082a00000|  0%| F|  |TAMS 0x0000000082900000, 0x0000000082900000| Untracked 
|  42|0x0000000082a00000, 0x0000000082a00000, 0x0000000082b00000|  0%| F|  |TAMS 0x0000000082a00000, 0x0000000082a00000| Untracked 
|  43|0x0000000082b00000, 0x0000000082b00000, 0x0000000082c00000|  0%| F|  |TAMS 0x0000000082b00000, 0x0000000082b00000| Untracked 
|  44|0x0000000082c00000, 0x0000000082c00000, 0x0000000082d00000|  0%| F|  |TAMS 0x0000000082c00000, 0x0000000082c00000| Untracked 
|  45|0x0000000082d00000, 0x0000000082d00000, 0x0000000082e00000|  0%| F|  |TAMS 0x0000000082d00000, 0x0000000082d00000| Untracked 
|  46|0x0000000082e00000, 0x0000000082e00000, 0x0000000082f00000|  0%| F|  |TAMS 0x0000000082e00000, 0x0000000082e00000| Untracked 
|  47|0x0000000082f00000, 0x0000000082f00000, 0x0000000083000000|  0%| F|  |TAMS 0x0000000082f00000, 0x0000000082f00000| Untracked 
|  48|0x0000000083000000, 0x0000000083000000, 0x0000000083100000|  0%| F|  |TAMS 0x0000000083000000, 0x0000000083000000| Untracked 
|  49|0x0000000083100000, 0x0000000083100000, 0x0000000083200000|  0%| F|  |TAMS 0x0000000083100000, 0x0000000083100000| Untracked 
|  50|0x0000000083200000, 0x0000000083200000, 0x0000000083300000|  0%| F|  |TAMS 0x0000000083200000, 0x0000000083200000| Untracked 
|  51|0x0000000083300000, 0x0000000083300000, 0x0000000083400000|  0%| F|  |TAMS 0x0000000083300000, 0x0000000083300000| Untracked 
|  52|0x0000000083400000, 0x0000000083400000, 0x0000000083500000|  0%| F|  |TAMS 0x0000000083400000, 0x0000000083400000| Untracked 
|  53|0x0000000083500000, 0x0000000083500000, 0x0000000083600000|  0%| F|  |TAMS 0x0000000083500000, 0x0000000083500000| Untracked 
|  54|0x0000000083600000, 0x0000000083680000, 0x0000000083700000| 50%| S|CS|TAMS 0x0000000083600000, 0x0000000083600000| Complete 
|  55|0x0000000083700000, 0x0000000083700000, 0x0000000083800000|  0%| F|  |TAMS 0x0000000083700000, 0x0000000083700000| Untracked 
|  56|0x0000000083800000, 0x0000000083800000, 0x0000000083900000|  0%| F|  |TAMS 0x0000000083800000, 0x0000000083800000| Untracked 
|  57|0x0000000083900000, 0x0000000083900000, 0x0000000083a00000|  0%| F|  |TAMS 0x0000000083900000, 0x0000000083900000| Untracked 
|  58|0x0000000083a00000, 0x0000000083a00000, 0x0000000083b00000|  0%| F|  |TAMS 0x0000000083a00000, 0x0000000083a00000| Untracked 
|  59|0x0000000083b00000, 0x0000000083b00000, 0x0000000083c00000|  0%| F|  |TAMS 0x0000000083b00000, 0x0000000083b00000| Untracked 
|  60|0x0000000083c00000, 0x0000000083c00000, 0x0000000083d00000|  0%| F|  |TAMS 0x0000000083c00000, 0x0000000083c00000| Untracked 
|  61|0x0000000083d00000, 0x0000000083d00000, 0x0000000083e00000|  0%| F|  |TAMS 0x0000000083d00000, 0x0000000083d00000| Untracked 
|  62|0x0000000083e00000, 0x0000000083e00000, 0x0000000083f00000|  0%| F|  |TAMS 0x0000000083e00000, 0x0000000083e00000| Untracked 
|  63|0x0000000083f00000, 0x0000000083f00000, 0x0000000084000000|  0%| F|  |TAMS 0x0000000083f00000, 0x0000000083f00000| Untracked 
|  64|0x0000000084000000, 0x0000000084000000, 0x0000000084100000|  0%| F|  |TAMS 0x0000000084000000, 0x0000000084000000| Untracked 
|  65|0x0000000084100000, 0x0000000084200000, 0x0000000084200000|100%| S|CS|TAMS 0x0000000084100000, 0x0000000084100000| Complete 
|  66|0x0000000084200000, 0x0000000084300000, 0x0000000084300000|100%| S|CS|TAMS 0x0000000084200000, 0x0000000084200000| Complete 
|  67|0x0000000084300000, 0x0000000084400000, 0x0000000084400000|100%| S|CS|TAMS 0x0000000084300000, 0x0000000084300000| Complete 
|  68|0x0000000084400000, 0x0000000084500000, 0x0000000084500000|100%| S|CS|TAMS 0x0000000084400000, 0x0000000084400000| Complete 
|  69|0x0000000084500000, 0x0000000084600000, 0x0000000084600000|100%| S|CS|TAMS 0x0000000084500000, 0x0000000084500000| Complete 
|  70|0x0000000084600000, 0x0000000084700000, 0x0000000084700000|100%| S|CS|TAMS 0x0000000084600000, 0x0000000084600000| Complete 
|  71|0x0000000084700000, 0x0000000084800000, 0x0000000084800000|100%| S|CS|TAMS 0x0000000084700000, 0x0000000084700000| Complete 
|  72|0x0000000084800000, 0x0000000084800000, 0x0000000084900000|  0%| F|  |TAMS 0x0000000084800000, 0x0000000084800000| Untracked 
|  73|0x0000000084900000, 0x0000000084900000, 0x0000000084a00000|  0%| F|  |TAMS 0x0000000084900000, 0x0000000084900000| Untracked 
|  74|0x0000000084a00000, 0x0000000084a00000, 0x0000000084b00000|  0%| F|  |TAMS 0x0000000084a00000, 0x0000000084a00000| Untracked 
|  75|0x0000000084b00000, 0x0000000084b00000, 0x0000000084c00000|  0%| F|  |TAMS 0x0000000084b00000, 0x0000000084b00000| Untracked 
|  76|0x0000000084c00000, 0x0000000084c00000, 0x0000000084d00000|  0%| F|  |TAMS 0x0000000084c00000, 0x0000000084c00000| Untracked 
|  77|0x0000000084d00000, 0x0000000084d00000, 0x0000000084e00000|  0%| F|  |TAMS 0x0000000084d00000, 0x0000000084d00000| Untracked 
|  78|0x0000000084e00000, 0x0000000084e00000, 0x0000000084f00000|  0%| F|  |TAMS 0x0000000084e00000, 0x0000000084e00000| Untracked 
|  79|0x0000000084f00000, 0x0000000084f00000, 0x0000000085000000|  0%| F|  |TAMS 0x0000000084f00000, 0x0000000084f00000| Untracked 
|  80|0x0000000085000000, 0x0000000085000000, 0x0000000085100000|  0%| F|  |TAMS 0x0000000085000000, 0x0000000085000000| Untracked 
|  81|0x0000000085100000, 0x0000000085100000, 0x0000000085200000|  0%| F|  |TAMS 0x0000000085100000, 0x0000000085100000| Untracked 
|  82|0x0000000085200000, 0x0000000085200000, 0x0000000085300000|  0%| F|  |TAMS 0x0000000085200000, 0x0000000085200000| Untracked 
|  83|0x0000000085300000, 0x0000000085300000, 0x0000000085400000|  0%| F|  |TAMS 0x0000000085300000, 0x0000000085300000| Untracked 
|  84|0x0000000085400000, 0x0000000085400000, 0x0000000085500000|  0%| F|  |TAMS 0x0000000085400000, 0x0000000085400000| Untracked 
|  85|0x0000000085500000, 0x0000000085500000, 0x0000000085600000|  0%| F|  |TAMS 0x0000000085500000, 0x0000000085500000| Untracked 
|  86|0x0000000085600000, 0x0000000085600000, 0x0000000085700000|  0%| F|  |TAMS 0x0000000085600000, 0x0000000085600000| Untracked 
|  87|0x0000000085700000, 0x0000000085700000, 0x0000000085800000|  0%| F|  |TAMS 0x0000000085700000, 0x0000000085700000| Untracked 
|  88|0x0000000085800000, 0x0000000085800000, 0x0000000085900000|  0%| F|  |TAMS 0x0000000085800000, 0x0000000085800000| Untracked 
|  89|0x0000000085900000, 0x0000000085900000, 0x0000000085a00000|  0%| F|  |TAMS 0x0000000085900000, 0x0000000085900000| Untracked 
|  90|0x0000000085a00000, 0x0000000085a00000, 0x0000000085b00000|  0%| F|  |TAMS 0x0000000085a00000, 0x0000000085a00000| Untracked 
|  91|0x0000000085b00000, 0x0000000085b00000, 0x0000000085c00000|  0%| F|  |TAMS 0x0000000085b00000, 0x0000000085b00000| Untracked 
|  92|0x0000000085c00000, 0x0000000085c00000, 0x0000000085d00000|  0%| F|  |TAMS 0x0000000085c00000, 0x0000000085c00000| Untracked 
|  93|0x0000000085d00000, 0x0000000085d00000, 0x0000000085e00000|  0%| F|  |TAMS 0x0000000085d00000, 0x0000000085d00000| Untracked 
|  94|0x0000000085e00000, 0x0000000085e00000, 0x0000000085f00000|  0%| F|  |TAMS 0x0000000085e00000, 0x0000000085e00000| Untracked 
|  95|0x0000000085f00000, 0x0000000085f00000, 0x0000000086000000|  0%| F|  |TAMS 0x0000000085f00000, 0x0000000085f00000| Untracked 
|  96|0x0000000086000000, 0x0000000086000000, 0x0000000086100000|  0%| F|  |TAMS 0x0000000086000000, 0x0000000086000000| Untracked 
|  97|0x0000000086100000, 0x0000000086100000, 0x0000000086200000|  0%| F|  |TAMS 0x0000000086100000, 0x0000000086100000| Untracked 
|  98|0x0000000086200000, 0x0000000086200000, 0x0000000086300000|  0%| F|  |TAMS 0x0000000086200000, 0x0000000086200000| Untracked 
|  99|0x0000000086300000, 0x0000000086300000, 0x0000000086400000|  0%| F|  |TAMS 0x0000000086300000, 0x0000000086300000| Untracked 
| 100|0x0000000086400000, 0x0000000086400000, 0x0000000086500000|  0%| F|  |TAMS 0x0000000086400000, 0x0000000086400000| Untracked 
| 101|0x0000000086500000, 0x0000000086500000, 0x0000000086600000|  0%| F|  |TAMS 0x0000000086500000, 0x0000000086500000| Untracked 
| 102|0x0000000086600000, 0x0000000086600000, 0x0000000086700000|  0%| F|  |TAMS 0x0000000086600000, 0x0000000086600000| Untracked 
| 103|0x0000000086700000, 0x0000000086700000, 0x0000000086800000|  0%| F|  |TAMS 0x0000000086700000, 0x0000000086700000| Untracked 
| 104|0x0000000086800000, 0x0000000086800000, 0x0000000086900000|  0%| F|  |TAMS 0x0000000086800000, 0x0000000086800000| Untracked 
| 105|0x0000000086900000, 0x0000000086900000, 0x0000000086a00000|  0%| F|  |TAMS 0x0000000086900000, 0x0000000086900000| Untracked 
| 106|0x0000000086a00000, 0x0000000086a00000, 0x0000000086b00000|  0%| F|  |TAMS 0x0000000086a00000, 0x0000000086a00000| Untracked 
| 107|0x0000000086b00000, 0x0000000086b00000, 0x0000000086c00000|  0%| F|  |TAMS 0x0000000086b00000, 0x0000000086b00000| Untracked 
| 108|0x0000000086c00000, 0x0000000086c00000, 0x0000000086d00000|  0%| F|  |TAMS 0x0000000086c00000, 0x0000000086c00000| Untracked 
| 109|0x0000000086d00000, 0x0000000086d00000, 0x0000000086e00000|  0%| F|  |TAMS 0x0000000086d00000, 0x0000000086d00000| Untracked 
| 110|0x0000000086e00000, 0x0000000086e00000, 0x0000000086f00000|  0%| F|  |TAMS 0x0000000086e00000, 0x0000000086e00000| Untracked 
| 111|0x0000000086f00000, 0x0000000086f00000, 0x0000000087000000|  0%| F|  |TAMS 0x0000000086f00000, 0x0000000086f00000| Untracked 
| 112|0x0000000087000000, 0x0000000087000000, 0x0000000087100000|  0%| F|  |TAMS 0x0000000087000000, 0x0000000087000000| Untracked 
| 113|0x0000000087100000, 0x0000000087100000, 0x0000000087200000|  0%| F|  |TAMS 0x0000000087100000, 0x0000000087100000| Untracked 
| 114|0x0000000087200000, 0x0000000087200000, 0x0000000087300000|  0%| F|  |TAMS 0x0000000087200000, 0x0000000087200000| Untracked 
| 115|0x0000000087300000, 0x0000000087300000, 0x0000000087400000|  0%| F|  |TAMS 0x0000000087300000, 0x0000000087300000| Untracked 
| 116|0x0000000087400000, 0x0000000087400000, 0x0000000087500000|  0%| F|  |TAMS 0x0000000087400000, 0x0000000087400000| Untracked 
| 117|0x0000000087500000, 0x0000000087500000, 0x0000000087600000|  0%| F|  |TAMS 0x0000000087500000, 0x0000000087500000| Untracked 
| 118|0x0000000087600000, 0x0000000087600000, 0x0000000087700000|  0%| F|  |TAMS 0x0000000087600000, 0x0000000087600000| Untracked 
| 119|0x0000000087700000, 0x0000000087700000, 0x0000000087800000|  0%| F|  |TAMS 0x0000000087700000, 0x0000000087700000| Untracked 
| 120|0x0000000087800000, 0x0000000087800000, 0x0000000087900000|  0%| F|  |TAMS 0x0000000087800000, 0x0000000087800000| Untracked 
| 121|0x0000000087900000, 0x0000000087900000, 0x0000000087a00000|  0%| F|  |TAMS 0x0000000087900000, 0x0000000087900000| Untracked 
| 122|0x0000000087a00000, 0x0000000087a00000, 0x0000000087b00000|  0%| F|  |TAMS 0x0000000087a00000, 0x0000000087a00000| Untracked 
| 123|0x0000000087b00000, 0x0000000087b00000, 0x0000000087c00000|  0%| F|  |TAMS 0x0000000087b00000, 0x0000000087b00000| Untracked 
| 124|0x0000000087c00000, 0x0000000087c00000, 0x0000000087d00000|  0%| F|  |TAMS 0x0000000087c00000, 0x0000000087c00000| Untracked 
| 125|0x0000000087d00000, 0x0000000087d00000, 0x0000000087e00000|  0%| F|  |TAMS 0x0000000087d00000, 0x0000000087d00000| Untracked 
| 126|0x0000000087e00000, 0x0000000087e00000, 0x0000000087f00000|  0%| F|  |TAMS 0x0000000087e00000, 0x0000000087e00000| Untracked 
| 127|0x0000000087f00000, 0x0000000087f00000, 0x0000000088000000|  0%| F|  |TAMS 0x0000000087f00000, 0x0000000087f00000| Untracked 
| 128|0x0000000088000000, 0x0000000088000000, 0x0000000088100000|  0%| F|  |TAMS 0x0000000088000000, 0x0000000088000000| Untracked 
| 129|0x0000000088100000, 0x0000000088100000, 0x0000000088200000|  0%| F|  |TAMS 0x0000000088100000, 0x0000000088100000| Untracked 
| 130|0x0000000088200000, 0x0000000088200000, 0x0000000088300000|  0%| F|  |TAMS 0x0000000088200000, 0x0000000088200000| Untracked 
| 131|0x0000000088300000, 0x0000000088300000, 0x0000000088400000|  0%| F|  |TAMS 0x0000000088300000, 0x0000000088300000| Untracked 
| 132|0x0000000088400000, 0x0000000088400000, 0x0000000088500000|  0%| F|  |TAMS 0x0000000088400000, 0x0000000088400000| Untracked 
| 133|0x0000000088500000, 0x0000000088500000, 0x0000000088600000|  0%| F|  |TAMS 0x0000000088500000, 0x0000000088500000| Untracked 
| 134|0x0000000088600000, 0x0000000088600000, 0x0000000088700000|  0%| F|  |TAMS 0x0000000088600000, 0x0000000088600000| Untracked 
| 135|0x0000000088700000, 0x0000000088700000, 0x0000000088800000|  0%| F|  |TAMS 0x0000000088700000, 0x0000000088700000| Untracked 
| 136|0x0000000088800000, 0x0000000088800000, 0x0000000088900000|  0%| F|  |TAMS 0x0000000088800000, 0x0000000088800000| Untracked 
| 137|0x0000000088900000, 0x0000000088900000, 0x0000000088a00000|  0%| F|  |TAMS 0x0000000088900000, 0x0000000088900000| Untracked 
| 138|0x0000000088a00000, 0x0000000088a00000, 0x0000000088b00000|  0%| F|  |TAMS 0x0000000088a00000, 0x0000000088a00000| Untracked 
| 139|0x0000000088b00000, 0x0000000088b00000, 0x0000000088c00000|  0%| F|  |TAMS 0x0000000088b00000, 0x0000000088b00000| Untracked 
| 140|0x0000000088c00000, 0x0000000088c00000, 0x0000000088d00000|  0%| F|  |TAMS 0x0000000088c00000, 0x0000000088c00000| Untracked 
| 141|0x0000000088d00000, 0x0000000088d00000, 0x0000000088e00000|  0%| F|  |TAMS 0x0000000088d00000, 0x0000000088d00000| Untracked 
| 142|0x0000000088e00000, 0x0000000088e00000, 0x0000000088f00000|  0%| F|  |TAMS 0x0000000088e00000, 0x0000000088e00000| Untracked 
| 143|0x0000000088f00000, 0x0000000088f00000, 0x0000000089000000|  0%| F|  |TAMS 0x0000000088f00000, 0x0000000088f00000| Untracked 
| 144|0x0000000089000000, 0x0000000089000000, 0x0000000089100000|  0%| F|  |TAMS 0x0000000089000000, 0x0000000089000000| Untracked 
| 145|0x0000000089100000, 0x0000000089100000, 0x0000000089200000|  0%| F|  |TAMS 0x0000000089100000, 0x0000000089100000| Untracked 
| 146|0x0000000089200000, 0x0000000089200000, 0x0000000089300000|  0%| F|  |TAMS 0x0000000089200000, 0x0000000089200000| Untracked 
| 147|0x0000000089300000, 0x0000000089300000, 0x0000000089400000|  0%| F|  |TAMS 0x0000000089300000, 0x0000000089300000| Untracked 
| 148|0x0000000089400000, 0x0000000089400000, 0x0000000089500000|  0%| F|  |TAMS 0x0000000089400000, 0x0000000089400000| Untracked 
| 149|0x0000000089500000, 0x0000000089500000, 0x0000000089600000|  0%| F|  |TAMS 0x0000000089500000, 0x0000000089500000| Untracked 
| 150|0x0000000089600000, 0x0000000089600000, 0x0000000089700000|  0%| F|  |TAMS 0x0000000089600000, 0x0000000089600000| Untracked 
| 151|0x0000000089700000, 0x0000000089700000, 0x0000000089800000|  0%| F|  |TAMS 0x0000000089700000, 0x0000000089700000| Untracked 
| 152|0x0000000089800000, 0x0000000089800000, 0x0000000089900000|  0%| F|  |TAMS 0x0000000089800000, 0x0000000089800000| Untracked 
| 153|0x0000000089900000, 0x0000000089900000, 0x0000000089a00000|  0%| F|  |TAMS 0x0000000089900000, 0x0000000089900000| Untracked 

Card table byte_map: [0x00000177ff710000,0x00000177ffb10000] _byte_map_base: 0x00000177ff310000

Marking Bits (Prev, Next): (CMBitMap*) 0x00000177f607ddb8, (CMBitMap*) 0x00000177f607ddf0
 Prev Bits: [0x000001778f000000, 0x0000017791000000)
 Next Bits: [0x0000017791000000, 0x0000017793000000)

Polling page: 0x00000177f5e00000

Metaspace:

Usage:
  Non-class:     39.61 MB capacity,    39.02 MB ( 99%) used,   474.16 KB (  1%) free+waste,   125.56 KB ( <1%) overhead. 
      Class:      5.57 MB capacity,     5.15 MB ( 92%) used,   375.41 KB (  7%) free+waste,    58.63 KB (  1%) overhead. 
       Both:     45.18 MB capacity,    44.17 MB ( 98%) used,   849.57 KB (  2%) free+waste,   184.19 KB ( <1%) overhead. 

Virtual space:
  Non-class space:       40.00 MB reserved,      39.75 MB (>99%) committed 
      Class space:        1.00 GB reserved,       5.63 MB ( <1%) committed 
             Both:        1.04 GB reserved,      45.38 MB (  4%) committed 

Chunk freelists:
   Non-Class:  2.50 KB
       Class:  3.00 KB
        Both:  5.50 KB

CodeHeap 'non-profiled nmethods': size=120064Kb used=2303Kb max_used=2303Kb free=117761Kb
 bounds [0x0000017787ac0000, 0x0000017787d30000, 0x000001778f000000]
CodeHeap 'profiled nmethods': size=120000Kb used=10992Kb max_used=10992Kb free=109007Kb
 bounds [0x0000017780590000, 0x0000017781050000, 0x0000017787ac0000]
CodeHeap 'non-nmethods': size=5696Kb used=1178Kb max_used=1225Kb free=4517Kb
 bounds [0x0000017780000000, 0x0000017780270000, 0x0000017780590000]
 total_blobs=5401 nmethods=4890 adapters=422
 compilation: enabled
              stopped_count=0, restarted_count=0
 full_count=0

Compilation events (10 events):
Event: 12.610 Thread 0x000001779541b000 4960       2       org.springframework.core.ResolvableType::isAssignableFrom (10 bytes)
Event: 12.610 Thread 0x000001779541b000 nmethod 4960 0x0000017781049c90 code [0x0000017781049e40, 0x0000017781049ff8]
Event: 12.610 Thread 0x000001779541b000 4961       2       org.springframework.context.event.GenericApplicationListenerAdapter::supportsEventType (65 bytes)
Event: 12.610 Thread 0x000001779541b000 nmethod 4961 0x000001778104a110 code [0x000001778104a2c0, 0x000001778104a538]
Event: 12.610 Thread 0x000001779541b000 4962       2       org.springframework.core.annotation.AnnotationAwareOrderComparator::findOrder (135 bytes)
Event: 12.612 Thread 0x000001779541b000 nmethod 4962 0x000001778104a690 code [0x000001778104a980, 0x000001778104b668]
Event: 12.618 Thread 0x000001779541b000 4963       1       java.net.InetAddress::holder (5 bytes)
Event: 12.618 Thread 0x000001779541b000 nmethod 4963 0x0000017787cfef10 code [0x0000017787cff0a0, 0x0000017787cff158]
Event: 12.624 Thread 0x000001779541b000 4965       2       java.nio.ByteBuffer::array (35 bytes)
Event: 12.625 Thread 0x000001779541b000 nmethod 4965 0x000001778104bd10 code [0x000001778104bec0, 0x000001778104c0d8]

GC Heap History (10 events):
Event: 2.542 GC heap after
{Heap after GC invocations=4 (full 0):
 garbage-first heap   total 131072K, used 6310K [0x0000000080000000, 0x0000000100000000)
  region size 1024K, 2 young (2048K), 2 survivors (2048K)
 Metaspace       used 16807K, capacity 17133K, committed 17408K, reserved 1064960K
  class space    used 1824K, capacity 1974K, committed 2048K, reserved 1048576K
}
Event: 3.070 GC heap before
{Heap before GC invocations=4 (full 0):
 garbage-first heap   total 131072K, used 27814K [0x0000000080000000, 0x0000000100000000)
  region size 1024K, 24 young (24576K), 2 survivors (2048K)
 Metaspace       used 20864K, capacity 21236K, committed 21248K, reserved 1069056K
  class space    used 2392K, capacity 2560K, committed 2560K, reserved 1048576K
}
Event: 3.080 GC heap after
{Heap after GC invocations=5 (full 0):
 garbage-first heap   total 157696K, used 7074K [0x0000000080000000, 0x0000000100000000)
  region size 1024K, 3 young (3072K), 3 survivors (3072K)
 Metaspace       used 20864K, capacity 21236K, committed 21248K, reserved 1069056K
  class space    used 2392K, capacity 2560K, committed 2560K, reserved 1048576K
}
Event: 4.176 GC heap before
{Heap before GC invocations=6 (full 0):
 garbage-first heap   total 157696K, used 38818K [0x0000000080000000, 0x0000000100000000)
  region size 1024K, 35 young (35840K), 3 survivors (3072K)
 Metaspace       used 27981K, capacity 28525K, committed 28544K, reserved 1075200K
  class space    used 3245K, capacity 3443K, committed 3456K, reserved 1048576K
}
Event: 4.188 GC heap after
{Heap after GC invocations=7 (full 0):
 garbage-first heap   total 157696K, used 8446K [0x0000000080000000, 0x0000000100000000)
  region size 1024K, 4 young (4096K), 4 survivors (4096K)
 Metaspace       used 27981K, capacity 28525K, committed 28544K, reserved 1075200K
  class space    used 3245K, capacity 3443K, committed 3456K, reserved 1048576K
}
Event: 8.321 GC heap before
{Heap before GC invocations=7 (full 0):
 garbage-first heap   total 157696K, used 81150K [0x0000000080000000, 0x0000000100000000)
  region size 1024K, 76 young (77824K), 4 survivors (4096K)
 Metaspace       used 34953K, capacity 35756K, committed 35840K, reserved 1081344K
  class space    used 4082K, capacity 4399K, committed 4480K, reserved 1048576K
}
Event: 8.354 GC heap after
{Heap after GC invocations=8 (full 0):
 garbage-first heap   total 157696K, used 13566K [0x0000000080000000, 0x0000000100000000)
  region size 1024K, 9 young (9216K), 9 survivors (9216K)
 Metaspace       used 34953K, capacity 35756K, committed 35840K, reserved 1081344K
  class space    used 4082K, capacity 4399K, committed 4480K, reserved 1048576K
}
Event: 10.888 GC heap before
{Heap before GC invocations=9 (full 0):
 garbage-first heap   total 157696K, used 95486K [0x0000000080000000, 0x0000000100000000)
  region size 1024K, 89 young (91136K), 9 survivors (9216K)
 Metaspace       used 41985K, capacity 42952K, committed 43264K, reserved 1087488K
  class space    used 4888K, capacity 5279K, committed 5376K, reserved 1048576K
}
Event: 10.938 GC heap after
{Heap after GC invocations=10 (full 0):
 garbage-first heap   total 157696K, used 17826K [0x0000000080000000, 0x0000000100000000)
  region size 1024K, 10 young (10240K), 10 survivors (10240K)
 Metaspace       used 41985K, capacity 42952K, committed 43264K, reserved 1087488K
  class space    used 4888K, capacity 5279K, committed 5376K, reserved 1048576K
}
Event: 12.646 GC heap before
{Heap before GC invocations=10 (full 0):
 garbage-first heap   total 157696K, used 101794K [0x0000000080000000, 0x0000000100000000)
  region size 1024K, 92 young (94208K), 10 survivors (10240K)
 Metaspace       used 45226K, capacity 46260K, committed 46464K, reserved 1089536K
  class space    used 5269K, capacity 5704K, committed 5760K, reserved 1048576K
}

Deoptimization events (10 events):
Event: 11.931 Thread 0x00000177f6042000 Uncommon trap: reason=class_check action=maybe_recompile pc=0x0000017787cc9a2c method=java.net.URLStreamHandler.parseURL(Ljava/net/URL;Ljava/lang/String;II)V @ 1197 c2
Event: 11.934 Thread 0x00000177f6042000 Uncommon trap: reason=class_check action=maybe_recompile pc=0x0000017787cc9a2c method=java.net.URLStreamHandler.parseURL(Ljava/net/URL;Ljava/lang/String;II)V @ 1197 c2
Event: 12.117 Thread 0x00000177f6042000 Uncommon trap: reason=class_check action=maybe_recompile pc=0x0000017787cd5988 method=org.springframework.core.annotation.AnnotationUtils.getDeclaredAnnotations(Ljava/lang/reflect/AnnotatedElement;)[Ljava/lang/annotation/Annotation; @ 33 c2
Event: 12.192 Thread 0x00000177f6042000 Uncommon trap: reason=unstable_if action=reinterpret pc=0x0000017787c8863c method=java.net.URI.match(CJJ)Z @ 45 c2
Event: 12.227 Thread 0x00000177f6042000 Uncommon trap: reason=class_check action=maybe_recompile pc=0x0000017787cc9a2c method=java.net.URLStreamHandler.parseURL(Ljava/net/URL;Ljava/lang/String;II)V @ 1197 c2
Event: 12.228 Thread 0x00000177f6042000 Uncommon trap: reason=class_check action=maybe_recompile pc=0x0000017787cc9a2c method=java.net.URLStreamHandler.parseURL(Ljava/net/URL;Ljava/lang/String;II)V @ 1197 c2
Event: 12.477 Thread 0x00000177f6042000 Uncommon trap: reason=null_check action=make_not_entrant pc=0x0000017787cdfa54 method=org.springframework.util.ClassUtils.isAssignable(Ljava/lang/Class;Ljava/lang/Class;)Z @ 14 c2
Event: 12.481 Thread 0x00000177f6042000 Uncommon trap: reason=class_check action=maybe_recompile pc=0x0000017787ac97dc method=java.lang.String.equals(Ljava/lang/Object;)Z @ 8 c2
Event: 12.482 Thread 0x00000177f6042000 Uncommon trap: reason=class_check action=maybe_recompile pc=0x0000017787ac97dc method=java.lang.String.equals(Ljava/lang/Object;)Z @ 8 c2
Event: 12.482 Thread 0x00000177f6042000 Uncommon trap: reason=class_check action=maybe_recompile pc=0x0000017787ac97dc method=java.lang.String.equals(Ljava/lang/Object;)Z @ 8 c2

Classes redefined (0 events):
No events

Internal exceptions (10 events):
Event: 12.559 Thread 0x00000177f6042000 Exception <a 'java/lang/ClassNotFoundException'{0x00000000849c9d38}: java/lang/ObjectCustomizer> (0x00000000849c9d38) thrown at [./open/src/hotspot/share/classfile/systemDictionary.cpp, line 226]
Event: 12.560 Thread 0x00000177f6042000 Exception <a 'java/lang/ClassNotFoundException'{0x00000000849da190}: org/springframework/cloud/context/properties/ConfigurationPropertiesRebinderCustomizer> (0x00000000849da190) thrown at [./open/src/hotspot/share/classfile/systemDictionary.cpp, line 226]
Event: 12.561 Thread 0x00000177f6042000 Exception <a 'java/lang/ClassNotFoundException'{0x00000000849eec78}: org/springframework/context/ApplicationContextAwareCustomizer> (0x00000000849eec78) thrown at [./open/src/hotspot/share/classfile/systemDictionary.cpp, line 226]
Event: 12.562 Thread 0x00000177f6042000 Exception <a 'java/lang/ClassNotFoundException'{0x00000000849f9c00}: org/springframework/beans/factory/AwareCustomizer> (0x00000000849f9c00) thrown at [./open/src/hotspot/share/classfile/systemDictionary.cpp, line 226]
Event: 12.562 Thread 0x00000177f6042000 Exception <a 'java/lang/ClassNotFoundException'{0x0000000084804858}: org/springframework/context/ApplicationListenerCustomizer> (0x0000000084804858) thrown at [./open/src/hotspot/share/classfile/systemDictionary.cpp, line 226]
Event: 12.563 Thread 0x00000177f6042000 Exception <a 'java/lang/ClassNotFoundException'{0x0000000084806030}: java/util/EventListenerCustomizer> (0x0000000084806030) thrown at [./open/src/hotspot/share/classfile/systemDictionary.cpp, line 226]
Event: 12.565 Thread 0x00000177f6042000 Exception <a 'java/lang/ClassNotFoundException'{0x000000008480cd00}: java/lang/ObjectCustomizer> (0x000000008480cd00) thrown at [./open/src/hotspot/share/classfile/systemDictionary.cpp, line 226]
Event: 12.566 Thread 0x00000177f6042000 Exception <a 'java/lang/ClassNotFoundException'{0x000000008481bae8}: org/springframework/jmx/export/metadata/AbstractJmxAttributeCustomizer> (0x000000008481bae8) thrown at [./open/src/hotspot/share/classfile/systemDictionary.cpp, line 226]
Event: 12.567 Thread 0x00000177f6042000 Exception <a 'java/lang/ClassNotFoundException'{0x000000008482a098}: org/springframework/jmx/export/metadata/ManagedAttributeCustomizer> (0x000000008482a098) thrown at [./open/src/hotspot/share/classfile/systemDictionary.cpp, line 226]
Event: 12.618 Thread 0x00000177f6042000 Exception <a 'java/net/BindException'{0x00000000848eccd0}: Address already in use: bind> (0x00000000848eccd0) thrown at [./open/src/hotspot/share/prims/jni.cpp, line 632]

Events (10 events):
Event: 12.627 loading class sun/nio/ch/ExtendedSocketOption$1 done
Event: 12.628 loading class sun/nio/ch/SocketOptionRegistry
Event: 12.628 loading class sun/nio/ch/SocketOptionRegistry done
Event: 12.628 loading class sun/nio/ch/SocketOptionRegistry$RegistryKey
Event: 12.628 loading class sun/nio/ch/SocketOptionRegistry$RegistryKey done
Event: 12.628 loading class sun/nio/ch/SocketOptionRegistry$LazyInitialization
Event: 12.629 loading class sun/nio/ch/SocketOptionRegistry$LazyInitialization done
Event: 12.629 loading class sun/nio/ch/OptionKey
Event: 12.629 loading class sun/nio/ch/OptionKey done
Event: 12.630 Executing VM operation: G1CollectForAllocation


Dynamic libraries:
0x00007ff760ae0000 - 0x00007ff760aef000 	C:\Program Files\Java\jdk-11.0.15\bin\java.exe
0x00007ffc25310000 - 0x00007ffc25508000 	C:\Windows\SYSTEM32\ntdll.dll
0x00007ffc241e0000 - 0x00007ffc2429d000 	C:\Windows\System32\KERNEL32.DLL
0x00007ffc230a0000 - 0x00007ffc2336e000 	C:\Windows\System32\KERNELBASE.dll
0x00007ffc22e10000 - 0x00007ffc22f10000 	C:\Windows\System32\ucrtbase.dll
0x00007ffc16250000 - 0x00007ffc16268000 	C:\Program Files\Java\jdk-11.0.15\bin\jli.dll
0x00007ffc23420000 - 0x00007ffc234ce000 	C:\Windows\System32\ADVAPI32.dll
0x00007ffc24580000 - 0x00007ffc2461e000 	C:\Windows\System32\msvcrt.dll
0x00007ffc23f40000 - 0x00007ffc23fdc000 	C:\Windows\System32\sechost.dll
0x00007ffc240b0000 - 0x00007ffc241d5000 	C:\Windows\System32\RPCRT4.dll
0x00007ffc24b80000 - 0x00007ffc24d20000 	C:\Windows\System32\USER32.dll
0x00007ffc22f10000 - 0x00007ffc22f32000 	C:\Windows\System32\win32u.dll
0x00007ffc24540000 - 0x00007ffc2456a000 	C:\Windows\System32\GDI32.dll
0x00007ffc22c50000 - 0x00007ffc22d5b000 	C:\Windows\System32\gdi32full.dll
0x00007ffc22fd0000 - 0x00007ffc2306d000 	C:\Windows\System32\msvcp_win.dll
0x00007ffc16230000 - 0x00007ffc16245000 	C:\Program Files\Java\jdk-11.0.15\bin\VCRUNTIME140.dll
0x00007ffc0ee20000 - 0x00007ffc0f0ba000 	C:\Windows\WinSxS\amd64_microsoft.windows.common-controls_6595b64144ccf1df_6.0.19041.1110_none_60b5254171f9507e\COMCTL32.dll
0x00007ffc1aa90000 - 0x00007ffc1aa9a000 	C:\Windows\SYSTEM32\VERSION.dll
0x00007ffc23550000 - 0x00007ffc23580000 	C:\Windows\System32\IMM32.DLL
0x00007ffc0ed80000 - 0x00007ffc0ee1b000 	C:\Program Files\Java\jdk-11.0.15\bin\msvcp140.dll
0x00007ffc0e260000 - 0x00007ffc0ed76000 	C:\Program Files\Java\jdk-11.0.15\bin\server\jvm.dll
0x00007ffc24700000 - 0x00007ffc24708000 	C:\Windows\System32\PSAPI.DLL
0x00007ffc16220000 - 0x00007ffc16229000 	C:\Windows\SYSTEM32\WSOCK32.dll
0x00007ffc244d0000 - 0x00007ffc2453b000 	C:\Windows\System32\WS2_32.dll
0x00007ffc16310000 - 0x00007ffc16337000 	C:\Windows\SYSTEM32\WINMM.dll
0x00007ffc20910000 - 0x00007ffc20922000 	C:\Windows\SYSTEM32\kernel.appcore.dll
0x00007ffc11650000 - 0x00007ffc11660000 	C:\Program Files\Java\jdk-11.0.15\bin\verify.dll
0x00007ffc16410000 - 0x00007ffc165f4000 	C:\Windows\SYSTEM32\DBGHELP.DLL
0x00007ffc16040000 - 0x00007ffc1606c000 	C:\Windows\SYSTEM32\dbgcore.DLL
0x00007ffc22f40000 - 0x00007ffc22fc2000 	C:\Windows\System32\bcryptPrimitives.dll
0x00007ffc0e0a0000 - 0x00007ffc0e0c8000 	C:\Program Files\Java\jdk-11.0.15\bin\java.dll
0x00007ffc0e090000 - 0x00007ffc0e09a000 	C:\Program Files\Java\jdk-11.0.15\bin\jimage.dll
0x00007ffc09f40000 - 0x00007ffc09f4e000 	C:\Program Files\Java\jdk-11.0.15\bin\instrument.dll
0x00007ffc0e070000 - 0x00007ffc0e086000 	C:\Program Files\Java\jdk-11.0.15\bin\zip.dll
0x00007ffc23580000 - 0x00007ffc23cc4000 	C:\Windows\System32\SHELL32.dll
0x00007ffc20b10000 - 0x00007ffc212a4000 	C:\Windows\SYSTEM32\windows.storage.dll
0x00007ffc24f70000 - 0x00007ffc252c4000 	C:\Windows\System32\combase.dll
0x00007ffc222e0000 - 0x00007ffc22310000 	C:\Windows\SYSTEM32\Wldp.dll
0x00007ffc23370000 - 0x00007ffc2341d000 	C:\Windows\System32\SHCORE.dll
0x00007ffc24620000 - 0x00007ffc24675000 	C:\Windows\System32\shlwapi.dll
0x00007ffc22970000 - 0x00007ffc2298f000 	C:\Windows\SYSTEM32\profapi.dll
0x00007ffc0de50000 - 0x00007ffc0de69000 	C:\Program Files\Java\jdk-11.0.15\bin\net.dll
0x00007ffc1a630000 - 0x00007ffc1a73a000 	C:\Windows\SYSTEM32\WINHTTP.dll
0x00007ffc220c0000 - 0x00007ffc2212a000 	C:\Windows\system32\mswsock.dll
0x00007ffc0de30000 - 0x00007ffc0de42000 	C:\Program Files\Java\jdk-11.0.15\bin\nio.dll
0x00007ffc038d0000 - 0x00007ffc038ea000 	C:\Program Files\JetBrains\IntelliJ IDEA Community Edition 2022.2.1\bin\breakgen64.dll
0x00007ffc21dd0000 - 0x00007ffc21e0b000 	C:\Windows\SYSTEM32\IPHLPAPI.DLL
0x00007ffc24570000 - 0x00007ffc24578000 	C:\Windows\System32\NSI.dll
0x00007ffc1b5a0000 - 0x00007ffc1b5b7000 	C:\Windows\SYSTEM32\dhcpcsvc6.DLL
0x00007ffc1b580000 - 0x00007ffc1b59d000 	C:\Windows\SYSTEM32\dhcpcsvc.DLL
0x00007ffc21e10000 - 0x00007ffc21eda000 	C:\Windows\SYSTEM32\DNSAPI.dll
0x00007ffc19ff0000 - 0x00007ffc19ffa000 	C:\Windows\System32\rasadhlp.dll
0x00007ffc1a4e0000 - 0x00007ffc1a560000 	C:\Windows\System32\fwpuclnt.dll
0x00007ffc23070000 - 0x00007ffc23097000 	C:\Windows\System32\bcrypt.dll
0x00007ffc0f250000 - 0x00007ffc0f259000 	C:\Program Files\Java\jdk-11.0.15\bin\management.dll
0x00007ffc0f240000 - 0x00007ffc0f24b000 	C:\Program Files\Java\jdk-11.0.15\bin\management_ext.dll
0x00007ffc11730000 - 0x00007ffc11747000 	C:\Windows\system32\napinsp.dll
0x00007ffc11710000 - 0x00007ffc1172b000 	C:\Windows\system32\pnrpnsp.dll
0x00007ffc116f0000 - 0x00007ffc11705000 	C:\Windows\system32\wshbth.dll
0x00007ffc1e3f0000 - 0x00007ffc1e40d000 	C:\Windows\system32\NLAapi.dll
0x00007ffc116d0000 - 0x00007ffc116e2000 	C:\Windows\System32\winrnr.dll
0x00007ffc22320000 - 0x00007ffc22338000 	C:\Windows\SYSTEM32\CRYPTSP.dll
0x00007ffc21a60000 - 0x00007ffc21a94000 	C:\Windows\system32\rsaenh.dll
0x00007ffc22930000 - 0x00007ffc2295e000 	C:\Windows\SYSTEM32\USERENV.dll
0x00007ffc22250000 - 0x00007ffc2225c000 	C:\Windows\SYSTEM32\CRYPTBASE.dll

dbghelp: loaded successfully - version: 4.0.5 - missing functions: none
symbol engine: initialized successfully - sym options: 0x614 - pdb path: .;C:\Program Files\Java\jdk-11.0.15\bin;C:\Windows\SYSTEM32;C:\Windows\WinSxS\amd64_microsoft.windows.common-controls_6595b64144ccf1df_6.0.19041.1110_none_60b5254171f9507e;C:\Program Files\Java\jdk-11.0.15\bin\server;C:\Program Files\JetBrains\IntelliJ IDEA Community Edition 2022.2.1\bin

VM Arguments:
jvm_args: -javaagent:C:\Program Files\JetBrains\IntelliJ IDEA Community Edition 2022.2.1\lib\idea_rt.jar=58492:C:\Program Files\JetBrains\IntelliJ IDEA Community Edition 2022.2.1\bin -Dfile.encoding=UTF-8 
java_command: com.training.Microservice4Application
java_class_path (initial): C:\Users\sfjbs\Downloads\cloud-sleuth-main\cloud-sleuth-main\microservice4\target\classes;C:\Users\sfjbs\.m2\repository\org\springframework\cloud\spring-cloud-starter-sleuth\2.1.2.RELEASE\spring-cloud-starter-sleuth-2.1.2.RELEASE.jar;C:\Users\sfjbs\.m2\repository\org\springframework\cloud\spring-cloud-starter\2.1.2.RELEASE\spring-cloud-starter-2.1.2.RELEASE.jar;C:\Users\sfjbs\.m2\repository\org\springframework\cloud\spring-cloud-context\2.1.2.RELEASE\spring-cloud-context-2.1.2.RELEASE.jar;C:\Users\sfjbs\.m2\repository\org\springframework\security\spring-security-crypto\5.1.6.RELEASE\spring-security-crypto-5.1.6.RELEASE.jar;C:\Users\sfjbs\.m2\repository\org\springframework\cloud\spring-cloud-commons\2.1.2.RELEASE\spring-cloud-commons-2.1.2.RELEASE.jar;C:\Users\sfjbs\.m2\repository\org\springframework\security\spring-security-rsa\1.0.7.RELEASE\spring-security-rsa-1.0.7.RELEASE.jar;C:\Users\sfjbs\.m2\repository\org\bouncycastle\bcpkix-jdk15on\1.60\bcpkix-jdk15on-1.60.jar;C:\Users\sfjbs\.m2\repository\org\bouncycastle\bcprov-jdk15on\1.60\bcprov-jdk15on-1.60.jar;C:\Users\sfjbs\.m2\repository\org\springframework\boot\spring-boot-starter-aop\2.1.7.RELEASE\spring-boot-starter-aop-2.1.7.RELEASE.jar;C:\Users\sfjbs\.m2\repository\org\springframework\spring-aop\5.1.9.RELEASE\spring-aop-5.1.9.RELEASE.jar;C:\Users\sfjbs\.m2\repository\org\aspectj\aspectjweaver\1.9.4\aspectjweaver-1.9.4.jar;C:\Users\sfjbs\.m2\repository\org\springframework\cloud\spring-cloud-sleuth-core\2.1.2.RELEASE\spring-cloud-sleuth-core-2.1.2.RELEASE.jar;C:\Users\sfjbs\.m2\repository\org\springframework\spring-context\5.1.9.RELEASE\spring-context-5.1.9.RELEASE.jar;C:\Users\sfjbs\.m2\repository\org\aspectj\aspectjrt\1.9.4\aspectjrt-1.9.4.jar;C:\Users\sfjbs\.m2\repository\io\zipkin\brave\brave\5.6.5\brave-5.6.5.jar;C:\Users\sfjbs\.m2\repository\io\zipkin\brave\brave-context-log4j2\5.6.5\brave-context-log4j2-5.6.5.jar;C:\Users\sfjbs\.m2\repository\io\zipkin\brave\brave-instrumentatio
Launcher Type: SUN_STANDARD

[Global flags]
     intx CICompilerCount                          = 2                                         {product} {ergonomic}
     uint ConcGCThreads                            = 1                                         {product} {ergonomic}
     uint G1ConcRefinementThreads                  = 2                                         {product} {ergonomic}
   size_t G1HeapRegionSize                         = 1048576                                   {product} {ergonomic}
    uintx GCDrainStackTargetSize                   = 64                                        {product} {ergonomic}
   size_t InitialHeapSize                          = 134217728                                 {product} {ergonomic}
   size_t MarkStackSize                            = 4194304                                   {product} {ergonomic}
   size_t MaxHeapSize                              = 2147483648                                {product} {ergonomic}
   size_t MaxNewSize                               = 1287651328                                {product} {ergonomic}
   size_t MinHeapDeltaBytes                        = 1048576                                   {product} {ergonomic}
    uintx NonNMethodCodeHeapSize                   = 5825164                                {pd product} {ergonomic}
    uintx NonProfiledCodeHeapSize                  = 122916538                              {pd product} {ergonomic}
    uintx ProfiledCodeHeapSize                     = 122916538                              {pd product} {ergonomic}
    uintx ReservedCodeCacheSize                    = 251658240                              {pd product} {ergonomic}
     bool SegmentedCodeCache                       = true                                      {product} {ergonomic}
     bool UseCompressedClassPointers               = true                                 {lp64_product} {ergonomic}
     bool UseCompressedOops                        = true                                 {lp64_product} {ergonomic}
     bool UseG1GC                                  = true                                      {product} {ergonomic}
     bool UseLargePagesIndividualAllocation        = false                                  {pd product} {ergonomic}

Logging:
Log output configuration:
 #0: stdout all=warning uptime,level,tags
 #1: stderr all=off uptime,level,tags

Environment Variables:
PATH=C:\Program Files\Common Files\Oracle\Java\javapath;C:\Windows\system32;C:\Windows;C:\Windows\System32\Wbem;C:\Windows\System32\WindowsPowerShell\v1.0\;C:\Windows\System32\OpenSSH\;C:\Program Files\PuTTY\;C:\Program Files\Git\cmd;C:\Program Files\Docker\Docker\resources\bin;C:\ProgramData\DockerDesktop\version-bin;C:\Users\sfjbs\Downloads\apache-maven-3.8.6-bin\apache-maven-3.8.6\bin;C:\Users\sfjbs\Downloads\apache-maven-3.8.6-bin\apache-maven-3.8.6\lib;C:\Users\sfjbs\AppData\Local\Microsoft\WindowsApps;C:\Program Files\JetBrains\IntelliJ IDEA Community Edition 2022.2.1\bin;;C:\Users\sfjbs\Downloads\apache-maven-3.8.6-bin\apache-maven-3.8.6\bin;C:\Users\sfjbs\Downloads\apache-maven-3.8.6-bin\apache-maven-3.8.6\lib;
USERNAME=sfjbs
OS=Windows_NT
PROCESSOR_IDENTIFIER=Intel64 Family 6 Model 85 Stepping 7, GenuineIntel



---------------  S Y S T E M  ---------------

OS: Windows 10 , 64 bit Build 19041 (10.0.19041.1889)
Hyper-V role detected

CPU:total 2 (initial active 2) (1 cores per cpu, 2 threads per core) family 6 model 85 stepping 7 microcode 0xffffffff, cmov, cx8, fxsr, mmx, sse, sse2, sse3, ssse3, sse4.1, sse4.2, popcnt, avx, avx2, aes, clmul, erms, rtm, 3dnowpref, lzcnt, ht, tsc, bmi1, bmi2, adx, evex, fma

Memory: 4k page, system-wide physical 8190M (1413M free)
TotalPageFile size 10238M (AvailPageFile size 15M)
current process WorkingSet (physical memory assigned to process): 242M, peak: 242M
current process commit charge ("private bytes"): 312M, peak: 345M

vm_info: Java HotSpot(TM) 64-Bit Server VM (11.0.15+8-LTS-149) for windows-amd64 JRE (11.0.15+8-LTS-149), built on Mar  9 2022 22:42:32 by "mach5one" with MS VC++ 15.9 (VS2017)

END.
